2024-04-14 22:01:21.185,INFO,FileController.js,isFileWithinLast3Days,271,isFileWithinLast3DaysIN
2024-04-14 22:01:21.187,INFO,FileController.js,isFileWithinLast3Days,289,isFileWithinLast3DaysOUT
2024-04-14 22:01:21.187,INFO,FileController.js,isFileWithinLast3Days,271,isFileWithinLast3DaysIN
2024-04-14 22:01:21.188,INFO,FileController.js,isFileWithinLast3Days,289,isFileWithinLast3DaysOUT
2024-04-14 22:01:21.188,INFO,FileController.js,isFileWithinLast3Days,271,isFileWithinLast3DaysIN
2024-04-14 22:01:21.188,INFO,FileController.js,isFileWithinLast3Days,289,isFileWithinLast3DaysOUT
2024-04-14 22:01:21.188,INFO,FileController.js,deleteFilesOlderThan3Days,380,deleteFilesOlderThan3DaysIN
2024-04-14 22:01:21.190,INFO,FileController.js,isFileWithinLast3Days,271,isFileWithinLast3DaysIN
2024-04-14 22:01:21.191,INFO,FileController.js,isFileWithinLast3Days,289,isFileWithinLast3DaysOUT
2024-04-14 22:01:21.191,INFO,FileController.js,deleteFilesOlderThan3Days,396,deleteFilesOlderThan3DaysOUT
2024-04-14 22:01:21.191,INFO,FileController.js,deleteFilesOlderThan3Days,380,deleteFilesOlderThan3DaysIN
2024-04-14 22:01:21.193,INFO,FileController.js,isFileWithinLast3Days,271,isFileWithinLast3DaysIN
2024-04-14 22:01:21.194,INFO,FileController.js,isFileWithinLast3Days,289,isFileWithinLast3DaysOUT
2024-04-14 22:01:21.194,INFO,FileController.js,deleteFilesOlderThan3Days,396,deleteFilesOlderThan3DaysOUT
2024-04-14 22:01:21.194,INFO,FileController.js,deleteFilesOlderThan3Days,380,deleteFilesOlderThan3DaysIN
2024-04-14 22:01:21.196,INFO,FileController.js,isFileWithinLast3Days,271,isFileWithinLast3DaysIN
2024-04-14 22:01:21.196,INFO,FileController.js,isFileWithinLast3Days,289,isFileWithinLast3DaysOUT
2024-04-14 22:01:21.197,INFO,FileController.js,isFileWithinLast3Days,271,isFileWithinLast3DaysIN
2024-04-14 22:01:21.197,INFO,FileController.js,isFileWithinLast3Days,289,isFileWithinLast3DaysOUT
2024-04-14 22:01:21.198,INFO,FileController.js,deleteFilesOlderThan3Days,396,deleteFilesOlderThan3DaysOUT
2024-04-14 22:01:21.198,INFO,FileController.js,deleteFilesOlderThan3Days,380,deleteFilesOlderThan3DaysIN
2024-04-14 22:01:21.200,INFO,FileController.js,isFileWithinLast3Days,271,isFileWithinLast3DaysIN
2024-04-14 22:01:21.200,INFO,FileController.js,isFileWithinLast3Days,289,isFileWithinLast3DaysOUT
2024-04-14 22:01:21.200,INFO,FileController.js,deleteFilesOlderThan3Days,396,deleteFilesOlderThan3DaysOUT
2024-04-14 22:01:21.200,INFO,FileController.js,deleteFilesOlderThan3Days,380,deleteFilesOlderThan3DaysIN
2024-04-14 22:01:21.203,INFO,FileController.js,isFileWithinLast3Days,271,isFileWithinLast3DaysIN
2024-04-14 22:01:21.203,INFO,FileController.js,isFileWithinLast3Days,289,isFileWithinLast3DaysOUT
2024-04-14 22:01:21.203,INFO,FileController.js,isFileWithinLast3Days,271,isFileWithinLast3DaysIN
2024-04-14 22:01:21.204,INFO,FileController.js,isFileWithinLast3Days,289,isFileWithinLast3DaysOUT
2024-04-14 22:01:21.204,INFO,FileController.js,deleteFilesOlderThan3Days,396,deleteFilesOlderThan3DaysOUT
2024-04-14 22:01:21.204,INFO,FileController.js,deleteFilesOlderThan3Days,380,deleteFilesOlderThan3DaysIN
2024-04-14 22:01:21.205,INFO,FileController.js,isFileWithinLast3Days,271,isFileWithinLast3DaysIN
2024-04-14 22:01:21.206,INFO,FileController.js,isFileWithinLast3Days,289,isFileWithinLast3DaysOUT
2024-04-14 22:01:21.206,INFO,FileController.js,isFileWithinLast3Days,271,isFileWithinLast3DaysIN
2024-04-14 22:01:21.206,INFO,FileController.js,isFileWithinLast3Days,289,isFileWithinLast3DaysOUT
2024-04-14 22:01:21.206,INFO,FileController.js,deleteFilesOlderThan3Days,396,deleteFilesOlderThan3DaysOUT
2024-04-14 22:01:21.208,INFO,FileController.js,isFileWithinLast3Days,271,isFileWithinLast3DaysIN
2024-04-14 22:01:21.208,INFO,FileController.js,isFileWithinLast3Days,289,isFileWithinLast3DaysOUT
2024-04-14 22:01:21.210,INFO,FileController.js,isFileWithinLast3Days,271,isFileWithinLast3DaysIN
2024-04-14 22:01:21.210,INFO,FileController.js,isFileWithinLast3Days,289,isFileWithinLast3DaysOUT
2024-04-14 22:01:21.212,INFO,FileController.js,isFileWithinLast3Days,271,isFileWithinLast3DaysIN
2024-04-14 22:01:21.212,INFO,FileController.js,isFileWithinLast3Days,289,isFileWithinLast3DaysOUT
2024-04-14 22:01:21.213,INFO,FileController.js,isFileWithinLast3Days,271,isFileWithinLast3DaysIN
2024-04-14 22:01:21.214,INFO,FileController.js,isFileWithinLast3Days,289,isFileWithinLast3DaysOUT
2024-04-14 22:01:21.214,INFO,FileController.js,isFileWithinLast3Days,271,isFileWithinLast3DaysIN
2024-04-14 22:01:21.215,INFO,FileController.js,isFileWithinLast3Days,289,isFileWithinLast3DaysOUT
2024-04-14 22:01:21.215,INFO,FileController.js,isFileWithinLast3Days,271,isFileWithinLast3DaysIN
2024-04-14 22:01:21.215,INFO,FileController.js,isFileWithinLast3Days,289,isFileWithinLast3DaysOUT
2024-04-14 22:01:21.217,INFO,FileController.js,isFileWithinLast3Days,271,isFileWithinLast3DaysIN
2024-04-14 22:01:21.217,INFO,FileController.js,isFileWithinLast3Days,289,isFileWithinLast3DaysOUT
2024-04-14 22:01:21.217,INFO,FileController.js,isFileWithinLast3Days,271,isFileWithinLast3DaysIN
2024-04-14 22:01:21.218,INFO,FileController.js,isFileWithinLast3Days,289,isFileWithinLast3DaysOUT
2024-04-14 22:01:30.197,INFO,FileController.js,isFileWithinLast3Days,271,isFileWithinLast3DaysIN
2024-04-14 22:01:30.198,INFO,FileController.js,isFileWithinLast3Days,289,isFileWithinLast3DaysOUT
2024-04-14 22:01:30.198,INFO,FileController.js,isFileWithinLast3Days,271,isFileWithinLast3DaysIN
2024-04-14 22:01:30.198,INFO,FileController.js,isFileWithinLast3Days,289,isFileWithinLast3DaysOUT
2024-04-14 22:01:30.198,INFO,FileController.js,isFileWithinLast3Days,271,isFileWithinLast3DaysIN
2024-04-14 22:01:30.199,INFO,FileController.js,isFileWithinLast3Days,289,isFileWithinLast3DaysOUT
2024-04-14 22:01:30.199,INFO,FileController.js,isFileWithinLast3Days,271,isFileWithinLast3DaysIN
2024-04-14 22:01:30.199,INFO,FileController.js,isFileWithinLast3Days,289,isFileWithinLast3DaysOUT
2024-04-14 22:01:30.199,INFO,FileController.js,isFileWithinLast3Days,271,isFileWithinLast3DaysIN
2024-04-14 22:01:30.199,INFO,FileController.js,isFileWithinLast3Days,289,isFileWithinLast3DaysOUT
2024-04-14 22:01:30.199,INFO,FileController.js,isFileWithinLast3Days,271,isFileWithinLast3DaysIN
2024-04-14 22:01:30.199,INFO,FileController.js,isFileWithinLast3Days,289,isFileWithinLast3DaysOUT
2024-04-14 22:01:30.199,INFO,FileController.js,deleteFilesOlderThan3Days,380,deleteFilesOlderThan3DaysIN
2024-04-14 22:01:30.200,INFO,FileController.js,isFileWithinLast3Days,271,isFileWithinLast3DaysIN
2024-04-14 22:01:30.201,INFO,FileController.js,isFileWithinLast3Days,289,isFileWithinLast3DaysOUT
2024-04-14 22:01:30.201,INFO,FileController.js,deleteFilesOlderThan3Days,396,deleteFilesOlderThan3DaysOUT
2024-04-14 22:01:30.201,INFO,FileController.js,deleteFilesOlderThan3Days,380,deleteFilesOlderThan3DaysIN
2024-04-14 22:01:30.202,INFO,FileController.js,isFileWithinLast3Days,271,isFileWithinLast3DaysIN
2024-04-14 22:01:30.202,INFO,FileController.js,isFileWithinLast3Days,289,isFileWithinLast3DaysOUT
2024-04-14 22:01:30.202,INFO,FileController.js,deleteFilesOlderThan3Days,396,deleteFilesOlderThan3DaysOUT
2024-04-14 22:01:30.202,INFO,FileController.js,deleteFilesOlderThan3Days,380,deleteFilesOlderThan3DaysIN
2024-04-14 22:01:30.203,INFO,FileController.js,isFileWithinLast3Days,271,isFileWithinLast3DaysIN
2024-04-14 22:01:30.203,INFO,FileController.js,isFileWithinLast3Days,289,isFileWithinLast3DaysOUT
2024-04-14 22:01:30.204,INFO,FileController.js,isFileWithinLast3Days,271,isFileWithinLast3DaysIN
2024-04-14 22:01:30.204,INFO,FileController.js,isFileWithinLast3Days,289,isFileWithinLast3DaysOUT
2024-04-14 22:01:30.204,INFO,FileController.js,deleteFilesOlderThan3Days,396,deleteFilesOlderThan3DaysOUT
2024-04-14 22:01:30.204,INFO,FileController.js,deleteFilesOlderThan3Days,380,deleteFilesOlderThan3DaysIN
2024-04-14 22:01:30.205,INFO,FileController.js,isFileWithinLast3Days,271,isFileWithinLast3DaysIN
2024-04-14 22:01:30.205,INFO,FileController.js,isFileWithinLast3Days,289,isFileWithinLast3DaysOUT
2024-04-14 22:01:30.205,INFO,FileController.js,deleteFilesOlderThan3Days,396,deleteFilesOlderThan3DaysOUT
2024-04-14 22:01:30.205,INFO,FileController.js,deleteFilesOlderThan3Days,380,deleteFilesOlderThan3DaysIN
2024-04-14 22:01:30.206,INFO,FileController.js,isFileWithinLast3Days,271,isFileWithinLast3DaysIN
2024-04-14 22:01:30.206,INFO,FileController.js,isFileWithinLast3Days,289,isFileWithinLast3DaysOUT
2024-04-14 22:01:30.206,INFO,FileController.js,isFileWithinLast3Days,271,isFileWithinLast3DaysIN
2024-04-14 22:01:30.206,INFO,FileController.js,isFileWithinLast3Days,289,isFileWithinLast3DaysOUT
2024-04-14 22:01:30.206,INFO,FileController.js,deleteFilesOlderThan3Days,396,deleteFilesOlderThan3DaysOUT
2024-04-14 22:01:30.206,INFO,FileController.js,deleteFilesOlderThan3Days,380,deleteFilesOlderThan3DaysIN
2024-04-14 22:01:30.207,INFO,FileController.js,isFileWithinLast3Days,271,isFileWithinLast3DaysIN
2024-04-14 22:01:30.207,INFO,FileController.js,isFileWithinLast3Days,289,isFileWithinLast3DaysOUT
2024-04-14 22:01:30.207,INFO,FileController.js,isFileWithinLast3Days,271,isFileWithinLast3DaysIN
2024-04-14 22:01:30.207,INFO,FileController.js,isFileWithinLast3Days,289,isFileWithinLast3DaysOUT
2024-04-14 22:01:30.207,INFO,FileController.js,deleteFilesOlderThan3Days,396,deleteFilesOlderThan3DaysOUT
2024-04-14 22:01:30.208,INFO,FileController.js,isFileWithinLast3Days,271,isFileWithinLast3DaysIN
2024-04-14 22:01:30.208,INFO,FileController.js,isFileWithinLast3Days,289,isFileWithinLast3DaysOUT
2024-04-14 22:01:30.208,INFO,FileController.js,isFileWithinLast3Days,271,isFileWithinLast3DaysIN
2024-04-14 22:01:30.208,INFO,FileController.js,isFileWithinLast3Days,289,isFileWithinLast3DaysOUT
2024-04-14 22:01:30.209,INFO,FileController.js,isFileWithinLast3Days,271,isFileWithinLast3DaysIN
2024-04-14 22:01:30.210,INFO,FileController.js,isFileWithinLast3Days,289,isFileWithinLast3DaysOUT
2024-04-14 22:01:30.210,INFO,FileController.js,isFileWithinLast3Days,271,isFileWithinLast3DaysIN
2024-04-14 22:01:30.211,INFO,FileController.js,isFileWithinLast3Days,289,isFileWithinLast3DaysOUT
2024-04-14 22:01:30.211,INFO,FileController.js,isFileWithinLast3Days,271,isFileWithinLast3DaysIN
2024-04-14 22:01:30.211,INFO,FileController.js,isFileWithinLast3Days,289,isFileWithinLast3DaysOUT
2024-04-14 22:01:30.211,INFO,FileController.js,isFileWithinLast3Days,271,isFileWithinLast3DaysIN
2024-04-14 22:01:30.212,INFO,FileController.js,isFileWithinLast3Days,289,isFileWithinLast3DaysOUT
2024-04-14 22:01:30.212,INFO,FileController.js,isFileWithinLast3Days,271,isFileWithinLast3DaysIN
2024-04-14 22:01:30.212,INFO,FileController.js,isFileWithinLast3Days,289,isFileWithinLast3DaysOUT
2024-04-14 22:01:30.212,INFO,FileController.js,isFileWithinLast3Days,271,isFileWithinLast3DaysIN
2024-04-14 22:01:30.212,INFO,FileController.js,isFileWithinLast3Days,289,isFileWithinLast3DaysOUT
2024-04-14 22:01:39.212,INFO,FileController.js,isFileWithinLast3Days,271,isFileWithinLast3DaysIN
2024-04-14 22:01:39.213,INFO,FileController.js,isFileWithinLast3Days,289,isFileWithinLast3DaysOUT
2024-04-14 22:01:39.213,INFO,FileController.js,isFileWithinLast3Days,271,isFileWithinLast3DaysIN
2024-04-14 22:01:39.214,INFO,FileController.js,isFileWithinLast3Days,289,isFileWithinLast3DaysOUT
2024-04-14 22:01:39.214,INFO,FileController.js,isFileWithinLast3Days,271,isFileWithinLast3DaysIN
2024-04-14 22:01:39.214,INFO,FileController.js,isFileWithinLast3Days,289,isFileWithinLast3DaysOUT
2024-04-14 22:01:39.215,INFO,FileController.js,isFileWithinLast3Days,271,isFileWithinLast3DaysIN
2024-04-14 22:01:39.215,INFO,FileController.js,isFileWithinLast3Days,289,isFileWithinLast3DaysOUT
2024-04-14 22:01:39.215,INFO,FileController.js,isFileWithinLast3Days,271,isFileWithinLast3DaysIN
2024-04-14 22:01:39.216,INFO,FileController.js,isFileWithinLast3Days,289,isFileWithinLast3DaysOUT
2024-04-14 22:01:39.216,INFO,FileController.js,isFileWithinLast3Days,271,isFileWithinLast3DaysIN
2024-04-14 22:01:39.217,INFO,FileController.js,isFileWithinLast3Days,289,isFileWithinLast3DaysOUT
2024-04-14 22:01:39.217,INFO,FileController.js,deleteFilesOlderThan3Days,380,deleteFilesOlderThan3DaysIN
2024-04-14 22:01:39.219,INFO,FileController.js,isFileWithinLast3Days,271,isFileWithinLast3DaysIN
2024-04-14 22:01:39.219,INFO,FileController.js,isFileWithinLast3Days,289,isFileWithinLast3DaysOUT
2024-04-14 22:01:39.219,INFO,FileController.js,deleteFilesOlderThan3Days,396,deleteFilesOlderThan3DaysOUT
2024-04-14 22:01:39.220,INFO,FileController.js,deleteFilesOlderThan3Days,380,deleteFilesOlderThan3DaysIN
2024-04-14 22:01:39.222,INFO,FileController.js,isFileWithinLast3Days,271,isFileWithinLast3DaysIN
2024-04-14 22:01:39.223,INFO,FileController.js,isFileWithinLast3Days,289,isFileWithinLast3DaysOUT
2024-04-14 22:01:39.223,INFO,FileController.js,deleteFilesOlderThan3Days,396,deleteFilesOlderThan3DaysOUT
2024-04-14 22:01:39.223,INFO,FileController.js,deleteFilesOlderThan3Days,380,deleteFilesOlderThan3DaysIN
2024-04-14 22:01:39.225,INFO,FileController.js,isFileWithinLast3Days,271,isFileWithinLast3DaysIN
2024-04-14 22:01:39.226,INFO,FileController.js,isFileWithinLast3Days,289,isFileWithinLast3DaysOUT
2024-04-14 22:01:39.226,INFO,FileController.js,isFileWithinLast3Days,271,isFileWithinLast3DaysIN
2024-04-14 22:01:39.226,INFO,FileController.js,isFileWithinLast3Days,289,isFileWithinLast3DaysOUT
2024-04-14 22:01:39.227,INFO,FileController.js,deleteFilesOlderThan3Days,396,deleteFilesOlderThan3DaysOUT
2024-04-14 22:01:39.227,INFO,FileController.js,deleteFilesOlderThan3Days,380,deleteFilesOlderThan3DaysIN
2024-04-14 22:01:39.228,INFO,FileController.js,isFileWithinLast3Days,271,isFileWithinLast3DaysIN
2024-04-14 22:01:39.229,INFO,FileController.js,isFileWithinLast3Days,289,isFileWithinLast3DaysOUT
2024-04-14 22:01:39.229,INFO,FileController.js,deleteFilesOlderThan3Days,396,deleteFilesOlderThan3DaysOUT
2024-04-14 22:01:39.229,INFO,FileController.js,deleteFilesOlderThan3Days,380,deleteFilesOlderThan3DaysIN
2024-04-14 22:01:39.231,INFO,FileController.js,isFileWithinLast3Days,271,isFileWithinLast3DaysIN
2024-04-14 22:01:39.232,INFO,FileController.js,isFileWithinLast3Days,289,isFileWithinLast3DaysOUT
2024-04-14 22:01:39.232,INFO,FileController.js,isFileWithinLast3Days,271,isFileWithinLast3DaysIN
2024-04-14 22:01:39.232,INFO,FileController.js,isFileWithinLast3Days,289,isFileWithinLast3DaysOUT
2024-04-14 22:01:39.233,INFO,FileController.js,deleteFilesOlderThan3Days,396,deleteFilesOlderThan3DaysOUT
2024-04-14 22:01:39.233,INFO,FileController.js,deleteFilesOlderThan3Days,380,deleteFilesOlderThan3DaysIN
2024-04-14 22:01:39.234,INFO,FileController.js,isFileWithinLast3Days,271,isFileWithinLast3DaysIN
2024-04-14 22:01:39.234,INFO,FileController.js,isFileWithinLast3Days,289,isFileWithinLast3DaysOUT
2024-04-14 22:01:39.234,INFO,FileController.js,isFileWithinLast3Days,271,isFileWithinLast3DaysIN
2024-04-14 22:01:39.235,INFO,FileController.js,isFileWithinLast3Days,289,isFileWithinLast3DaysOUT
2024-04-14 22:01:39.235,INFO,FileController.js,deleteFilesOlderThan3Days,396,deleteFilesOlderThan3DaysOUT
2024-04-14 22:01:39.236,INFO,FileController.js,isFileWithinLast3Days,271,isFileWithinLast3DaysIN
2024-04-14 22:01:39.236,INFO,FileController.js,isFileWithinLast3Days,289,isFileWithinLast3DaysOUT
2024-04-14 22:01:39.237,INFO,FileController.js,isFileWithinLast3Days,271,isFileWithinLast3DaysIN
2024-04-14 22:01:39.237,INFO,FileController.js,isFileWithinLast3Days,289,isFileWithinLast3DaysOUT
2024-04-14 22:01:39.238,INFO,FileController.js,isFileWithinLast3Days,271,isFileWithinLast3DaysIN
2024-04-14 22:01:39.238,INFO,FileController.js,isFileWithinLast3Days,289,isFileWithinLast3DaysOUT
2024-04-14 22:01:39.239,INFO,FileController.js,isFileWithinLast3Days,271,isFileWithinLast3DaysIN
2024-04-14 22:01:39.239,INFO,FileController.js,isFileWithinLast3Days,289,isFileWithinLast3DaysOUT
2024-04-14 22:01:39.240,INFO,FileController.js,isFileWithinLast3Days,271,isFileWithinLast3DaysIN
2024-04-14 22:01:39.241,INFO,FileController.js,isFileWithinLast3Days,289,isFileWithinLast3DaysOUT
2024-04-14 22:01:39.241,INFO,FileController.js,isFileWithinLast3Days,271,isFileWithinLast3DaysIN
2024-04-14 22:01:39.241,INFO,FileController.js,isFileWithinLast3Days,289,isFileWithinLast3DaysOUT
2024-04-14 22:01:39.242,INFO,FileController.js,isFileWithinLast3Days,271,isFileWithinLast3DaysIN
2024-04-14 22:01:39.242,INFO,FileController.js,isFileWithinLast3Days,289,isFileWithinLast3DaysOUT
2024-04-14 22:01:39.242,INFO,FileController.js,isFileWithinLast3Days,271,isFileWithinLast3DaysIN
2024-04-14 22:01:39.243,INFO,FileController.js,isFileWithinLast3Days,289,isFileWithinLast3DaysOUT
2024-04-14 22:01:48.214,INFO,FileController.js,isFileWithinLast3Days,271,isFileWithinLast3DaysIN
2024-04-14 22:01:48.214,INFO,FileController.js,isFileWithinLast3Days,289,isFileWithinLast3DaysOUT
2024-04-14 22:01:48.214,INFO,FileController.js,isFileWithinLast3Days,271,isFileWithinLast3DaysIN
2024-04-14 22:01:48.215,INFO,FileController.js,isFileWithinLast3Days,289,isFileWithinLast3DaysOUT
2024-04-14 22:01:48.215,INFO,FileController.js,isFileWithinLast3Days,271,isFileWithinLast3DaysIN
2024-04-14 22:01:48.215,INFO,FileController.js,isFileWithinLast3Days,289,isFileWithinLast3DaysOUT
2024-04-14 22:01:48.215,INFO,FileController.js,isFileWithinLast3Days,271,isFileWithinLast3DaysIN
2024-04-14 22:01:48.215,INFO,FileController.js,isFileWithinLast3Days,289,isFileWithinLast3DaysOUT
2024-04-14 22:01:48.215,INFO,FileController.js,isFileWithinLast3Days,271,isFileWithinLast3DaysIN
2024-04-14 22:01:48.216,INFO,FileController.js,isFileWithinLast3Days,289,isFileWithinLast3DaysOUT
2024-04-14 22:01:48.216,INFO,FileController.js,isFileWithinLast3Days,271,isFileWithinLast3DaysIN
2024-04-14 22:01:48.216,INFO,FileController.js,isFileWithinLast3Days,289,isFileWithinLast3DaysOUT
2024-04-14 22:01:48.216,INFO,FileController.js,deleteFilesOlderThan3Days,380,deleteFilesOlderThan3DaysIN
2024-04-14 22:01:48.218,INFO,FileController.js,isFileWithinLast3Days,271,isFileWithinLast3DaysIN
2024-04-14 22:01:48.218,INFO,FileController.js,isFileWithinLast3Days,289,isFileWithinLast3DaysOUT
2024-04-14 22:01:48.219,INFO,FileController.js,deleteFilesOlderThan3Days,396,deleteFilesOlderThan3DaysOUT
2024-04-14 22:01:48.219,INFO,FileController.js,deleteFilesOlderThan3Days,380,deleteFilesOlderThan3DaysIN
2024-04-14 22:01:48.221,INFO,FileController.js,isFileWithinLast3Days,271,isFileWithinLast3DaysIN
2024-04-14 22:01:48.222,INFO,FileController.js,isFileWithinLast3Days,289,isFileWithinLast3DaysOUT
2024-04-14 22:01:48.222,INFO,FileController.js,deleteFilesOlderThan3Days,396,deleteFilesOlderThan3DaysOUT
2024-04-14 22:01:48.222,INFO,FileController.js,deleteFilesOlderThan3Days,380,deleteFilesOlderThan3DaysIN
2024-04-14 22:01:48.223,INFO,FileController.js,isFileWithinLast3Days,271,isFileWithinLast3DaysIN
2024-04-14 22:01:48.224,INFO,FileController.js,isFileWithinLast3Days,289,isFileWithinLast3DaysOUT
2024-04-14 22:01:48.224,INFO,FileController.js,isFileWithinLast3Days,271,isFileWithinLast3DaysIN
2024-04-14 22:01:48.224,INFO,FileController.js,isFileWithinLast3Days,289,isFileWithinLast3DaysOUT
2024-04-14 22:01:48.224,INFO,FileController.js,deleteFilesOlderThan3Days,396,deleteFilesOlderThan3DaysOUT
2024-04-14 22:01:48.224,INFO,FileController.js,deleteFilesOlderThan3Days,380,deleteFilesOlderThan3DaysIN
2024-04-14 22:01:48.226,INFO,FileController.js,isFileWithinLast3Days,271,isFileWithinLast3DaysIN
2024-04-14 22:01:48.226,INFO,FileController.js,isFileWithinLast3Days,289,isFileWithinLast3DaysOUT
2024-04-14 22:01:48.226,INFO,FileController.js,deleteFilesOlderThan3Days,396,deleteFilesOlderThan3DaysOUT
2024-04-14 22:01:48.226,INFO,FileController.js,deleteFilesOlderThan3Days,380,deleteFilesOlderThan3DaysIN
2024-04-14 22:01:48.227,INFO,FileController.js,isFileWithinLast3Days,271,isFileWithinLast3DaysIN
2024-04-14 22:01:48.228,INFO,FileController.js,isFileWithinLast3Days,289,isFileWithinLast3DaysOUT
2024-04-14 22:01:48.228,INFO,FileController.js,isFileWithinLast3Days,271,isFileWithinLast3DaysIN
2024-04-14 22:01:48.228,INFO,FileController.js,isFileWithinLast3Days,289,isFileWithinLast3DaysOUT
2024-04-14 22:01:48.228,INFO,FileController.js,deleteFilesOlderThan3Days,396,deleteFilesOlderThan3DaysOUT
2024-04-14 22:01:48.228,INFO,FileController.js,deleteFilesOlderThan3Days,380,deleteFilesOlderThan3DaysIN
2024-04-14 22:01:48.230,INFO,FileController.js,isFileWithinLast3Days,271,isFileWithinLast3DaysIN
2024-04-14 22:01:48.231,INFO,FileController.js,isFileWithinLast3Days,289,isFileWithinLast3DaysOUT
2024-04-14 22:01:48.231,INFO,FileController.js,isFileWithinLast3Days,271,isFileWithinLast3DaysIN
2024-04-14 22:01:48.231,INFO,FileController.js,isFileWithinLast3Days,289,isFileWithinLast3DaysOUT
2024-04-14 22:01:48.231,INFO,FileController.js,deleteFilesOlderThan3Days,396,deleteFilesOlderThan3DaysOUT
2024-04-14 22:01:48.232,INFO,FileController.js,isFileWithinLast3Days,271,isFileWithinLast3DaysIN
2024-04-14 22:01:48.233,INFO,FileController.js,isFileWithinLast3Days,289,isFileWithinLast3DaysOUT
2024-04-14 22:01:48.234,INFO,FileController.js,isFileWithinLast3Days,271,isFileWithinLast3DaysIN
2024-04-14 22:01:48.234,INFO,FileController.js,isFileWithinLast3Days,289,isFileWithinLast3DaysOUT
2024-04-14 22:01:48.235,INFO,FileController.js,isFileWithinLast3Days,271,isFileWithinLast3DaysIN
2024-04-14 22:01:48.235,INFO,FileController.js,isFileWithinLast3Days,289,isFileWithinLast3DaysOUT
2024-04-14 22:01:48.237,INFO,FileController.js,isFileWithinLast3Days,271,isFileWithinLast3DaysIN
2024-04-14 22:01:48.237,INFO,FileController.js,isFileWithinLast3Days,289,isFileWithinLast3DaysOUT
2024-04-14 22:01:48.238,INFO,FileController.js,isFileWithinLast3Days,271,isFileWithinLast3DaysIN
2024-04-14 22:01:48.239,INFO,FileController.js,isFileWithinLast3Days,289,isFileWithinLast3DaysOUT
2024-04-14 22:01:48.239,INFO,FileController.js,isFileWithinLast3Days,271,isFileWithinLast3DaysIN
2024-04-14 22:01:48.239,INFO,FileController.js,isFileWithinLast3Days,289,isFileWithinLast3DaysOUT
2024-04-14 22:01:48.241,INFO,FileController.js,isFileWithinLast3Days,271,isFileWithinLast3DaysIN
2024-04-14 22:01:48.241,INFO,FileController.js,isFileWithinLast3Days,289,isFileWithinLast3DaysOUT
2024-04-14 22:01:48.242,INFO,FileController.js,isFileWithinLast3Days,271,isFileWithinLast3DaysIN
2024-04-14 22:01:48.242,INFO,FileController.js,isFileWithinLast3Days,289,isFileWithinLast3DaysOUT
2024-04-14 22:01:57.230,INFO,FileController.js,isFileWithinLast3Days,271,isFileWithinLast3DaysIN
2024-04-14 22:01:57.238,INFO,FileController.js,isFileWithinLast3Days,289,isFileWithinLast3DaysOUT
2024-04-14 22:01:57.238,INFO,FileController.js,isFileWithinLast3Days,271,isFileWithinLast3DaysIN
2024-04-14 22:01:57.238,INFO,FileController.js,isFileWithinLast3Days,289,isFileWithinLast3DaysOUT
2024-04-14 22:01:57.238,INFO,FileController.js,isFileWithinLast3Days,271,isFileWithinLast3DaysIN
2024-04-14 22:01:57.239,INFO,FileController.js,isFileWithinLast3Days,289,isFileWithinLast3DaysOUT
2024-04-14 22:01:57.239,INFO,FileController.js,isFileWithinLast3Days,271,isFileWithinLast3DaysIN
2024-04-14 22:01:57.239,INFO,FileController.js,isFileWithinLast3Days,289,isFileWithinLast3DaysOUT
2024-04-14 22:01:57.239,INFO,FileController.js,isFileWithinLast3Days,271,isFileWithinLast3DaysIN
2024-04-14 22:01:57.240,INFO,FileController.js,isFileWithinLast3Days,289,isFileWithinLast3DaysOUT
2024-04-14 22:01:57.240,INFO,FileController.js,isFileWithinLast3Days,271,isFileWithinLast3DaysIN
2024-04-14 22:01:57.240,INFO,FileController.js,isFileWithinLast3Days,289,isFileWithinLast3DaysOUT
2024-04-14 22:01:57.240,INFO,FileController.js,deleteFilesOlderThan3Days,380,deleteFilesOlderThan3DaysIN
2024-04-14 22:01:57.242,INFO,FileController.js,isFileWithinLast3Days,271,isFileWithinLast3DaysIN
2024-04-14 22:01:57.242,INFO,FileController.js,isFileWithinLast3Days,289,isFileWithinLast3DaysOUT
2024-04-14 22:01:57.242,INFO,FileController.js,deleteFilesOlderThan3Days,396,deleteFilesOlderThan3DaysOUT
2024-04-14 22:01:57.242,INFO,FileController.js,deleteFilesOlderThan3Days,380,deleteFilesOlderThan3DaysIN
2024-04-14 22:01:57.243,INFO,FileController.js,isFileWithinLast3Days,271,isFileWithinLast3DaysIN
2024-04-14 22:01:57.243,INFO,FileController.js,isFileWithinLast3Days,289,isFileWithinLast3DaysOUT
2024-04-14 22:01:57.243,INFO,FileController.js,deleteFilesOlderThan3Days,396,deleteFilesOlderThan3DaysOUT
2024-04-14 22:01:57.243,INFO,FileController.js,deleteFilesOlderThan3Days,380,deleteFilesOlderThan3DaysIN
2024-04-14 22:01:57.244,INFO,FileController.js,isFileWithinLast3Days,271,isFileWithinLast3DaysIN
2024-04-14 22:01:57.245,INFO,FileController.js,isFileWithinLast3Days,289,isFileWithinLast3DaysOUT
2024-04-14 22:01:57.245,INFO,FileController.js,isFileWithinLast3Days,271,isFileWithinLast3DaysIN
2024-04-14 22:01:57.245,INFO,FileController.js,isFileWithinLast3Days,289,isFileWithinLast3DaysOUT
2024-04-14 22:01:57.245,INFO,FileController.js,deleteFilesOlderThan3Days,396,deleteFilesOlderThan3DaysOUT
2024-04-14 22:01:57.245,INFO,FileController.js,deleteFilesOlderThan3Days,380,deleteFilesOlderThan3DaysIN
2024-04-14 22:01:57.246,INFO,FileController.js,isFileWithinLast3Days,271,isFileWithinLast3DaysIN
2024-04-14 22:01:57.247,INFO,FileController.js,isFileWithinLast3Days,289,isFileWithinLast3DaysOUT
2024-04-14 22:01:57.247,INFO,FileController.js,deleteFilesOlderThan3Days,396,deleteFilesOlderThan3DaysOUT
2024-04-14 22:01:57.247,INFO,FileController.js,deleteFilesOlderThan3Days,380,deleteFilesOlderThan3DaysIN
2024-04-14 22:01:57.248,INFO,FileController.js,isFileWithinLast3Days,271,isFileWithinLast3DaysIN
2024-04-14 22:01:57.249,INFO,FileController.js,isFileWithinLast3Days,289,isFileWithinLast3DaysOUT
2024-04-14 22:01:57.249,INFO,FileController.js,isFileWithinLast3Days,271,isFileWithinLast3DaysIN
2024-04-14 22:01:57.249,INFO,FileController.js,isFileWithinLast3Days,289,isFileWithinLast3DaysOUT
2024-04-14 22:01:57.249,INFO,FileController.js,deleteFilesOlderThan3Days,396,deleteFilesOlderThan3DaysOUT
2024-04-14 22:01:57.249,INFO,FileController.js,deleteFilesOlderThan3Days,380,deleteFilesOlderThan3DaysIN
2024-04-14 22:01:57.251,INFO,FileController.js,isFileWithinLast3Days,271,isFileWithinLast3DaysIN
2024-04-14 22:01:57.251,INFO,FileController.js,isFileWithinLast3Days,289,isFileWithinLast3DaysOUT
2024-04-14 22:01:57.251,INFO,FileController.js,isFileWithinLast3Days,271,isFileWithinLast3DaysIN
2024-04-14 22:01:57.252,INFO,FileController.js,isFileWithinLast3Days,289,isFileWithinLast3DaysOUT
2024-04-14 22:01:57.252,INFO,FileController.js,deleteFilesOlderThan3Days,396,deleteFilesOlderThan3DaysOUT
2024-04-14 22:01:57.254,INFO,FileController.js,isFileWithinLast3Days,271,isFileWithinLast3DaysIN
2024-04-14 22:01:57.254,INFO,FileController.js,isFileWithinLast3Days,289,isFileWithinLast3DaysOUT
2024-04-14 22:01:57.256,INFO,FileController.js,isFileWithinLast3Days,271,isFileWithinLast3DaysIN
2024-04-14 22:01:57.257,INFO,FileController.js,isFileWithinLast3Days,289,isFileWithinLast3DaysOUT
2024-04-14 22:01:57.259,INFO,FileController.js,isFileWithinLast3Days,271,isFileWithinLast3DaysIN
2024-04-14 22:01:57.259,INFO,FileController.js,isFileWithinLast3Days,289,isFileWithinLast3DaysOUT
2024-04-14 22:01:57.261,INFO,FileController.js,isFileWithinLast3Days,271,isFileWithinLast3DaysIN
2024-04-14 22:01:57.261,INFO,FileController.js,isFileWithinLast3Days,289,isFileWithinLast3DaysOUT
2024-04-14 22:01:57.263,INFO,FileController.js,isFileWithinLast3Days,271,isFileWithinLast3DaysIN
2024-04-14 22:01:57.264,INFO,FileController.js,isFileWithinLast3Days,289,isFileWithinLast3DaysOUT
2024-04-14 22:01:57.264,INFO,FileController.js,isFileWithinLast3Days,271,isFileWithinLast3DaysIN
2024-04-14 22:01:57.264,INFO,FileController.js,isFileWithinLast3Days,289,isFileWithinLast3DaysOUT
2024-04-14 22:01:57.266,INFO,FileController.js,isFileWithinLast3Days,271,isFileWithinLast3DaysIN
2024-04-14 22:01:57.266,INFO,FileController.js,isFileWithinLast3Days,289,isFileWithinLast3DaysOUT
2024-04-14 22:01:57.267,INFO,FileController.js,isFileWithinLast3Days,271,isFileWithinLast3DaysIN
2024-04-14 22:01:57.267,INFO,FileController.js,isFileWithinLast3Days,289,isFileWithinLast3DaysOUT
2024-04-14 22:02:06.230,INFO,FileController.js,isFileWithinLast3Days,271,isFileWithinLast3DaysIN
2024-04-14 22:02:06.230,INFO,FileController.js,isFileWithinLast3Days,289,isFileWithinLast3DaysOUT
2024-04-14 22:02:06.230,INFO,FileController.js,isFileWithinLast3Days,271,isFileWithinLast3DaysIN
2024-04-14 22:02:06.231,INFO,FileController.js,isFileWithinLast3Days,289,isFileWithinLast3DaysOUT
2024-04-14 22:02:06.231,INFO,FileController.js,isFileWithinLast3Days,271,isFileWithinLast3DaysIN
2024-04-14 22:02:06.231,INFO,FileController.js,isFileWithinLast3Days,289,isFileWithinLast3DaysOUT
2024-04-14 22:02:06.231,INFO,FileController.js,isFileWithinLast3Days,271,isFileWithinLast3DaysIN
2024-04-14 22:02:06.232,INFO,FileController.js,isFileWithinLast3Days,289,isFileWithinLast3DaysOUT
2024-04-14 22:02:06.232,INFO,FileController.js,isFileWithinLast3Days,271,isFileWithinLast3DaysIN
2024-04-14 22:02:06.232,INFO,FileController.js,isFileWithinLast3Days,289,isFileWithinLast3DaysOUT
2024-04-14 22:02:06.232,INFO,FileController.js,isFileWithinLast3Days,271,isFileWithinLast3DaysIN
2024-04-14 22:02:06.233,INFO,FileController.js,isFileWithinLast3Days,289,isFileWithinLast3DaysOUT
2024-04-14 22:02:06.233,INFO,FileController.js,deleteFilesOlderThan3Days,380,deleteFilesOlderThan3DaysIN
2024-04-14 22:02:06.239,INFO,FileController.js,isFileWithinLast3Days,271,isFileWithinLast3DaysIN
2024-04-14 22:02:06.239,INFO,FileController.js,isFileWithinLast3Days,289,isFileWithinLast3DaysOUT
2024-04-14 22:02:06.240,INFO,FileController.js,deleteFilesOlderThan3Days,396,deleteFilesOlderThan3DaysOUT
2024-04-14 22:02:06.240,INFO,FileController.js,deleteFilesOlderThan3Days,380,deleteFilesOlderThan3DaysIN
2024-04-14 22:02:06.241,INFO,FileController.js,isFileWithinLast3Days,271,isFileWithinLast3DaysIN
2024-04-14 22:02:06.241,INFO,FileController.js,isFileWithinLast3Days,289,isFileWithinLast3DaysOUT
2024-04-14 22:02:06.241,INFO,FileController.js,deleteFilesOlderThan3Days,396,deleteFilesOlderThan3DaysOUT
2024-04-14 22:02:06.241,INFO,FileController.js,deleteFilesOlderThan3Days,380,deleteFilesOlderThan3DaysIN
2024-04-14 22:02:06.242,INFO,FileController.js,isFileWithinLast3Days,271,isFileWithinLast3DaysIN
2024-04-14 22:02:06.242,INFO,FileController.js,isFileWithinLast3Days,289,isFileWithinLast3DaysOUT
2024-04-14 22:02:06.242,INFO,FileController.js,isFileWithinLast3Days,271,isFileWithinLast3DaysIN
2024-04-14 22:02:06.243,INFO,FileController.js,isFileWithinLast3Days,289,isFileWithinLast3DaysOUT
2024-04-14 22:02:06.243,INFO,FileController.js,deleteFilesOlderThan3Days,396,deleteFilesOlderThan3DaysOUT
2024-04-14 22:02:06.243,INFO,FileController.js,deleteFilesOlderThan3Days,380,deleteFilesOlderThan3DaysIN
2024-04-14 22:02:06.244,INFO,FileController.js,isFileWithinLast3Days,271,isFileWithinLast3DaysIN
2024-04-14 22:02:06.245,INFO,FileController.js,isFileWithinLast3Days,289,isFileWithinLast3DaysOUT
2024-04-14 22:02:06.245,INFO,FileController.js,deleteFilesOlderThan3Days,396,deleteFilesOlderThan3DaysOUT
2024-04-14 22:02:06.245,INFO,FileController.js,deleteFilesOlderThan3Days,380,deleteFilesOlderThan3DaysIN
2024-04-14 22:02:06.246,INFO,FileController.js,isFileWithinLast3Days,271,isFileWithinLast3DaysIN
2024-04-14 22:02:06.246,INFO,FileController.js,isFileWithinLast3Days,289,isFileWithinLast3DaysOUT
2024-04-14 22:02:06.246,INFO,FileController.js,isFileWithinLast3Days,271,isFileWithinLast3DaysIN
2024-04-14 22:02:06.246,INFO,FileController.js,isFileWithinLast3Days,289,isFileWithinLast3DaysOUT
2024-04-14 22:02:06.246,INFO,FileController.js,deleteFilesOlderThan3Days,396,deleteFilesOlderThan3DaysOUT
2024-04-14 22:02:06.247,INFO,FileController.js,deleteFilesOlderThan3Days,380,deleteFilesOlderThan3DaysIN
2024-04-14 22:02:06.248,INFO,FileController.js,isFileWithinLast3Days,271,isFileWithinLast3DaysIN
2024-04-14 22:02:06.248,INFO,FileController.js,isFileWithinLast3Days,289,isFileWithinLast3DaysOUT
2024-04-14 22:02:06.248,INFO,FileController.js,isFileWithinLast3Days,271,isFileWithinLast3DaysIN
2024-04-14 22:02:06.248,INFO,FileController.js,isFileWithinLast3Days,289,isFileWithinLast3DaysOUT
2024-04-14 22:02:06.248,INFO,FileController.js,deleteFilesOlderThan3Days,396,deleteFilesOlderThan3DaysOUT
2024-04-14 22:02:06.250,INFO,FileController.js,isFileWithinLast3Days,271,isFileWithinLast3DaysIN
2024-04-14 22:02:06.250,INFO,FileController.js,isFileWithinLast3Days,289,isFileWithinLast3DaysOUT
2024-04-14 22:02:06.257,INFO,FileController.js,isFileWithinLast3Days,271,isFileWithinLast3DaysIN
2024-04-14 22:02:06.258,INFO,FileController.js,isFileWithinLast3Days,289,isFileWithinLast3DaysOUT
2024-04-14 22:02:06.260,INFO,FileController.js,isFileWithinLast3Days,271,isFileWithinLast3DaysIN
2024-04-14 22:02:06.260,INFO,FileController.js,isFileWithinLast3Days,289,isFileWithinLast3DaysOUT
2024-04-14 22:02:06.262,INFO,FileController.js,isFileWithinLast3Days,271,isFileWithinLast3DaysIN
2024-04-14 22:02:06.263,INFO,FileController.js,isFileWithinLast3Days,289,isFileWithinLast3DaysOUT
2024-04-14 22:02:06.264,INFO,FileController.js,isFileWithinLast3Days,271,isFileWithinLast3DaysIN
2024-04-14 22:02:06.264,INFO,FileController.js,isFileWithinLast3Days,289,isFileWithinLast3DaysOUT
2024-04-14 22:02:06.264,INFO,FileController.js,isFileWithinLast3Days,271,isFileWithinLast3DaysIN
2024-04-14 22:02:06.264,INFO,FileController.js,isFileWithinLast3Days,289,isFileWithinLast3DaysOUT
2024-04-14 22:02:06.275,INFO,FileController.js,isFileWithinLast3Days,271,isFileWithinLast3DaysIN
2024-04-14 22:02:06.275,INFO,FileController.js,isFileWithinLast3Days,289,isFileWithinLast3DaysOUT
2024-04-14 22:02:06.275,INFO,FileController.js,isFileWithinLast3Days,271,isFileWithinLast3DaysIN
2024-04-14 22:02:06.276,INFO,FileController.js,isFileWithinLast3Days,289,isFileWithinLast3DaysOUT
2024-04-14 22:02:15.235,INFO,FileController.js,isFileWithinLast3Days,271,isFileWithinLast3DaysIN
2024-04-14 22:02:15.235,INFO,FileController.js,isFileWithinLast3Days,289,isFileWithinLast3DaysOUT
2024-04-14 22:02:15.235,INFO,FileController.js,isFileWithinLast3Days,271,isFileWithinLast3DaysIN
2024-04-14 22:02:15.236,INFO,FileController.js,isFileWithinLast3Days,289,isFileWithinLast3DaysOUT
2024-04-14 22:02:15.236,INFO,FileController.js,isFileWithinLast3Days,271,isFileWithinLast3DaysIN
2024-04-14 22:02:15.236,INFO,FileController.js,isFileWithinLast3Days,289,isFileWithinLast3DaysOUT
2024-04-14 22:02:15.236,INFO,FileController.js,isFileWithinLast3Days,271,isFileWithinLast3DaysIN
2024-04-14 22:02:15.236,INFO,FileController.js,isFileWithinLast3Days,289,isFileWithinLast3DaysOUT
2024-04-14 22:02:15.236,INFO,FileController.js,isFileWithinLast3Days,271,isFileWithinLast3DaysIN
2024-04-14 22:02:15.237,INFO,FileController.js,isFileWithinLast3Days,289,isFileWithinLast3DaysOUT
2024-04-14 22:02:15.237,INFO,FileController.js,isFileWithinLast3Days,271,isFileWithinLast3DaysIN
2024-04-14 22:02:15.237,INFO,FileController.js,isFileWithinLast3Days,289,isFileWithinLast3DaysOUT
2024-04-14 22:02:15.238,INFO,FileController.js,deleteFilesOlderThan3Days,380,deleteFilesOlderThan3DaysIN
2024-04-14 22:02:15.239,INFO,FileController.js,isFileWithinLast3Days,271,isFileWithinLast3DaysIN
2024-04-14 22:02:15.240,INFO,FileController.js,isFileWithinLast3Days,289,isFileWithinLast3DaysOUT
2024-04-14 22:02:15.241,INFO,FileController.js,deleteFilesOlderThan3Days,396,deleteFilesOlderThan3DaysOUT
2024-04-14 22:02:15.241,INFO,FileController.js,deleteFilesOlderThan3Days,380,deleteFilesOlderThan3DaysIN
2024-04-14 22:02:15.243,INFO,FileController.js,isFileWithinLast3Days,271,isFileWithinLast3DaysIN
2024-04-14 22:02:15.243,INFO,FileController.js,isFileWithinLast3Days,289,isFileWithinLast3DaysOUT
2024-04-14 22:02:15.243,INFO,FileController.js,deleteFilesOlderThan3Days,396,deleteFilesOlderThan3DaysOUT
2024-04-14 22:02:15.243,INFO,FileController.js,deleteFilesOlderThan3Days,380,deleteFilesOlderThan3DaysIN
2024-04-14 22:02:15.245,INFO,FileController.js,isFileWithinLast3Days,271,isFileWithinLast3DaysIN
2024-04-14 22:02:15.246,INFO,FileController.js,isFileWithinLast3Days,289,isFileWithinLast3DaysOUT
2024-04-14 22:02:15.246,INFO,FileController.js,isFileWithinLast3Days,271,isFileWithinLast3DaysIN
2024-04-14 22:02:15.247,INFO,FileController.js,isFileWithinLast3Days,289,isFileWithinLast3DaysOUT
2024-04-14 22:02:15.248,INFO,FileController.js,deleteFilesOlderThan3Days,396,deleteFilesOlderThan3DaysOUT
2024-04-14 22:02:15.248,INFO,FileController.js,deleteFilesOlderThan3Days,380,deleteFilesOlderThan3DaysIN
2024-04-14 22:02:15.250,INFO,FileController.js,isFileWithinLast3Days,271,isFileWithinLast3DaysIN
2024-04-14 22:02:15.251,INFO,FileController.js,isFileWithinLast3Days,289,isFileWithinLast3DaysOUT
2024-04-14 22:02:15.251,INFO,FileController.js,deleteFilesOlderThan3Days,396,deleteFilesOlderThan3DaysOUT
2024-04-14 22:02:15.251,INFO,FileController.js,deleteFilesOlderThan3Days,380,deleteFilesOlderThan3DaysIN
2024-04-14 22:02:15.253,INFO,FileController.js,isFileWithinLast3Days,271,isFileWithinLast3DaysIN
2024-04-14 22:02:15.254,INFO,FileController.js,isFileWithinLast3Days,289,isFileWithinLast3DaysOUT
2024-04-14 22:02:15.254,INFO,FileController.js,isFileWithinLast3Days,271,isFileWithinLast3DaysIN
2024-04-14 22:02:15.256,INFO,FileController.js,isFileWithinLast3Days,289,isFileWithinLast3DaysOUT
2024-04-14 22:02:15.256,INFO,FileController.js,deleteFilesOlderThan3Days,396,deleteFilesOlderThan3DaysOUT
2024-04-14 22:02:15.256,INFO,FileController.js,deleteFilesOlderThan3Days,380,deleteFilesOlderThan3DaysIN
2024-04-14 22:02:15.259,INFO,FileController.js,isFileWithinLast3Days,271,isFileWithinLast3DaysIN
2024-04-14 22:02:15.260,INFO,FileController.js,isFileWithinLast3Days,289,isFileWithinLast3DaysOUT
2024-04-14 22:02:15.260,INFO,FileController.js,isFileWithinLast3Days,271,isFileWithinLast3DaysIN
2024-04-14 22:02:15.261,INFO,FileController.js,isFileWithinLast3Days,289,isFileWithinLast3DaysOUT
2024-04-14 22:02:15.262,INFO,FileController.js,deleteFilesOlderThan3Days,396,deleteFilesOlderThan3DaysOUT
2024-04-14 22:02:15.266,INFO,FileController.js,isFileWithinLast3Days,271,isFileWithinLast3DaysIN
2024-04-14 22:02:15.268,INFO,FileController.js,isFileWithinLast3Days,289,isFileWithinLast3DaysOUT
2024-04-14 22:02:15.272,INFO,FileController.js,isFileWithinLast3Days,271,isFileWithinLast3DaysIN
2024-04-14 22:02:15.273,INFO,FileController.js,isFileWithinLast3Days,289,isFileWithinLast3DaysOUT
2024-04-14 22:02:15.277,INFO,FileController.js,isFileWithinLast3Days,271,isFileWithinLast3DaysIN
2024-04-14 22:02:15.278,INFO,FileController.js,isFileWithinLast3Days,289,isFileWithinLast3DaysOUT
2024-04-14 22:02:15.282,INFO,FileController.js,isFileWithinLast3Days,271,isFileWithinLast3DaysIN
2024-04-14 22:02:15.283,INFO,FileController.js,isFileWithinLast3Days,289,isFileWithinLast3DaysOUT
2024-04-14 22:02:15.286,INFO,FileController.js,isFileWithinLast3Days,271,isFileWithinLast3DaysIN
2024-04-14 22:02:15.286,INFO,FileController.js,isFileWithinLast3Days,289,isFileWithinLast3DaysOUT
2024-04-14 22:02:15.287,INFO,FileController.js,isFileWithinLast3Days,271,isFileWithinLast3DaysIN
2024-04-14 22:02:15.287,INFO,FileController.js,isFileWithinLast3Days,289,isFileWithinLast3DaysOUT
2024-04-14 22:02:15.291,INFO,FileController.js,isFileWithinLast3Days,271,isFileWithinLast3DaysIN
2024-04-14 22:02:15.292,INFO,FileController.js,isFileWithinLast3Days,289,isFileWithinLast3DaysOUT
2024-04-14 22:02:15.292,INFO,FileController.js,isFileWithinLast3Days,271,isFileWithinLast3DaysIN
2024-04-14 22:02:15.292,INFO,FileController.js,isFileWithinLast3Days,289,isFileWithinLast3DaysOUT
2024-04-14 22:02:24.248,INFO,FileController.js,isFileWithinLast3Days,271,isFileWithinLast3DaysIN
2024-04-14 22:02:24.249,INFO,FileController.js,isFileWithinLast3Days,289,isFileWithinLast3DaysOUT
2024-04-14 22:02:24.249,INFO,FileController.js,isFileWithinLast3Days,271,isFileWithinLast3DaysIN
2024-04-14 22:02:24.249,INFO,FileController.js,isFileWithinLast3Days,289,isFileWithinLast3DaysOUT
2024-04-14 22:02:24.249,INFO,FileController.js,isFileWithinLast3Days,271,isFileWithinLast3DaysIN
2024-04-14 22:02:24.250,INFO,FileController.js,isFileWithinLast3Days,289,isFileWithinLast3DaysOUT
2024-04-14 22:02:24.250,INFO,FileController.js,isFileWithinLast3Days,271,isFileWithinLast3DaysIN
2024-04-14 22:02:24.250,INFO,FileController.js,isFileWithinLast3Days,289,isFileWithinLast3DaysOUT
2024-04-14 22:02:24.250,INFO,FileController.js,isFileWithinLast3Days,271,isFileWithinLast3DaysIN
2024-04-14 22:02:24.251,INFO,FileController.js,isFileWithinLast3Days,289,isFileWithinLast3DaysOUT
2024-04-14 22:02:24.251,INFO,FileController.js,isFileWithinLast3Days,271,isFileWithinLast3DaysIN
2024-04-14 22:02:24.251,INFO,FileController.js,isFileWithinLast3Days,289,isFileWithinLast3DaysOUT
2024-04-14 22:02:24.251,INFO,FileController.js,deleteFilesOlderThan3Days,380,deleteFilesOlderThan3DaysIN
2024-04-14 22:02:24.252,INFO,FileController.js,isFileWithinLast3Days,271,isFileWithinLast3DaysIN
2024-04-14 22:02:24.253,INFO,FileController.js,isFileWithinLast3Days,289,isFileWithinLast3DaysOUT
2024-04-14 22:02:24.253,INFO,FileController.js,deleteFilesOlderThan3Days,396,deleteFilesOlderThan3DaysOUT
2024-04-14 22:02:24.253,INFO,FileController.js,deleteFilesOlderThan3Days,380,deleteFilesOlderThan3DaysIN
2024-04-14 22:02:24.253,INFO,FileController.js,isFileWithinLast3Days,271,isFileWithinLast3DaysIN
2024-04-14 22:02:24.254,INFO,FileController.js,isFileWithinLast3Days,289,isFileWithinLast3DaysOUT
2024-04-14 22:02:24.254,INFO,FileController.js,deleteFilesOlderThan3Days,396,deleteFilesOlderThan3DaysOUT
2024-04-14 22:02:24.254,INFO,FileController.js,deleteFilesOlderThan3Days,380,deleteFilesOlderThan3DaysIN
2024-04-14 22:02:24.260,INFO,FileController.js,isFileWithinLast3Days,271,isFileWithinLast3DaysIN
2024-04-14 22:02:24.260,INFO,FileController.js,isFileWithinLast3Days,289,isFileWithinLast3DaysOUT
2024-04-14 22:02:24.260,INFO,FileController.js,isFileWithinLast3Days,271,isFileWithinLast3DaysIN
2024-04-14 22:02:24.260,INFO,FileController.js,isFileWithinLast3Days,289,isFileWithinLast3DaysOUT
2024-04-14 22:02:24.260,INFO,FileController.js,deleteFilesOlderThan3Days,396,deleteFilesOlderThan3DaysOUT
2024-04-14 22:02:24.260,INFO,FileController.js,deleteFilesOlderThan3Days,380,deleteFilesOlderThan3DaysIN
2024-04-14 22:02:24.262,INFO,FileController.js,isFileWithinLast3Days,271,isFileWithinLast3DaysIN
2024-04-14 22:02:24.263,INFO,FileController.js,isFileWithinLast3Days,289,isFileWithinLast3DaysOUT
2024-04-14 22:02:24.263,INFO,FileController.js,deleteFilesOlderThan3Days,396,deleteFilesOlderThan3DaysOUT
2024-04-14 22:02:24.263,INFO,FileController.js,deleteFilesOlderThan3Days,380,deleteFilesOlderThan3DaysIN
2024-04-14 22:02:24.266,INFO,FileController.js,isFileWithinLast3Days,271,isFileWithinLast3DaysIN
2024-04-14 22:02:24.266,INFO,FileController.js,isFileWithinLast3Days,289,isFileWithinLast3DaysOUT
2024-04-14 22:02:24.266,INFO,FileController.js,isFileWithinLast3Days,271,isFileWithinLast3DaysIN
2024-04-14 22:02:24.266,INFO,FileController.js,isFileWithinLast3Days,289,isFileWithinLast3DaysOUT
2024-04-14 22:02:24.266,INFO,FileController.js,deleteFilesOlderThan3Days,396,deleteFilesOlderThan3DaysOUT
2024-04-14 22:02:24.266,INFO,FileController.js,deleteFilesOlderThan3Days,380,deleteFilesOlderThan3DaysIN
2024-04-14 22:02:24.276,INFO,FileController.js,isFileWithinLast3Days,271,isFileWithinLast3DaysIN
2024-04-14 22:02:24.277,INFO,FileController.js,isFileWithinLast3Days,289,isFileWithinLast3DaysOUT
2024-04-14 22:02:24.277,INFO,FileController.js,isFileWithinLast3Days,271,isFileWithinLast3DaysIN
2024-04-14 22:02:24.277,INFO,FileController.js,isFileWithinLast3Days,289,isFileWithinLast3DaysOUT
2024-04-14 22:02:24.277,INFO,FileController.js,deleteFilesOlderThan3Days,396,deleteFilesOlderThan3DaysOUT
2024-04-14 22:02:24.287,INFO,FileController.js,isFileWithinLast3Days,271,isFileWithinLast3DaysIN
2024-04-14 22:02:24.288,INFO,FileController.js,isFileWithinLast3Days,289,isFileWithinLast3DaysOUT
2024-04-14 22:02:24.290,INFO,FileController.js,isFileWithinLast3Days,271,isFileWithinLast3DaysIN
2024-04-14 22:02:24.290,INFO,FileController.js,isFileWithinLast3Days,289,isFileWithinLast3DaysOUT
2024-04-14 22:02:24.292,INFO,FileController.js,isFileWithinLast3Days,271,isFileWithinLast3DaysIN
2024-04-14 22:02:24.293,INFO,FileController.js,isFileWithinLast3Days,289,isFileWithinLast3DaysOUT
2024-04-14 22:02:24.294,INFO,FileController.js,isFileWithinLast3Days,271,isFileWithinLast3DaysIN
2024-04-14 22:02:24.294,INFO,FileController.js,isFileWithinLast3Days,289,isFileWithinLast3DaysOUT
2024-04-14 22:02:24.296,INFO,FileController.js,isFileWithinLast3Days,271,isFileWithinLast3DaysIN
2024-04-14 22:02:24.296,INFO,FileController.js,isFileWithinLast3Days,289,isFileWithinLast3DaysOUT
2024-04-14 22:02:24.296,INFO,FileController.js,isFileWithinLast3Days,271,isFileWithinLast3DaysIN
2024-04-14 22:02:24.296,INFO,FileController.js,isFileWithinLast3Days,289,isFileWithinLast3DaysOUT
2024-04-14 22:02:24.297,INFO,FileController.js,isFileWithinLast3Days,271,isFileWithinLast3DaysIN
2024-04-14 22:02:24.297,INFO,FileController.js,isFileWithinLast3Days,289,isFileWithinLast3DaysOUT
2024-04-14 22:02:24.297,INFO,FileController.js,isFileWithinLast3Days,271,isFileWithinLast3DaysIN
2024-04-14 22:02:24.298,INFO,FileController.js,isFileWithinLast3Days,289,isFileWithinLast3DaysOUT
2024-04-14 22:02:33.257,INFO,FileController.js,isFileWithinLast3Days,271,isFileWithinLast3DaysIN
2024-04-14 22:02:33.257,INFO,FileController.js,isFileWithinLast3Days,289,isFileWithinLast3DaysOUT
2024-04-14 22:02:33.257,INFO,FileController.js,isFileWithinLast3Days,271,isFileWithinLast3DaysIN
2024-04-14 22:02:33.258,INFO,FileController.js,isFileWithinLast3Days,289,isFileWithinLast3DaysOUT
2024-04-14 22:02:33.258,INFO,FileController.js,isFileWithinLast3Days,271,isFileWithinLast3DaysIN
2024-04-14 22:02:33.258,INFO,FileController.js,isFileWithinLast3Days,289,isFileWithinLast3DaysOUT
2024-04-14 22:02:33.259,INFO,FileController.js,isFileWithinLast3Days,271,isFileWithinLast3DaysIN
2024-04-14 22:02:33.259,INFO,FileController.js,isFileWithinLast3Days,289,isFileWithinLast3DaysOUT
2024-04-14 22:02:33.259,INFO,FileController.js,isFileWithinLast3Days,271,isFileWithinLast3DaysIN
2024-04-14 22:02:33.260,INFO,FileController.js,isFileWithinLast3Days,289,isFileWithinLast3DaysOUT
2024-04-14 22:02:33.260,INFO,FileController.js,isFileWithinLast3Days,271,isFileWithinLast3DaysIN
2024-04-14 22:02:33.260,INFO,FileController.js,isFileWithinLast3Days,289,isFileWithinLast3DaysOUT
2024-04-14 22:02:33.260,INFO,FileController.js,deleteFilesOlderThan3Days,380,deleteFilesOlderThan3DaysIN
2024-04-14 22:02:33.261,INFO,FileController.js,isFileWithinLast3Days,271,isFileWithinLast3DaysIN
2024-04-14 22:02:33.262,INFO,FileController.js,isFileWithinLast3Days,289,isFileWithinLast3DaysOUT
2024-04-14 22:02:33.262,INFO,FileController.js,deleteFilesOlderThan3Days,396,deleteFilesOlderThan3DaysOUT
2024-04-14 22:02:33.262,INFO,FileController.js,deleteFilesOlderThan3Days,380,deleteFilesOlderThan3DaysIN
2024-04-14 22:02:33.263,INFO,FileController.js,isFileWithinLast3Days,271,isFileWithinLast3DaysIN
2024-04-14 22:02:33.263,INFO,FileController.js,isFileWithinLast3Days,289,isFileWithinLast3DaysOUT
2024-04-14 22:02:33.263,INFO,FileController.js,deleteFilesOlderThan3Days,396,deleteFilesOlderThan3DaysOUT
2024-04-14 22:02:33.263,INFO,FileController.js,deleteFilesOlderThan3Days,380,deleteFilesOlderThan3DaysIN
2024-04-14 22:02:33.264,INFO,FileController.js,isFileWithinLast3Days,271,isFileWithinLast3DaysIN
2024-04-14 22:02:33.264,INFO,FileController.js,isFileWithinLast3Days,289,isFileWithinLast3DaysOUT
2024-04-14 22:02:33.264,INFO,FileController.js,isFileWithinLast3Days,271,isFileWithinLast3DaysIN
2024-04-14 22:02:33.264,INFO,FileController.js,isFileWithinLast3Days,289,isFileWithinLast3DaysOUT
2024-04-14 22:02:33.264,INFO,FileController.js,deleteFilesOlderThan3Days,396,deleteFilesOlderThan3DaysOUT
2024-04-14 22:02:33.265,INFO,FileController.js,deleteFilesOlderThan3Days,380,deleteFilesOlderThan3DaysIN
2024-04-14 22:02:33.265,INFO,FileController.js,isFileWithinLast3Days,271,isFileWithinLast3DaysIN
2024-04-14 22:02:33.266,INFO,FileController.js,isFileWithinLast3Days,289,isFileWithinLast3DaysOUT
2024-04-14 22:02:33.266,INFO,FileController.js,deleteFilesOlderThan3Days,396,deleteFilesOlderThan3DaysOUT
2024-04-14 22:02:33.266,INFO,FileController.js,deleteFilesOlderThan3Days,380,deleteFilesOlderThan3DaysIN
2024-04-14 22:02:33.269,INFO,FileController.js,isFileWithinLast3Days,271,isFileWithinLast3DaysIN
2024-04-14 22:02:33.269,INFO,FileController.js,isFileWithinLast3Days,289,isFileWithinLast3DaysOUT
2024-04-14 22:02:33.269,INFO,FileController.js,isFileWithinLast3Days,271,isFileWithinLast3DaysIN
2024-04-14 22:02:33.269,INFO,FileController.js,isFileWithinLast3Days,289,isFileWithinLast3DaysOUT
2024-04-14 22:02:33.270,INFO,FileController.js,deleteFilesOlderThan3Days,396,deleteFilesOlderThan3DaysOUT
2024-04-14 22:02:33.270,INFO,FileController.js,deleteFilesOlderThan3Days,380,deleteFilesOlderThan3DaysIN
2024-04-14 22:02:33.270,INFO,FileController.js,isFileWithinLast3Days,271,isFileWithinLast3DaysIN
2024-04-14 22:02:33.271,INFO,FileController.js,isFileWithinLast3Days,289,isFileWithinLast3DaysOUT
2024-04-14 22:02:33.271,INFO,FileController.js,isFileWithinLast3Days,271,isFileWithinLast3DaysIN
2024-04-14 22:02:33.271,INFO,FileController.js,isFileWithinLast3Days,289,isFileWithinLast3DaysOUT
2024-04-14 22:02:33.271,INFO,FileController.js,deleteFilesOlderThan3Days,396,deleteFilesOlderThan3DaysOUT
2024-04-14 22:02:33.272,INFO,FileController.js,isFileWithinLast3Days,271,isFileWithinLast3DaysIN
2024-04-14 22:02:33.272,INFO,FileController.js,isFileWithinLast3Days,289,isFileWithinLast3DaysOUT
2024-04-14 22:02:33.273,INFO,FileController.js,isFileWithinLast3Days,271,isFileWithinLast3DaysIN
2024-04-14 22:02:33.273,INFO,FileController.js,isFileWithinLast3Days,289,isFileWithinLast3DaysOUT
2024-04-14 22:02:33.274,INFO,FileController.js,isFileWithinLast3Days,271,isFileWithinLast3DaysIN
2024-04-14 22:02:33.274,INFO,FileController.js,isFileWithinLast3Days,289,isFileWithinLast3DaysOUT
2024-04-14 22:02:33.275,INFO,FileController.js,isFileWithinLast3Days,271,isFileWithinLast3DaysIN
2024-04-14 22:02:33.275,INFO,FileController.js,isFileWithinLast3Days,289,isFileWithinLast3DaysOUT
2024-04-14 22:02:33.277,INFO,FileController.js,isFileWithinLast3Days,271,isFileWithinLast3DaysIN
2024-04-14 22:02:33.277,INFO,FileController.js,isFileWithinLast3Days,289,isFileWithinLast3DaysOUT
2024-04-14 22:02:33.277,INFO,FileController.js,isFileWithinLast3Days,271,isFileWithinLast3DaysIN
2024-04-14 22:02:33.277,INFO,FileController.js,isFileWithinLast3Days,289,isFileWithinLast3DaysOUT
2024-04-14 22:02:33.279,INFO,FileController.js,isFileWithinLast3Days,271,isFileWithinLast3DaysIN
2024-04-14 22:02:33.279,INFO,FileController.js,isFileWithinLast3Days,289,isFileWithinLast3DaysOUT
2024-04-14 22:02:33.279,INFO,FileController.js,isFileWithinLast3Days,271,isFileWithinLast3DaysIN
2024-04-14 22:02:33.279,INFO,FileController.js,isFileWithinLast3Days,289,isFileWithinLast3DaysOUT
2024-04-14 22:02:42.260,INFO,FileController.js,isFileWithinLast3Days,271,isFileWithinLast3DaysIN
2024-04-14 22:02:42.260,INFO,FileController.js,isFileWithinLast3Days,289,isFileWithinLast3DaysOUT
2024-04-14 22:02:42.260,INFO,FileController.js,isFileWithinLast3Days,271,isFileWithinLast3DaysIN
2024-04-14 22:02:42.260,INFO,FileController.js,isFileWithinLast3Days,289,isFileWithinLast3DaysOUT
2024-04-14 22:02:42.261,INFO,FileController.js,isFileWithinLast3Days,271,isFileWithinLast3DaysIN
2024-04-14 22:02:42.261,INFO,FileController.js,isFileWithinLast3Days,289,isFileWithinLast3DaysOUT
2024-04-14 22:02:42.261,INFO,FileController.js,isFileWithinLast3Days,271,isFileWithinLast3DaysIN
2024-04-14 22:02:42.261,INFO,FileController.js,isFileWithinLast3Days,289,isFileWithinLast3DaysOUT
2024-04-14 22:02:42.261,INFO,FileController.js,isFileWithinLast3Days,271,isFileWithinLast3DaysIN
2024-04-14 22:02:42.261,INFO,FileController.js,isFileWithinLast3Days,289,isFileWithinLast3DaysOUT
2024-04-14 22:02:42.261,INFO,FileController.js,isFileWithinLast3Days,271,isFileWithinLast3DaysIN
2024-04-14 22:02:42.262,INFO,FileController.js,isFileWithinLast3Days,289,isFileWithinLast3DaysOUT
2024-04-14 22:02:42.262,INFO,FileController.js,deleteFilesOlderThan3Days,380,deleteFilesOlderThan3DaysIN
2024-04-14 22:02:42.263,INFO,FileController.js,isFileWithinLast3Days,271,isFileWithinLast3DaysIN
2024-04-14 22:02:42.263,INFO,FileController.js,isFileWithinLast3Days,289,isFileWithinLast3DaysOUT
2024-04-14 22:02:42.263,INFO,FileController.js,deleteFilesOlderThan3Days,396,deleteFilesOlderThan3DaysOUT
2024-04-14 22:02:42.263,INFO,FileController.js,deleteFilesOlderThan3Days,380,deleteFilesOlderThan3DaysIN
2024-04-14 22:02:42.265,INFO,FileController.js,isFileWithinLast3Days,271,isFileWithinLast3DaysIN
2024-04-14 22:02:42.265,INFO,FileController.js,isFileWithinLast3Days,289,isFileWithinLast3DaysOUT
2024-04-14 22:02:42.265,INFO,FileController.js,deleteFilesOlderThan3Days,396,deleteFilesOlderThan3DaysOUT
2024-04-14 22:02:42.265,INFO,FileController.js,deleteFilesOlderThan3Days,380,deleteFilesOlderThan3DaysIN
2024-04-14 22:02:42.266,INFO,FileController.js,isFileWithinLast3Days,271,isFileWithinLast3DaysIN
2024-04-14 22:02:42.266,INFO,FileController.js,isFileWithinLast3Days,289,isFileWithinLast3DaysOUT
2024-04-14 22:02:42.266,INFO,FileController.js,isFileWithinLast3Days,271,isFileWithinLast3DaysIN
2024-04-14 22:02:42.267,INFO,FileController.js,isFileWithinLast3Days,289,isFileWithinLast3DaysOUT
2024-04-14 22:02:42.267,INFO,FileController.js,deleteFilesOlderThan3Days,396,deleteFilesOlderThan3DaysOUT
2024-04-14 22:02:42.267,INFO,FileController.js,deleteFilesOlderThan3Days,380,deleteFilesOlderThan3DaysIN
2024-04-14 22:02:42.268,INFO,FileController.js,isFileWithinLast3Days,271,isFileWithinLast3DaysIN
2024-04-14 22:02:42.268,INFO,FileController.js,isFileWithinLast3Days,289,isFileWithinLast3DaysOUT
2024-04-14 22:02:42.269,INFO,FileController.js,deleteFilesOlderThan3Days,396,deleteFilesOlderThan3DaysOUT
2024-04-14 22:02:42.269,INFO,FileController.js,deleteFilesOlderThan3Days,380,deleteFilesOlderThan3DaysIN
2024-04-14 22:02:42.270,INFO,FileController.js,isFileWithinLast3Days,271,isFileWithinLast3DaysIN
2024-04-14 22:02:42.270,INFO,FileController.js,isFileWithinLast3Days,289,isFileWithinLast3DaysOUT
2024-04-14 22:02:42.270,INFO,FileController.js,isFileWithinLast3Days,271,isFileWithinLast3DaysIN
2024-04-14 22:02:42.270,INFO,FileController.js,isFileWithinLast3Days,289,isFileWithinLast3DaysOUT
2024-04-14 22:02:42.270,INFO,FileController.js,deleteFilesOlderThan3Days,396,deleteFilesOlderThan3DaysOUT
2024-04-14 22:02:42.270,INFO,FileController.js,deleteFilesOlderThan3Days,380,deleteFilesOlderThan3DaysIN
2024-04-14 22:02:42.274,INFO,FileController.js,isFileWithinLast3Days,271,isFileWithinLast3DaysIN
2024-04-14 22:02:42.274,INFO,FileController.js,isFileWithinLast3Days,289,isFileWithinLast3DaysOUT
2024-04-14 22:02:42.274,INFO,FileController.js,isFileWithinLast3Days,271,isFileWithinLast3DaysIN
2024-04-14 22:02:42.275,INFO,FileController.js,isFileWithinLast3Days,289,isFileWithinLast3DaysOUT
2024-04-14 22:02:42.275,INFO,FileController.js,deleteFilesOlderThan3Days,396,deleteFilesOlderThan3DaysOUT
2024-04-14 22:02:42.276,INFO,FileController.js,isFileWithinLast3Days,271,isFileWithinLast3DaysIN
2024-04-14 22:02:42.277,INFO,FileController.js,isFileWithinLast3Days,289,isFileWithinLast3DaysOUT
2024-04-14 22:02:42.278,INFO,FileController.js,isFileWithinLast3Days,271,isFileWithinLast3DaysIN
2024-04-14 22:02:42.278,INFO,FileController.js,isFileWithinLast3Days,289,isFileWithinLast3DaysOUT
2024-04-14 22:02:42.279,INFO,FileController.js,isFileWithinLast3Days,271,isFileWithinLast3DaysIN
2024-04-14 22:02:42.280,INFO,FileController.js,isFileWithinLast3Days,289,isFileWithinLast3DaysOUT
2024-04-14 22:02:42.281,INFO,FileController.js,isFileWithinLast3Days,271,isFileWithinLast3DaysIN
2024-04-14 22:02:42.281,INFO,FileController.js,isFileWithinLast3Days,289,isFileWithinLast3DaysOUT
2024-04-14 22:02:42.282,INFO,FileController.js,isFileWithinLast3Days,271,isFileWithinLast3DaysIN
2024-04-14 22:02:42.282,INFO,FileController.js,isFileWithinLast3Days,289,isFileWithinLast3DaysOUT
2024-04-14 22:02:42.283,INFO,FileController.js,isFileWithinLast3Days,271,isFileWithinLast3DaysIN
2024-04-14 22:02:42.283,INFO,FileController.js,isFileWithinLast3Days,289,isFileWithinLast3DaysOUT
2024-04-14 22:02:42.284,INFO,FileController.js,isFileWithinLast3Days,271,isFileWithinLast3DaysIN
2024-04-14 22:02:42.284,INFO,FileController.js,isFileWithinLast3Days,289,isFileWithinLast3DaysOUT
2024-04-14 22:02:42.285,INFO,FileController.js,isFileWithinLast3Days,271,isFileWithinLast3DaysIN
2024-04-14 22:02:42.285,INFO,FileController.js,isFileWithinLast3Days,289,isFileWithinLast3DaysOUT
2024-04-14 22:02:51.267,INFO,FileController.js,isFileWithinLast3Days,271,isFileWithinLast3DaysIN
2024-04-14 22:02:51.268,INFO,FileController.js,isFileWithinLast3Days,289,isFileWithinLast3DaysOUT
2024-04-14 22:02:51.268,INFO,FileController.js,isFileWithinLast3Days,271,isFileWithinLast3DaysIN
2024-04-14 22:02:51.269,INFO,FileController.js,isFileWithinLast3Days,289,isFileWithinLast3DaysOUT
2024-04-14 22:02:51.269,INFO,FileController.js,isFileWithinLast3Days,271,isFileWithinLast3DaysIN
2024-04-14 22:02:51.269,INFO,FileController.js,isFileWithinLast3Days,289,isFileWithinLast3DaysOUT
2024-04-14 22:02:51.269,INFO,FileController.js,isFileWithinLast3Days,271,isFileWithinLast3DaysIN
2024-04-14 22:02:51.270,INFO,FileController.js,isFileWithinLast3Days,289,isFileWithinLast3DaysOUT
2024-04-14 22:02:51.270,INFO,FileController.js,isFileWithinLast3Days,271,isFileWithinLast3DaysIN
2024-04-14 22:02:51.270,INFO,FileController.js,isFileWithinLast3Days,289,isFileWithinLast3DaysOUT
2024-04-14 22:02:51.271,INFO,FileController.js,isFileWithinLast3Days,271,isFileWithinLast3DaysIN
2024-04-14 22:02:51.271,INFO,FileController.js,isFileWithinLast3Days,289,isFileWithinLast3DaysOUT
2024-04-14 22:02:51.271,INFO,FileController.js,deleteFilesOlderThan3Days,380,deleteFilesOlderThan3DaysIN
2024-04-14 22:02:51.273,INFO,FileController.js,isFileWithinLast3Days,271,isFileWithinLast3DaysIN
2024-04-14 22:02:51.274,INFO,FileController.js,isFileWithinLast3Days,289,isFileWithinLast3DaysOUT
2024-04-14 22:02:51.274,INFO,FileController.js,deleteFilesOlderThan3Days,396,deleteFilesOlderThan3DaysOUT
2024-04-14 22:02:51.274,INFO,FileController.js,deleteFilesOlderThan3Days,380,deleteFilesOlderThan3DaysIN
2024-04-14 22:02:51.276,INFO,FileController.js,isFileWithinLast3Days,271,isFileWithinLast3DaysIN
2024-04-14 22:02:51.276,INFO,FileController.js,isFileWithinLast3Days,289,isFileWithinLast3DaysOUT
2024-04-14 22:02:51.276,INFO,FileController.js,deleteFilesOlderThan3Days,396,deleteFilesOlderThan3DaysOUT
2024-04-14 22:02:51.277,INFO,FileController.js,deleteFilesOlderThan3Days,380,deleteFilesOlderThan3DaysIN
2024-04-14 22:02:51.278,INFO,FileController.js,isFileWithinLast3Days,271,isFileWithinLast3DaysIN
2024-04-14 22:02:51.279,INFO,FileController.js,isFileWithinLast3Days,289,isFileWithinLast3DaysOUT
2024-04-14 22:02:51.279,INFO,FileController.js,isFileWithinLast3Days,271,isFileWithinLast3DaysIN
2024-04-14 22:02:51.279,INFO,FileController.js,isFileWithinLast3Days,289,isFileWithinLast3DaysOUT
2024-04-14 22:02:51.279,INFO,FileController.js,deleteFilesOlderThan3Days,396,deleteFilesOlderThan3DaysOUT
2024-04-14 22:02:51.279,INFO,FileController.js,deleteFilesOlderThan3Days,380,deleteFilesOlderThan3DaysIN
2024-04-14 22:02:51.281,INFO,FileController.js,isFileWithinLast3Days,271,isFileWithinLast3DaysIN
2024-04-14 22:02:51.281,INFO,FileController.js,isFileWithinLast3Days,289,isFileWithinLast3DaysOUT
2024-04-14 22:02:51.281,INFO,FileController.js,deleteFilesOlderThan3Days,396,deleteFilesOlderThan3DaysOUT
2024-04-14 22:02:51.281,INFO,FileController.js,deleteFilesOlderThan3Days,380,deleteFilesOlderThan3DaysIN
2024-04-14 22:02:51.283,INFO,FileController.js,isFileWithinLast3Days,271,isFileWithinLast3DaysIN
2024-04-14 22:02:51.284,INFO,FileController.js,isFileWithinLast3Days,289,isFileWithinLast3DaysOUT
2024-04-14 22:02:51.284,INFO,FileController.js,isFileWithinLast3Days,271,isFileWithinLast3DaysIN
2024-04-14 22:02:51.284,INFO,FileController.js,isFileWithinLast3Days,289,isFileWithinLast3DaysOUT
2024-04-14 22:02:51.284,INFO,FileController.js,deleteFilesOlderThan3Days,396,deleteFilesOlderThan3DaysOUT
2024-04-14 22:02:51.285,INFO,FileController.js,deleteFilesOlderThan3Days,380,deleteFilesOlderThan3DaysIN
2024-04-14 22:02:51.286,INFO,FileController.js,isFileWithinLast3Days,271,isFileWithinLast3DaysIN
2024-04-14 22:02:51.287,INFO,FileController.js,isFileWithinLast3Days,289,isFileWithinLast3DaysOUT
2024-04-14 22:02:51.287,INFO,FileController.js,isFileWithinLast3Days,271,isFileWithinLast3DaysIN
2024-04-14 22:02:51.287,INFO,FileController.js,isFileWithinLast3Days,289,isFileWithinLast3DaysOUT
2024-04-14 22:02:51.287,INFO,FileController.js,deleteFilesOlderThan3Days,396,deleteFilesOlderThan3DaysOUT
2024-04-14 22:02:51.289,INFO,FileController.js,isFileWithinLast3Days,271,isFileWithinLast3DaysIN
2024-04-14 22:02:51.290,INFO,FileController.js,isFileWithinLast3Days,289,isFileWithinLast3DaysOUT
2024-04-14 22:02:51.291,INFO,FileController.js,isFileWithinLast3Days,271,isFileWithinLast3DaysIN
2024-04-14 22:02:51.292,INFO,FileController.js,isFileWithinLast3Days,289,isFileWithinLast3DaysOUT
2024-04-14 22:02:51.294,INFO,FileController.js,isFileWithinLast3Days,271,isFileWithinLast3DaysIN
2024-04-14 22:02:51.294,INFO,FileController.js,isFileWithinLast3Days,289,isFileWithinLast3DaysOUT
2024-04-14 22:02:51.296,INFO,FileController.js,isFileWithinLast3Days,271,isFileWithinLast3DaysIN
2024-04-14 22:02:51.296,INFO,FileController.js,isFileWithinLast3Days,289,isFileWithinLast3DaysOUT
2024-04-14 22:02:51.297,INFO,FileController.js,isFileWithinLast3Days,271,isFileWithinLast3DaysIN
2024-04-14 22:02:51.297,INFO,FileController.js,isFileWithinLast3Days,289,isFileWithinLast3DaysOUT
2024-04-14 22:02:51.297,INFO,FileController.js,isFileWithinLast3Days,271,isFileWithinLast3DaysIN
2024-04-14 22:02:51.298,INFO,FileController.js,isFileWithinLast3Days,289,isFileWithinLast3DaysOUT
2024-04-14 22:02:51.300,INFO,FileController.js,isFileWithinLast3Days,271,isFileWithinLast3DaysIN
2024-04-14 22:02:51.300,INFO,FileController.js,isFileWithinLast3Days,289,isFileWithinLast3DaysOUT
2024-04-14 22:02:51.301,INFO,FileController.js,isFileWithinLast3Days,271,isFileWithinLast3DaysIN
2024-04-14 22:02:51.301,INFO,FileController.js,isFileWithinLast3Days,289,isFileWithinLast3DaysOUT
2024-04-14 22:03:00.269,INFO,FileController.js,isFileWithinLast3Days,271,isFileWithinLast3DaysIN
2024-04-14 22:03:00.269,INFO,FileController.js,isFileWithinLast3Days,289,isFileWithinLast3DaysOUT
2024-04-14 22:03:00.270,INFO,FileController.js,isFileWithinLast3Days,271,isFileWithinLast3DaysIN
2024-04-14 22:03:00.270,INFO,FileController.js,isFileWithinLast3Days,289,isFileWithinLast3DaysOUT
2024-04-14 22:03:00.270,INFO,FileController.js,isFileWithinLast3Days,271,isFileWithinLast3DaysIN
2024-04-14 22:03:00.271,INFO,FileController.js,isFileWithinLast3Days,289,isFileWithinLast3DaysOUT
2024-04-14 22:03:00.271,INFO,FileController.js,isFileWithinLast3Days,271,isFileWithinLast3DaysIN
2024-04-14 22:03:00.271,INFO,FileController.js,isFileWithinLast3Days,289,isFileWithinLast3DaysOUT
2024-04-14 22:03:00.271,INFO,FileController.js,isFileWithinLast3Days,271,isFileWithinLast3DaysIN
2024-04-14 22:03:00.271,INFO,FileController.js,isFileWithinLast3Days,289,isFileWithinLast3DaysOUT
2024-04-14 22:03:00.271,INFO,FileController.js,isFileWithinLast3Days,271,isFileWithinLast3DaysIN
2024-04-14 22:03:00.272,INFO,FileController.js,isFileWithinLast3Days,289,isFileWithinLast3DaysOUT
2024-04-14 22:03:00.272,INFO,FileController.js,deleteFilesOlderThan3Days,380,deleteFilesOlderThan3DaysIN
2024-04-14 22:03:00.274,INFO,FileController.js,isFileWithinLast3Days,271,isFileWithinLast3DaysIN
2024-04-14 22:03:00.275,INFO,FileController.js,isFileWithinLast3Days,289,isFileWithinLast3DaysOUT
2024-04-14 22:03:00.275,INFO,FileController.js,deleteFilesOlderThan3Days,396,deleteFilesOlderThan3DaysOUT
2024-04-14 22:03:00.275,INFO,FileController.js,deleteFilesOlderThan3Days,380,deleteFilesOlderThan3DaysIN
2024-04-14 22:03:00.277,INFO,FileController.js,isFileWithinLast3Days,271,isFileWithinLast3DaysIN
2024-04-14 22:03:00.277,INFO,FileController.js,isFileWithinLast3Days,289,isFileWithinLast3DaysOUT
2024-04-14 22:03:00.277,INFO,FileController.js,deleteFilesOlderThan3Days,396,deleteFilesOlderThan3DaysOUT
2024-04-14 22:03:00.278,INFO,FileController.js,deleteFilesOlderThan3Days,380,deleteFilesOlderThan3DaysIN
2024-04-14 22:03:00.280,INFO,FileController.js,isFileWithinLast3Days,271,isFileWithinLast3DaysIN
2024-04-14 22:03:00.280,INFO,FileController.js,isFileWithinLast3Days,289,isFileWithinLast3DaysOUT
2024-04-14 22:03:00.280,INFO,FileController.js,isFileWithinLast3Days,271,isFileWithinLast3DaysIN
2024-04-14 22:03:00.281,INFO,FileController.js,isFileWithinLast3Days,289,isFileWithinLast3DaysOUT
2024-04-14 22:03:00.281,INFO,FileController.js,deleteFilesOlderThan3Days,396,deleteFilesOlderThan3DaysOUT
2024-04-14 22:03:00.281,INFO,FileController.js,deleteFilesOlderThan3Days,380,deleteFilesOlderThan3DaysIN
2024-04-14 22:03:00.283,INFO,FileController.js,isFileWithinLast3Days,271,isFileWithinLast3DaysIN
2024-04-14 22:03:00.284,INFO,FileController.js,isFileWithinLast3Days,289,isFileWithinLast3DaysOUT
2024-04-14 22:03:00.284,INFO,FileController.js,deleteFilesOlderThan3Days,396,deleteFilesOlderThan3DaysOUT
2024-04-14 22:03:00.284,INFO,FileController.js,deleteFilesOlderThan3Days,380,deleteFilesOlderThan3DaysIN
2024-04-14 22:03:00.286,INFO,FileController.js,isFileWithinLast3Days,271,isFileWithinLast3DaysIN
2024-04-14 22:03:00.287,INFO,FileController.js,isFileWithinLast3Days,289,isFileWithinLast3DaysOUT
2024-04-14 22:03:00.287,INFO,FileController.js,isFileWithinLast3Days,271,isFileWithinLast3DaysIN
2024-04-14 22:03:00.288,INFO,FileController.js,isFileWithinLast3Days,289,isFileWithinLast3DaysOUT
2024-04-14 22:03:00.288,INFO,FileController.js,deleteFilesOlderThan3Days,396,deleteFilesOlderThan3DaysOUT
2024-04-14 22:03:00.288,INFO,FileController.js,deleteFilesOlderThan3Days,380,deleteFilesOlderThan3DaysIN
2024-04-14 22:03:00.290,INFO,FileController.js,isFileWithinLast3Days,271,isFileWithinLast3DaysIN
2024-04-14 22:03:00.291,INFO,FileController.js,isFileWithinLast3Days,289,isFileWithinLast3DaysOUT
2024-04-14 22:03:00.291,INFO,FileController.js,isFileWithinLast3Days,271,isFileWithinLast3DaysIN
2024-04-14 22:03:00.292,INFO,FileController.js,isFileWithinLast3Days,289,isFileWithinLast3DaysOUT
2024-04-14 22:03:00.292,INFO,FileController.js,deleteFilesOlderThan3Days,396,deleteFilesOlderThan3DaysOUT
2024-04-14 22:03:00.294,INFO,FileController.js,isFileWithinLast3Days,271,isFileWithinLast3DaysIN
2024-04-14 22:03:00.295,INFO,FileController.js,isFileWithinLast3Days,289,isFileWithinLast3DaysOUT
2024-04-14 22:03:00.297,INFO,FileController.js,isFileWithinLast3Days,271,isFileWithinLast3DaysIN
2024-04-14 22:03:00.297,INFO,FileController.js,isFileWithinLast3Days,289,isFileWithinLast3DaysOUT
2024-04-14 22:03:00.299,INFO,FileController.js,isFileWithinLast3Days,271,isFileWithinLast3DaysIN
2024-04-14 22:03:00.300,INFO,FileController.js,isFileWithinLast3Days,289,isFileWithinLast3DaysOUT
2024-04-14 22:03:00.302,INFO,FileController.js,isFileWithinLast3Days,271,isFileWithinLast3DaysIN
2024-04-14 22:03:00.302,INFO,FileController.js,isFileWithinLast3Days,289,isFileWithinLast3DaysOUT
2024-04-14 22:03:00.304,INFO,FileController.js,isFileWithinLast3Days,271,isFileWithinLast3DaysIN
2024-04-14 22:03:00.304,INFO,FileController.js,isFileWithinLast3Days,289,isFileWithinLast3DaysOUT
2024-04-14 22:03:00.304,INFO,FileController.js,isFileWithinLast3Days,271,isFileWithinLast3DaysIN
2024-04-14 22:03:00.305,INFO,FileController.js,isFileWithinLast3Days,289,isFileWithinLast3DaysOUT
2024-04-14 22:03:00.306,INFO,FileController.js,isFileWithinLast3Days,271,isFileWithinLast3DaysIN
2024-04-14 22:03:00.307,INFO,FileController.js,isFileWithinLast3Days,289,isFileWithinLast3DaysOUT
2024-04-14 22:03:00.307,INFO,FileController.js,isFileWithinLast3Days,271,isFileWithinLast3DaysIN
2024-04-14 22:03:00.307,INFO,FileController.js,isFileWithinLast3Days,289,isFileWithinLast3DaysOUT
2024-04-14 22:03:09.286,INFO,FileController.js,isFileWithinLast3Days,271,isFileWithinLast3DaysIN
2024-04-14 22:03:09.288,INFO,FileController.js,isFileWithinLast3Days,289,isFileWithinLast3DaysOUT
2024-04-14 22:03:09.288,INFO,FileController.js,isFileWithinLast3Days,271,isFileWithinLast3DaysIN
2024-04-14 22:03:09.289,INFO,FileController.js,isFileWithinLast3Days,289,isFileWithinLast3DaysOUT
2024-04-14 22:03:09.289,INFO,FileController.js,isFileWithinLast3Days,271,isFileWithinLast3DaysIN
2024-04-14 22:03:09.289,INFO,FileController.js,isFileWithinLast3Days,289,isFileWithinLast3DaysOUT
2024-04-14 22:03:09.289,INFO,FileController.js,isFileWithinLast3Days,271,isFileWithinLast3DaysIN
2024-04-14 22:03:09.289,INFO,FileController.js,isFileWithinLast3Days,289,isFileWithinLast3DaysOUT
2024-04-14 22:03:09.289,INFO,FileController.js,isFileWithinLast3Days,271,isFileWithinLast3DaysIN
2024-04-14 22:03:09.290,INFO,FileController.js,isFileWithinLast3Days,289,isFileWithinLast3DaysOUT
2024-04-14 22:03:09.290,INFO,FileController.js,isFileWithinLast3Days,271,isFileWithinLast3DaysIN
2024-04-14 22:03:09.290,INFO,FileController.js,isFileWithinLast3Days,289,isFileWithinLast3DaysOUT
2024-04-14 22:03:09.290,INFO,FileController.js,deleteFilesOlderThan3Days,380,deleteFilesOlderThan3DaysIN
2024-04-14 22:03:09.291,INFO,FileController.js,isFileWithinLast3Days,271,isFileWithinLast3DaysIN
2024-04-14 22:03:09.291,INFO,FileController.js,isFileWithinLast3Days,289,isFileWithinLast3DaysOUT
2024-04-14 22:03:09.291,INFO,FileController.js,deleteFilesOlderThan3Days,396,deleteFilesOlderThan3DaysOUT
2024-04-14 22:03:09.291,INFO,FileController.js,deleteFilesOlderThan3Days,380,deleteFilesOlderThan3DaysIN
2024-04-14 22:03:09.292,INFO,FileController.js,isFileWithinLast3Days,271,isFileWithinLast3DaysIN
2024-04-14 22:03:09.292,INFO,FileController.js,isFileWithinLast3Days,289,isFileWithinLast3DaysOUT
2024-04-14 22:03:09.293,INFO,FileController.js,deleteFilesOlderThan3Days,396,deleteFilesOlderThan3DaysOUT
2024-04-14 22:03:09.293,INFO,FileController.js,deleteFilesOlderThan3Days,380,deleteFilesOlderThan3DaysIN
2024-04-14 22:03:09.293,INFO,FileController.js,isFileWithinLast3Days,271,isFileWithinLast3DaysIN
2024-04-14 22:03:09.294,INFO,FileController.js,isFileWithinLast3Days,289,isFileWithinLast3DaysOUT
2024-04-14 22:03:09.294,INFO,FileController.js,isFileWithinLast3Days,271,isFileWithinLast3DaysIN
2024-04-14 22:03:09.294,INFO,FileController.js,isFileWithinLast3Days,289,isFileWithinLast3DaysOUT
2024-04-14 22:03:09.294,INFO,FileController.js,deleteFilesOlderThan3Days,396,deleteFilesOlderThan3DaysOUT
2024-04-14 22:03:09.294,INFO,FileController.js,deleteFilesOlderThan3Days,380,deleteFilesOlderThan3DaysIN
2024-04-14 22:03:09.295,INFO,FileController.js,isFileWithinLast3Days,271,isFileWithinLast3DaysIN
2024-04-14 22:03:09.295,INFO,FileController.js,isFileWithinLast3Days,289,isFileWithinLast3DaysOUT
2024-04-14 22:03:09.295,INFO,FileController.js,deleteFilesOlderThan3Days,396,deleteFilesOlderThan3DaysOUT
2024-04-14 22:03:09.295,INFO,FileController.js,deleteFilesOlderThan3Days,380,deleteFilesOlderThan3DaysIN
2024-04-14 22:03:09.296,INFO,FileController.js,isFileWithinLast3Days,271,isFileWithinLast3DaysIN
2024-04-14 22:03:09.296,INFO,FileController.js,isFileWithinLast3Days,289,isFileWithinLast3DaysOUT
2024-04-14 22:03:09.296,INFO,FileController.js,isFileWithinLast3Days,271,isFileWithinLast3DaysIN
2024-04-14 22:03:09.296,INFO,FileController.js,isFileWithinLast3Days,289,isFileWithinLast3DaysOUT
2024-04-14 22:03:09.297,INFO,FileController.js,deleteFilesOlderThan3Days,396,deleteFilesOlderThan3DaysOUT
2024-04-14 22:03:09.297,INFO,FileController.js,deleteFilesOlderThan3Days,380,deleteFilesOlderThan3DaysIN
2024-04-14 22:03:09.297,INFO,FileController.js,isFileWithinLast3Days,271,isFileWithinLast3DaysIN
2024-04-14 22:03:09.298,INFO,FileController.js,isFileWithinLast3Days,289,isFileWithinLast3DaysOUT
2024-04-14 22:03:09.298,INFO,FileController.js,isFileWithinLast3Days,271,isFileWithinLast3DaysIN
2024-04-14 22:03:09.298,INFO,FileController.js,isFileWithinLast3Days,289,isFileWithinLast3DaysOUT
2024-04-14 22:03:09.298,INFO,FileController.js,deleteFilesOlderThan3Days,396,deleteFilesOlderThan3DaysOUT
2024-04-14 22:03:09.299,INFO,FileController.js,isFileWithinLast3Days,271,isFileWithinLast3DaysIN
2024-04-14 22:03:09.299,INFO,FileController.js,isFileWithinLast3Days,289,isFileWithinLast3DaysOUT
2024-04-14 22:03:09.300,INFO,FileController.js,isFileWithinLast3Days,271,isFileWithinLast3DaysIN
2024-04-14 22:03:09.300,INFO,FileController.js,isFileWithinLast3Days,289,isFileWithinLast3DaysOUT
2024-04-14 22:03:09.301,INFO,FileController.js,isFileWithinLast3Days,271,isFileWithinLast3DaysIN
2024-04-14 22:03:09.301,INFO,FileController.js,isFileWithinLast3Days,289,isFileWithinLast3DaysOUT
2024-04-14 22:03:09.302,INFO,FileController.js,isFileWithinLast3Days,271,isFileWithinLast3DaysIN
2024-04-14 22:03:09.302,INFO,FileController.js,isFileWithinLast3Days,289,isFileWithinLast3DaysOUT
2024-04-14 22:03:09.303,INFO,FileController.js,isFileWithinLast3Days,271,isFileWithinLast3DaysIN
2024-04-14 22:03:09.303,INFO,FileController.js,isFileWithinLast3Days,289,isFileWithinLast3DaysOUT
2024-04-14 22:03:09.304,INFO,FileController.js,isFileWithinLast3Days,271,isFileWithinLast3DaysIN
2024-04-14 22:03:09.304,INFO,FileController.js,isFileWithinLast3Days,289,isFileWithinLast3DaysOUT
2024-04-14 22:03:09.305,INFO,FileController.js,isFileWithinLast3Days,271,isFileWithinLast3DaysIN
2024-04-14 22:03:09.305,INFO,FileController.js,isFileWithinLast3Days,289,isFileWithinLast3DaysOUT
2024-04-14 22:03:09.305,INFO,FileController.js,isFileWithinLast3Days,271,isFileWithinLast3DaysIN
2024-04-14 22:03:09.305,INFO,FileController.js,isFileWithinLast3Days,289,isFileWithinLast3DaysOUT
