2025-03-01 09:24:37.833,INFO,server.js,startServer,4,startServerIN
2025-03-01 09:24:37.834,INFO,server.js,startServer,9,startServerOUT
2025-03-01 09:24:46.679,INFO,FileController.js,deleteFilesOlderThan3Days,380,deleteFilesOlderThan3DaysIN
2025-03-01 09:24:46.680,INFO,FileController.js,deleteFilesOlderThan3Days,396,deleteFilesOlderThan3DaysOUT
2025-03-01 09:24:46.680,INFO,FileController.js,deleteFilesOlderThan3Days,380,deleteFilesOlderThan3DaysIN
2025-03-01 09:24:46.681,INFO,FileController.js,deleteFilesOlderThan3Days,396,deleteFilesOlderThan3DaysOUT
2025-03-01 09:24:46.681,INFO,FileController.js,deleteFilesOlderThan3Days,380,deleteFilesOlderThan3DaysIN
2025-03-01 09:24:46.681,INFO,FileController.js,deleteFilesOlderThan3Days,396,deleteFilesOlderThan3DaysOUT
2025-03-01 09:24:46.681,INFO,FileController.js,deleteFilesOlderThan3Days,380,deleteFilesOlderThan3DaysIN
2025-03-01 09:24:46.681,INFO,FileController.js,deleteFilesOlderThan3Days,396,deleteFilesOlderThan3DaysOUT
2025-03-01 09:24:46.681,INFO,FileController.js,deleteFilesOlderThan3Days,380,deleteFilesOlderThan3DaysIN
2025-03-01 09:24:46.681,INFO,FileController.js,deleteFilesOlderThan3Days,396,deleteFilesOlderThan3DaysOUT
2025-03-01 09:24:46.681,INFO,FileController.js,deleteFilesOlderThan3Days,380,deleteFilesOlderThan3DaysIN
2025-03-01 09:24:46.681,INFO,FileController.js,deleteFilesOlderThan3Days,396,deleteFilesOlderThan3DaysOUT
2025-03-01 09:24:55.681,INFO,FileController.js,deleteFilesOlderThan3Days,380,deleteFilesOlderThan3DaysIN
2025-03-01 09:24:55.683,INFO,FileController.js,deleteFilesOlderThan3Days,396,deleteFilesOlderThan3DaysOUT
2025-03-01 09:24:55.683,INFO,FileController.js,deleteFilesOlderThan3Days,380,deleteFilesOlderThan3DaysIN
2025-03-01 09:24:55.684,INFO,FileController.js,deleteFilesOlderThan3Days,396,deleteFilesOlderThan3DaysOUT
2025-03-01 09:24:55.684,INFO,FileController.js,deleteFilesOlderThan3Days,380,deleteFilesOlderThan3DaysIN
2025-03-01 09:24:55.684,INFO,FileController.js,deleteFilesOlderThan3Days,396,deleteFilesOlderThan3DaysOUT
2025-03-01 09:24:55.684,INFO,FileController.js,deleteFilesOlderThan3Days,380,deleteFilesOlderThan3DaysIN
2025-03-01 09:24:55.684,INFO,FileController.js,deleteFilesOlderThan3Days,396,deleteFilesOlderThan3DaysOUT
2025-03-01 09:24:55.684,INFO,FileController.js,deleteFilesOlderThan3Days,380,deleteFilesOlderThan3DaysIN
2025-03-01 09:24:55.684,INFO,FileController.js,deleteFilesOlderThan3Days,396,deleteFilesOlderThan3DaysOUT
2025-03-01 09:24:55.684,INFO,FileController.js,deleteFilesOlderThan3Days,380,deleteFilesOlderThan3DaysIN
2025-03-01 09:24:55.684,INFO,FileController.js,deleteFilesOlderThan3Days,396,deleteFilesOlderThan3DaysOUT
2025-03-01 09:25:04.694,INFO,FileController.js,deleteFilesOlderThan3Days,380,deleteFilesOlderThan3DaysIN
2025-03-01 09:25:04.699,INFO,FileController.js,deleteFilesOlderThan3Days,396,deleteFilesOlderThan3DaysOUT
2025-03-01 09:25:04.699,INFO,FileController.js,deleteFilesOlderThan3Days,380,deleteFilesOlderThan3DaysIN
2025-03-01 09:25:04.699,INFO,FileController.js,deleteFilesOlderThan3Days,396,deleteFilesOlderThan3DaysOUT
2025-03-01 09:25:04.699,INFO,FileController.js,deleteFilesOlderThan3Days,380,deleteFilesOlderThan3DaysIN
2025-03-01 09:25:04.699,INFO,FileController.js,deleteFilesOlderThan3Days,396,deleteFilesOlderThan3DaysOUT
2025-03-01 09:25:04.699,INFO,FileController.js,deleteFilesOlderThan3Days,380,deleteFilesOlderThan3DaysIN
2025-03-01 09:25:04.699,INFO,FileController.js,deleteFilesOlderThan3Days,396,deleteFilesOlderThan3DaysOUT
2025-03-01 09:25:04.699,INFO,FileController.js,deleteFilesOlderThan3Days,380,deleteFilesOlderThan3DaysIN
2025-03-01 09:25:04.699,INFO,FileController.js,deleteFilesOlderThan3Days,396,deleteFilesOlderThan3DaysOUT
2025-03-01 09:25:04.699,INFO,FileController.js,deleteFilesOlderThan3Days,380,deleteFilesOlderThan3DaysIN
2025-03-01 09:25:04.700,INFO,FileController.js,deleteFilesOlderThan3Days,396,deleteFilesOlderThan3DaysOUT
2025-03-01 09:25:13.683,INFO,FileController.js,deleteFilesOlderThan3Days,380,deleteFilesOlderThan3DaysIN
2025-03-01 09:25:13.683,INFO,FileController.js,deleteFilesOlderThan3Days,396,deleteFilesOlderThan3DaysOUT
2025-03-01 09:25:13.683,INFO,FileController.js,deleteFilesOlderThan3Days,380,deleteFilesOlderThan3DaysIN
2025-03-01 09:25:13.683,INFO,FileController.js,deleteFilesOlderThan3Days,396,deleteFilesOlderThan3DaysOUT
2025-03-01 09:25:13.683,INFO,FileController.js,deleteFilesOlderThan3Days,380,deleteFilesOlderThan3DaysIN
2025-03-01 09:25:13.683,INFO,FileController.js,deleteFilesOlderThan3Days,396,deleteFilesOlderThan3DaysOUT
2025-03-01 09:25:13.683,INFO,FileController.js,deleteFilesOlderThan3Days,380,deleteFilesOlderThan3DaysIN
2025-03-01 09:25:13.683,INFO,FileController.js,deleteFilesOlderThan3Days,396,deleteFilesOlderThan3DaysOUT
2025-03-01 09:25:13.683,INFO,FileController.js,deleteFilesOlderThan3Days,380,deleteFilesOlderThan3DaysIN
2025-03-01 09:25:13.683,INFO,FileController.js,deleteFilesOlderThan3Days,396,deleteFilesOlderThan3DaysOUT
2025-03-01 09:25:13.683,INFO,FileController.js,deleteFilesOlderThan3Days,380,deleteFilesOlderThan3DaysIN
2025-03-01 09:25:13.683,INFO,FileController.js,deleteFilesOlderThan3Days,396,deleteFilesOlderThan3DaysOUT
2025-03-01 09:25:22.686,INFO,FileController.js,deleteFilesOlderThan3Days,380,deleteFilesOlderThan3DaysIN
2025-03-01 09:25:22.688,INFO,FileController.js,deleteFilesOlderThan3Days,396,deleteFilesOlderThan3DaysOUT
2025-03-01 09:25:22.688,INFO,FileController.js,deleteFilesOlderThan3Days,380,deleteFilesOlderThan3DaysIN
2025-03-01 09:25:22.688,INFO,FileController.js,deleteFilesOlderThan3Days,396,deleteFilesOlderThan3DaysOUT
2025-03-01 09:25:22.688,INFO,FileController.js,deleteFilesOlderThan3Days,380,deleteFilesOlderThan3DaysIN
2025-03-01 09:25:22.688,INFO,FileController.js,deleteFilesOlderThan3Days,396,deleteFilesOlderThan3DaysOUT
2025-03-01 09:25:22.688,INFO,FileController.js,deleteFilesOlderThan3Days,380,deleteFilesOlderThan3DaysIN
2025-03-01 09:25:22.688,INFO,FileController.js,deleteFilesOlderThan3Days,396,deleteFilesOlderThan3DaysOUT
2025-03-01 09:25:22.689,INFO,FileController.js,deleteFilesOlderThan3Days,380,deleteFilesOlderThan3DaysIN
2025-03-01 09:25:22.689,INFO,FileController.js,deleteFilesOlderThan3Days,396,deleteFilesOlderThan3DaysOUT
2025-03-01 09:25:22.689,INFO,FileController.js,deleteFilesOlderThan3Days,380,deleteFilesOlderThan3DaysIN
2025-03-01 09:25:22.689,INFO,FileController.js,deleteFilesOlderThan3Days,396,deleteFilesOlderThan3DaysOUT
2025-03-01 09:25:31.685,INFO,FileController.js,deleteFilesOlderThan3Days,380,deleteFilesOlderThan3DaysIN
2025-03-01 09:25:31.685,INFO,FileController.js,deleteFilesOlderThan3Days,396,deleteFilesOlderThan3DaysOUT
2025-03-01 09:25:31.685,INFO,FileController.js,deleteFilesOlderThan3Days,380,deleteFilesOlderThan3DaysIN
2025-03-01 09:25:31.685,INFO,FileController.js,deleteFilesOlderThan3Days,396,deleteFilesOlderThan3DaysOUT
2025-03-01 09:25:31.685,INFO,FileController.js,deleteFilesOlderThan3Days,380,deleteFilesOlderThan3DaysIN
2025-03-01 09:25:31.685,INFO,FileController.js,deleteFilesOlderThan3Days,396,deleteFilesOlderThan3DaysOUT
2025-03-01 09:25:31.685,INFO,FileController.js,deleteFilesOlderThan3Days,380,deleteFilesOlderThan3DaysIN
2025-03-01 09:25:31.685,INFO,FileController.js,deleteFilesOlderThan3Days,396,deleteFilesOlderThan3DaysOUT
2025-03-01 09:25:31.685,INFO,FileController.js,deleteFilesOlderThan3Days,380,deleteFilesOlderThan3DaysIN
2025-03-01 09:25:31.685,INFO,FileController.js,deleteFilesOlderThan3Days,396,deleteFilesOlderThan3DaysOUT
2025-03-01 09:25:31.685,INFO,FileController.js,deleteFilesOlderThan3Days,380,deleteFilesOlderThan3DaysIN
2025-03-01 09:25:31.685,INFO,FileController.js,deleteFilesOlderThan3Days,396,deleteFilesOlderThan3DaysOUT
2025-03-01 09:25:40.685,INFO,FileController.js,deleteFilesOlderThan3Days,380,deleteFilesOlderThan3DaysIN
2025-03-01 09:25:40.686,INFO,FileController.js,deleteFilesOlderThan3Days,396,deleteFilesOlderThan3DaysOUT
2025-03-01 09:25:40.686,INFO,FileController.js,deleteFilesOlderThan3Days,380,deleteFilesOlderThan3DaysIN
2025-03-01 09:25:40.686,INFO,FileController.js,deleteFilesOlderThan3Days,396,deleteFilesOlderThan3DaysOUT
2025-03-01 09:25:40.686,INFO,FileController.js,deleteFilesOlderThan3Days,380,deleteFilesOlderThan3DaysIN
2025-03-01 09:25:40.686,INFO,FileController.js,deleteFilesOlderThan3Days,396,deleteFilesOlderThan3DaysOUT
2025-03-01 09:25:40.686,INFO,FileController.js,deleteFilesOlderThan3Days,380,deleteFilesOlderThan3DaysIN
2025-03-01 09:25:40.686,INFO,FileController.js,deleteFilesOlderThan3Days,396,deleteFilesOlderThan3DaysOUT
2025-03-01 09:25:40.686,INFO,FileController.js,deleteFilesOlderThan3Days,380,deleteFilesOlderThan3DaysIN
2025-03-01 09:25:40.686,INFO,FileController.js,deleteFilesOlderThan3Days,396,deleteFilesOlderThan3DaysOUT
2025-03-01 09:25:40.686,INFO,FileController.js,deleteFilesOlderThan3Days,380,deleteFilesOlderThan3DaysIN
2025-03-01 09:25:40.686,INFO,FileController.js,deleteFilesOlderThan3Days,396,deleteFilesOlderThan3DaysOUT
2025-03-01 09:25:49.687,INFO,FileController.js,deleteFilesOlderThan3Days,380,deleteFilesOlderThan3DaysIN
2025-03-01 09:25:49.688,INFO,FileController.js,deleteFilesOlderThan3Days,396,deleteFilesOlderThan3DaysOUT
2025-03-01 09:25:49.688,INFO,FileController.js,deleteFilesOlderThan3Days,380,deleteFilesOlderThan3DaysIN
2025-03-01 09:25:49.688,INFO,FileController.js,deleteFilesOlderThan3Days,396,deleteFilesOlderThan3DaysOUT
2025-03-01 09:25:49.688,INFO,FileController.js,deleteFilesOlderThan3Days,380,deleteFilesOlderThan3DaysIN
2025-03-01 09:25:49.689,INFO,FileController.js,deleteFilesOlderThan3Days,396,deleteFilesOlderThan3DaysOUT
2025-03-01 09:25:49.689,INFO,FileController.js,deleteFilesOlderThan3Days,380,deleteFilesOlderThan3DaysIN
2025-03-01 09:25:49.689,INFO,FileController.js,deleteFilesOlderThan3Days,396,deleteFilesOlderThan3DaysOUT
2025-03-01 09:25:49.689,INFO,FileController.js,deleteFilesOlderThan3Days,380,deleteFilesOlderThan3DaysIN
2025-03-01 09:25:49.689,INFO,FileController.js,deleteFilesOlderThan3Days,396,deleteFilesOlderThan3DaysOUT
2025-03-01 09:25:49.689,INFO,FileController.js,deleteFilesOlderThan3Days,380,deleteFilesOlderThan3DaysIN
2025-03-01 09:25:49.689,INFO,FileController.js,deleteFilesOlderThan3Days,396,deleteFilesOlderThan3DaysOUT
2025-03-01 09:25:58.690,INFO,FileController.js,deleteFilesOlderThan3Days,380,deleteFilesOlderThan3DaysIN
2025-03-01 09:25:58.691,INFO,FileController.js,deleteFilesOlderThan3Days,396,deleteFilesOlderThan3DaysOUT
2025-03-01 09:25:58.691,INFO,FileController.js,deleteFilesOlderThan3Days,380,deleteFilesOlderThan3DaysIN
2025-03-01 09:25:58.691,INFO,FileController.js,deleteFilesOlderThan3Days,396,deleteFilesOlderThan3DaysOUT
2025-03-01 09:25:58.691,INFO,FileController.js,deleteFilesOlderThan3Days,380,deleteFilesOlderThan3DaysIN
2025-03-01 09:25:58.691,INFO,FileController.js,deleteFilesOlderThan3Days,396,deleteFilesOlderThan3DaysOUT
2025-03-01 09:25:58.691,INFO,FileController.js,deleteFilesOlderThan3Days,380,deleteFilesOlderThan3DaysIN
2025-03-01 09:25:58.692,INFO,FileController.js,deleteFilesOlderThan3Days,396,deleteFilesOlderThan3DaysOUT
2025-03-01 09:25:58.692,INFO,FileController.js,deleteFilesOlderThan3Days,380,deleteFilesOlderThan3DaysIN
2025-03-01 09:25:58.692,INFO,FileController.js,deleteFilesOlderThan3Days,396,deleteFilesOlderThan3DaysOUT
2025-03-01 09:25:58.692,INFO,FileController.js,deleteFilesOlderThan3Days,380,deleteFilesOlderThan3DaysIN
2025-03-01 09:25:58.692,INFO,FileController.js,deleteFilesOlderThan3Days,396,deleteFilesOlderThan3DaysOUT
2025-03-01 09:26:07.691,INFO,FileController.js,deleteFilesOlderThan3Days,380,deleteFilesOlderThan3DaysIN
2025-03-01 09:26:07.692,INFO,FileController.js,deleteFilesOlderThan3Days,396,deleteFilesOlderThan3DaysOUT
2025-03-01 09:26:07.692,INFO,FileController.js,deleteFilesOlderThan3Days,380,deleteFilesOlderThan3DaysIN
2025-03-01 09:26:07.692,INFO,FileController.js,deleteFilesOlderThan3Days,396,deleteFilesOlderThan3DaysOUT
2025-03-01 09:26:07.692,INFO,FileController.js,deleteFilesOlderThan3Days,380,deleteFilesOlderThan3DaysIN
2025-03-01 09:26:07.693,INFO,FileController.js,deleteFilesOlderThan3Days,396,deleteFilesOlderThan3DaysOUT
2025-03-01 09:26:07.694,INFO,FileController.js,deleteFilesOlderThan3Days,380,deleteFilesOlderThan3DaysIN
2025-03-01 09:26:07.694,INFO,FileController.js,deleteFilesOlderThan3Days,396,deleteFilesOlderThan3DaysOUT
2025-03-01 09:26:07.694,INFO,FileController.js,deleteFilesOlderThan3Days,380,deleteFilesOlderThan3DaysIN
2025-03-01 09:26:07.694,INFO,FileController.js,deleteFilesOlderThan3Days,396,deleteFilesOlderThan3DaysOUT
2025-03-01 09:26:07.694,INFO,FileController.js,deleteFilesOlderThan3Days,380,deleteFilesOlderThan3DaysIN
2025-03-01 09:26:07.694,INFO,FileController.js,deleteFilesOlderThan3Days,396,deleteFilesOlderThan3DaysOUT
2025-03-01 09:26:16.695,INFO,FileController.js,deleteFilesOlderThan3Days,380,deleteFilesOlderThan3DaysIN
2025-03-01 09:26:16.697,INFO,FileController.js,deleteFilesOlderThan3Days,396,deleteFilesOlderThan3DaysOUT
2025-03-01 09:26:16.697,INFO,FileController.js,deleteFilesOlderThan3Days,380,deleteFilesOlderThan3DaysIN
2025-03-01 09:26:16.697,INFO,FileController.js,deleteFilesOlderThan3Days,396,deleteFilesOlderThan3DaysOUT
2025-03-01 09:26:16.697,INFO,FileController.js,deleteFilesOlderThan3Days,380,deleteFilesOlderThan3DaysIN
2025-03-01 09:26:16.697,INFO,FileController.js,deleteFilesOlderThan3Days,396,deleteFilesOlderThan3DaysOUT
2025-03-01 09:26:16.699,INFO,FileController.js,deleteFilesOlderThan3Days,380,deleteFilesOlderThan3DaysIN
2025-03-01 09:26:16.699,INFO,FileController.js,deleteFilesOlderThan3Days,396,deleteFilesOlderThan3DaysOUT
2025-03-01 09:26:16.699,INFO,FileController.js,deleteFilesOlderThan3Days,380,deleteFilesOlderThan3DaysIN
2025-03-01 09:26:16.699,INFO,FileController.js,deleteFilesOlderThan3Days,396,deleteFilesOlderThan3DaysOUT
2025-03-01 09:26:16.699,INFO,FileController.js,deleteFilesOlderThan3Days,380,deleteFilesOlderThan3DaysIN
2025-03-01 09:26:16.699,INFO,FileController.js,deleteFilesOlderThan3Days,396,deleteFilesOlderThan3DaysOUT
2025-03-01 09:26:25.697,INFO,FileController.js,deleteFilesOlderThan3Days,380,deleteFilesOlderThan3DaysIN
2025-03-01 09:26:25.699,INFO,FileController.js,deleteFilesOlderThan3Days,396,deleteFilesOlderThan3DaysOUT
2025-03-01 09:26:25.700,INFO,FileController.js,deleteFilesOlderThan3Days,380,deleteFilesOlderThan3DaysIN
2025-03-01 09:26:25.700,INFO,FileController.js,deleteFilesOlderThan3Days,396,deleteFilesOlderThan3DaysOUT
2025-03-01 09:26:25.700,INFO,FileController.js,deleteFilesOlderThan3Days,380,deleteFilesOlderThan3DaysIN
2025-03-01 09:26:25.700,INFO,FileController.js,deleteFilesOlderThan3Days,396,deleteFilesOlderThan3DaysOUT
2025-03-01 09:26:25.700,INFO,FileController.js,deleteFilesOlderThan3Days,380,deleteFilesOlderThan3DaysIN
2025-03-01 09:26:25.700,INFO,FileController.js,deleteFilesOlderThan3Days,396,deleteFilesOlderThan3DaysOUT
2025-03-01 09:26:25.700,INFO,FileController.js,deleteFilesOlderThan3Days,380,deleteFilesOlderThan3DaysIN
2025-03-01 09:26:25.700,INFO,FileController.js,deleteFilesOlderThan3Days,396,deleteFilesOlderThan3DaysOUT
2025-03-01 09:26:25.700,INFO,FileController.js,deleteFilesOlderThan3Days,380,deleteFilesOlderThan3DaysIN
2025-03-01 09:26:25.708,INFO,FileController.js,deleteFilesOlderThan3Days,396,deleteFilesOlderThan3DaysOUT
2025-03-01 09:26:34.699,INFO,FileController.js,deleteFilesOlderThan3Days,380,deleteFilesOlderThan3DaysIN
2025-03-01 09:26:34.701,INFO,FileController.js,deleteFilesOlderThan3Days,396,deleteFilesOlderThan3DaysOUT
2025-03-01 09:26:34.701,INFO,FileController.js,deleteFilesOlderThan3Days,380,deleteFilesOlderThan3DaysIN
2025-03-01 09:26:34.702,INFO,FileController.js,deleteFilesOlderThan3Days,396,deleteFilesOlderThan3DaysOUT
2025-03-01 09:26:34.702,INFO,FileController.js,deleteFilesOlderThan3Days,380,deleteFilesOlderThan3DaysIN
2025-03-01 09:26:34.702,INFO,FileController.js,deleteFilesOlderThan3Days,396,deleteFilesOlderThan3DaysOUT
2025-03-01 09:26:34.702,INFO,FileController.js,deleteFilesOlderThan3Days,380,deleteFilesOlderThan3DaysIN
2025-03-01 09:26:34.702,INFO,FileController.js,deleteFilesOlderThan3Days,396,deleteFilesOlderThan3DaysOUT
2025-03-01 09:26:34.703,INFO,FileController.js,deleteFilesOlderThan3Days,380,deleteFilesOlderThan3DaysIN
2025-03-01 09:26:34.703,INFO,FileController.js,deleteFilesOlderThan3Days,396,deleteFilesOlderThan3DaysOUT
2025-03-01 09:26:34.703,INFO,FileController.js,deleteFilesOlderThan3Days,380,deleteFilesOlderThan3DaysIN
2025-03-01 09:26:34.704,INFO,FileController.js,deleteFilesOlderThan3Days,396,deleteFilesOlderThan3DaysOUT
2025-03-01 09:26:43.702,INFO,FileController.js,deleteFilesOlderThan3Days,380,deleteFilesOlderThan3DaysIN
2025-03-01 09:26:43.707,INFO,FileController.js,deleteFilesOlderThan3Days,396,deleteFilesOlderThan3DaysOUT
2025-03-01 09:26:43.707,INFO,FileController.js,deleteFilesOlderThan3Days,380,deleteFilesOlderThan3DaysIN
2025-03-01 09:26:43.707,INFO,FileController.js,deleteFilesOlderThan3Days,396,deleteFilesOlderThan3DaysOUT
2025-03-01 09:26:43.707,INFO,FileController.js,deleteFilesOlderThan3Days,380,deleteFilesOlderThan3DaysIN
2025-03-01 09:26:43.707,INFO,FileController.js,deleteFilesOlderThan3Days,396,deleteFilesOlderThan3DaysOUT
2025-03-01 09:26:43.707,INFO,FileController.js,deleteFilesOlderThan3Days,380,deleteFilesOlderThan3DaysIN
2025-03-01 09:26:43.708,INFO,FileController.js,deleteFilesOlderThan3Days,396,deleteFilesOlderThan3DaysOUT
2025-03-01 09:26:43.708,INFO,FileController.js,deleteFilesOlderThan3Days,380,deleteFilesOlderThan3DaysIN
2025-03-01 09:26:43.710,INFO,FileController.js,deleteFilesOlderThan3Days,396,deleteFilesOlderThan3DaysOUT
2025-03-01 09:26:43.710,INFO,FileController.js,deleteFilesOlderThan3Days,380,deleteFilesOlderThan3DaysIN
2025-03-01 09:26:43.710,INFO,FileController.js,deleteFilesOlderThan3Days,396,deleteFilesOlderThan3DaysOUT
2025-03-01 09:26:52.699,INFO,FileController.js,deleteFilesOlderThan3Days,380,deleteFilesOlderThan3DaysIN
2025-03-01 09:26:52.700,INFO,FileController.js,deleteFilesOlderThan3Days,396,deleteFilesOlderThan3DaysOUT
2025-03-01 09:26:52.700,INFO,FileController.js,deleteFilesOlderThan3Days,380,deleteFilesOlderThan3DaysIN
2025-03-01 09:26:52.700,INFO,FileController.js,deleteFilesOlderThan3Days,396,deleteFilesOlderThan3DaysOUT
2025-03-01 09:26:52.700,INFO,FileController.js,deleteFilesOlderThan3Days,380,deleteFilesOlderThan3DaysIN
2025-03-01 09:26:52.700,INFO,FileController.js,deleteFilesOlderThan3Days,396,deleteFilesOlderThan3DaysOUT
2025-03-01 09:26:52.700,INFO,FileController.js,deleteFilesOlderThan3Days,380,deleteFilesOlderThan3DaysIN
2025-03-01 09:26:52.701,INFO,FileController.js,deleteFilesOlderThan3Days,396,deleteFilesOlderThan3DaysOUT
2025-03-01 09:26:52.701,INFO,FileController.js,deleteFilesOlderThan3Days,380,deleteFilesOlderThan3DaysIN
2025-03-01 09:26:52.701,INFO,FileController.js,deleteFilesOlderThan3Days,396,deleteFilesOlderThan3DaysOUT
2025-03-01 09:26:52.701,INFO,FileController.js,deleteFilesOlderThan3Days,380,deleteFilesOlderThan3DaysIN
2025-03-01 09:26:52.701,INFO,FileController.js,deleteFilesOlderThan3Days,396,deleteFilesOlderThan3DaysOUT
2025-03-01 09:26:55.890,INFO,server.js,startServer,4,startServerIN
2025-03-01 09:26:55.891,INFO,server.js,startServer,9,startServerOUT
2025-03-01 09:27:04.740,INFO,FileController.js,deleteFilesOlderThan3Days,380,deleteFilesOlderThan3DaysIN
2025-03-01 09:27:04.743,INFO,FileController.js,deleteFilesOlderThan3Days,396,deleteFilesOlderThan3DaysOUT
2025-03-01 09:27:04.743,INFO,FileController.js,deleteFilesOlderThan3Days,380,deleteFilesOlderThan3DaysIN
2025-03-01 09:27:04.744,INFO,FileController.js,deleteFilesOlderThan3Days,396,deleteFilesOlderThan3DaysOUT
2025-03-01 09:27:04.744,INFO,FileController.js,deleteFilesOlderThan3Days,380,deleteFilesOlderThan3DaysIN
2025-03-01 09:27:04.744,INFO,FileController.js,deleteFilesOlderThan3Days,396,deleteFilesOlderThan3DaysOUT
2025-03-01 09:27:04.744,INFO,FileController.js,deleteFilesOlderThan3Days,380,deleteFilesOlderThan3DaysIN
2025-03-01 09:27:04.745,INFO,FileController.js,deleteFilesOlderThan3Days,396,deleteFilesOlderThan3DaysOUT
2025-03-01 09:27:04.745,INFO,FileController.js,deleteFilesOlderThan3Days,380,deleteFilesOlderThan3DaysIN
2025-03-01 09:27:04.745,INFO,FileController.js,deleteFilesOlderThan3Days,396,deleteFilesOlderThan3DaysOUT
2025-03-01 09:27:04.745,INFO,FileController.js,deleteFilesOlderThan3Days,380,deleteFilesOlderThan3DaysIN
2025-03-01 09:27:04.746,INFO,FileController.js,deleteFilesOlderThan3Days,396,deleteFilesOlderThan3DaysOUT
2025-03-01 09:27:13.742,INFO,FileController.js,deleteFilesOlderThan3Days,380,deleteFilesOlderThan3DaysIN
2025-03-01 09:27:13.744,INFO,FileController.js,deleteFilesOlderThan3Days,396,deleteFilesOlderThan3DaysOUT
2025-03-01 09:27:13.744,INFO,FileController.js,deleteFilesOlderThan3Days,380,deleteFilesOlderThan3DaysIN
2025-03-01 09:27:13.745,INFO,FileController.js,deleteFilesOlderThan3Days,396,deleteFilesOlderThan3DaysOUT
2025-03-01 09:27:13.745,INFO,FileController.js,deleteFilesOlderThan3Days,380,deleteFilesOlderThan3DaysIN
2025-03-01 09:27:13.746,INFO,FileController.js,deleteFilesOlderThan3Days,396,deleteFilesOlderThan3DaysOUT
2025-03-01 09:27:13.746,INFO,FileController.js,deleteFilesOlderThan3Days,380,deleteFilesOlderThan3DaysIN
2025-03-01 09:27:13.746,INFO,FileController.js,deleteFilesOlderThan3Days,396,deleteFilesOlderThan3DaysOUT
2025-03-01 09:27:13.746,INFO,FileController.js,deleteFilesOlderThan3Days,380,deleteFilesOlderThan3DaysIN
2025-03-01 09:27:13.747,INFO,FileController.js,deleteFilesOlderThan3Days,396,deleteFilesOlderThan3DaysOUT
2025-03-01 09:27:13.747,INFO,FileController.js,deleteFilesOlderThan3Days,380,deleteFilesOlderThan3DaysIN
2025-03-01 09:27:13.747,INFO,FileController.js,deleteFilesOlderThan3Days,396,deleteFilesOlderThan3DaysOUT
2025-03-01 09:27:22.748,INFO,FileController.js,deleteFilesOlderThan3Days,380,deleteFilesOlderThan3DaysIN
2025-03-01 09:27:22.750,INFO,FileController.js,deleteFilesOlderThan3Days,396,deleteFilesOlderThan3DaysOUT
2025-03-01 09:27:22.750,INFO,FileController.js,deleteFilesOlderThan3Days,380,deleteFilesOlderThan3DaysIN
2025-03-01 09:27:22.750,INFO,FileController.js,deleteFilesOlderThan3Days,396,deleteFilesOlderThan3DaysOUT
2025-03-01 09:27:22.750,INFO,FileController.js,deleteFilesOlderThan3Days,380,deleteFilesOlderThan3DaysIN
2025-03-01 09:27:22.750,INFO,FileController.js,deleteFilesOlderThan3Days,396,deleteFilesOlderThan3DaysOUT
2025-03-01 09:27:22.750,INFO,FileController.js,deleteFilesOlderThan3Days,380,deleteFilesOlderThan3DaysIN
2025-03-01 09:27:22.750,INFO,FileController.js,deleteFilesOlderThan3Days,396,deleteFilesOlderThan3DaysOUT
2025-03-01 09:27:22.751,INFO,FileController.js,deleteFilesOlderThan3Days,380,deleteFilesOlderThan3DaysIN
2025-03-01 09:27:22.751,INFO,FileController.js,deleteFilesOlderThan3Days,396,deleteFilesOlderThan3DaysOUT
2025-03-01 09:27:22.751,INFO,FileController.js,deleteFilesOlderThan3Days,380,deleteFilesOlderThan3DaysIN
2025-03-01 09:27:22.751,INFO,FileController.js,deleteFilesOlderThan3Days,396,deleteFilesOlderThan3DaysOUT
2025-03-01 09:27:31.744,INFO,FileController.js,deleteFilesOlderThan3Days,380,deleteFilesOlderThan3DaysIN
2025-03-01 09:27:31.745,INFO,FileController.js,deleteFilesOlderThan3Days,396,deleteFilesOlderThan3DaysOUT
2025-03-01 09:27:31.745,INFO,FileController.js,deleteFilesOlderThan3Days,380,deleteFilesOlderThan3DaysIN
2025-03-01 09:27:31.746,INFO,FileController.js,deleteFilesOlderThan3Days,396,deleteFilesOlderThan3DaysOUT
2025-03-01 09:27:31.746,INFO,FileController.js,deleteFilesOlderThan3Days,380,deleteFilesOlderThan3DaysIN
2025-03-01 09:27:31.746,INFO,FileController.js,deleteFilesOlderThan3Days,396,deleteFilesOlderThan3DaysOUT
2025-03-01 09:27:31.746,INFO,FileController.js,deleteFilesOlderThan3Days,380,deleteFilesOlderThan3DaysIN
2025-03-01 09:27:31.746,INFO,FileController.js,deleteFilesOlderThan3Days,396,deleteFilesOlderThan3DaysOUT
2025-03-01 09:27:31.747,INFO,FileController.js,deleteFilesOlderThan3Days,380,deleteFilesOlderThan3DaysIN
2025-03-01 09:27:31.747,INFO,FileController.js,deleteFilesOlderThan3Days,396,deleteFilesOlderThan3DaysOUT
2025-03-01 09:27:31.747,INFO,FileController.js,deleteFilesOlderThan3Days,380,deleteFilesOlderThan3DaysIN
2025-03-01 09:27:31.747,INFO,FileController.js,deleteFilesOlderThan3Days,396,deleteFilesOlderThan3DaysOUT
2025-03-01 09:27:40.749,INFO,FileController.js,deleteFilesOlderThan3Days,380,deleteFilesOlderThan3DaysIN
2025-03-01 09:27:40.750,INFO,FileController.js,deleteFilesOlderThan3Days,396,deleteFilesOlderThan3DaysOUT
2025-03-01 09:27:40.750,INFO,FileController.js,deleteFilesOlderThan3Days,380,deleteFilesOlderThan3DaysIN
2025-03-01 09:27:40.750,INFO,FileController.js,deleteFilesOlderThan3Days,396,deleteFilesOlderThan3DaysOUT
2025-03-01 09:27:40.751,INFO,FileController.js,deleteFilesOlderThan3Days,380,deleteFilesOlderThan3DaysIN
2025-03-01 09:27:40.751,INFO,FileController.js,deleteFilesOlderThan3Days,396,deleteFilesOlderThan3DaysOUT
2025-03-01 09:27:40.751,INFO,FileController.js,deleteFilesOlderThan3Days,380,deleteFilesOlderThan3DaysIN
2025-03-01 09:27:40.751,INFO,FileController.js,deleteFilesOlderThan3Days,396,deleteFilesOlderThan3DaysOUT
2025-03-01 09:27:40.751,INFO,FileController.js,deleteFilesOlderThan3Days,380,deleteFilesOlderThan3DaysIN
2025-03-01 09:27:40.751,INFO,FileController.js,deleteFilesOlderThan3Days,396,deleteFilesOlderThan3DaysOUT
2025-03-01 09:27:40.751,INFO,FileController.js,deleteFilesOlderThan3Days,380,deleteFilesOlderThan3DaysIN
2025-03-01 09:27:40.751,INFO,FileController.js,deleteFilesOlderThan3Days,396,deleteFilesOlderThan3DaysOUT
2025-03-01 09:27:49.751,INFO,FileController.js,deleteFilesOlderThan3Days,380,deleteFilesOlderThan3DaysIN
2025-03-01 09:27:49.752,INFO,FileController.js,deleteFilesOlderThan3Days,396,deleteFilesOlderThan3DaysOUT
2025-03-01 09:27:49.752,INFO,FileController.js,deleteFilesOlderThan3Days,380,deleteFilesOlderThan3DaysIN
2025-03-01 09:27:49.753,INFO,FileController.js,deleteFilesOlderThan3Days,396,deleteFilesOlderThan3DaysOUT
2025-03-01 09:27:49.753,INFO,FileController.js,deleteFilesOlderThan3Days,380,deleteFilesOlderThan3DaysIN
2025-03-01 09:27:49.753,INFO,FileController.js,deleteFilesOlderThan3Days,396,deleteFilesOlderThan3DaysOUT
2025-03-01 09:27:49.753,INFO,FileController.js,deleteFilesOlderThan3Days,380,deleteFilesOlderThan3DaysIN
2025-03-01 09:27:49.753,INFO,FileController.js,deleteFilesOlderThan3Days,396,deleteFilesOlderThan3DaysOUT
2025-03-01 09:27:49.753,INFO,FileController.js,deleteFilesOlderThan3Days,380,deleteFilesOlderThan3DaysIN
2025-03-01 09:27:49.753,INFO,FileController.js,deleteFilesOlderThan3Days,396,deleteFilesOlderThan3DaysOUT
2025-03-01 09:27:49.754,INFO,FileController.js,deleteFilesOlderThan3Days,380,deleteFilesOlderThan3DaysIN
2025-03-01 09:27:49.754,INFO,FileController.js,deleteFilesOlderThan3Days,396,deleteFilesOlderThan3DaysOUT
2025-03-01 09:27:58.751,INFO,FileController.js,deleteFilesOlderThan3Days,380,deleteFilesOlderThan3DaysIN
2025-03-01 09:27:58.752,INFO,FileController.js,deleteFilesOlderThan3Days,396,deleteFilesOlderThan3DaysOUT
2025-03-01 09:27:58.752,INFO,FileController.js,deleteFilesOlderThan3Days,380,deleteFilesOlderThan3DaysIN
2025-03-01 09:27:58.753,INFO,FileController.js,deleteFilesOlderThan3Days,396,deleteFilesOlderThan3DaysOUT
2025-03-01 09:27:58.753,INFO,FileController.js,deleteFilesOlderThan3Days,380,deleteFilesOlderThan3DaysIN
2025-03-01 09:27:58.753,INFO,FileController.js,deleteFilesOlderThan3Days,396,deleteFilesOlderThan3DaysOUT
2025-03-01 09:27:58.754,INFO,FileController.js,deleteFilesOlderThan3Days,380,deleteFilesOlderThan3DaysIN
2025-03-01 09:27:58.754,INFO,FileController.js,deleteFilesOlderThan3Days,396,deleteFilesOlderThan3DaysOUT
2025-03-01 09:27:58.754,INFO,FileController.js,deleteFilesOlderThan3Days,380,deleteFilesOlderThan3DaysIN
2025-03-01 09:27:58.754,INFO,FileController.js,deleteFilesOlderThan3Days,396,deleteFilesOlderThan3DaysOUT
2025-03-01 09:27:58.754,INFO,FileController.js,deleteFilesOlderThan3Days,380,deleteFilesOlderThan3DaysIN
2025-03-01 09:27:58.754,INFO,FileController.js,deleteFilesOlderThan3Days,396,deleteFilesOlderThan3DaysOUT
2025-03-01 09:28:07.755,INFO,FileController.js,deleteFilesOlderThan3Days,380,deleteFilesOlderThan3DaysIN
2025-03-01 09:28:07.756,INFO,FileController.js,deleteFilesOlderThan3Days,396,deleteFilesOlderThan3DaysOUT
2025-03-01 09:28:07.756,INFO,FileController.js,deleteFilesOlderThan3Days,380,deleteFilesOlderThan3DaysIN
2025-03-01 09:28:07.756,INFO,FileController.js,deleteFilesOlderThan3Days,396,deleteFilesOlderThan3DaysOUT
2025-03-01 09:28:07.756,INFO,FileController.js,deleteFilesOlderThan3Days,380,deleteFilesOlderThan3DaysIN
2025-03-01 09:28:07.756,INFO,FileController.js,deleteFilesOlderThan3Days,396,deleteFilesOlderThan3DaysOUT
2025-03-01 09:28:07.757,INFO,FileController.js,deleteFilesOlderThan3Days,380,deleteFilesOlderThan3DaysIN
2025-03-01 09:28:07.757,INFO,FileController.js,deleteFilesOlderThan3Days,396,deleteFilesOlderThan3DaysOUT
2025-03-01 09:28:07.757,INFO,FileController.js,deleteFilesOlderThan3Days,380,deleteFilesOlderThan3DaysIN
2025-03-01 09:28:07.757,INFO,FileController.js,deleteFilesOlderThan3Days,396,deleteFilesOlderThan3DaysOUT
2025-03-01 09:28:07.757,INFO,FileController.js,deleteFilesOlderThan3Days,380,deleteFilesOlderThan3DaysIN
2025-03-01 09:28:07.757,INFO,FileController.js,deleteFilesOlderThan3Days,396,deleteFilesOlderThan3DaysOUT
2025-03-01 09:28:16.753,INFO,FileController.js,deleteFilesOlderThan3Days,380,deleteFilesOlderThan3DaysIN
2025-03-01 09:28:16.755,INFO,FileController.js,deleteFilesOlderThan3Days,396,deleteFilesOlderThan3DaysOUT
2025-03-01 09:28:16.755,INFO,FileController.js,deleteFilesOlderThan3Days,380,deleteFilesOlderThan3DaysIN
2025-03-01 09:28:16.755,INFO,FileController.js,deleteFilesOlderThan3Days,396,deleteFilesOlderThan3DaysOUT
2025-03-01 09:28:16.755,INFO,FileController.js,deleteFilesOlderThan3Days,380,deleteFilesOlderThan3DaysIN
2025-03-01 09:28:16.756,INFO,FileController.js,deleteFilesOlderThan3Days,396,deleteFilesOlderThan3DaysOUT
2025-03-01 09:28:16.756,INFO,FileController.js,deleteFilesOlderThan3Days,380,deleteFilesOlderThan3DaysIN
2025-03-01 09:28:16.756,INFO,FileController.js,deleteFilesOlderThan3Days,396,deleteFilesOlderThan3DaysOUT
2025-03-01 09:28:16.756,INFO,FileController.js,deleteFilesOlderThan3Days,380,deleteFilesOlderThan3DaysIN
2025-03-01 09:28:16.756,INFO,FileController.js,deleteFilesOlderThan3Days,396,deleteFilesOlderThan3DaysOUT
2025-03-01 09:28:16.756,INFO,FileController.js,deleteFilesOlderThan3Days,380,deleteFilesOlderThan3DaysIN
2025-03-01 09:28:16.756,INFO,FileController.js,deleteFilesOlderThan3Days,396,deleteFilesOlderThan3DaysOUT
2025-03-01 09:28:25.759,INFO,FileController.js,deleteFilesOlderThan3Days,380,deleteFilesOlderThan3DaysIN
2025-03-01 09:28:25.761,INFO,FileController.js,deleteFilesOlderThan3Days,396,deleteFilesOlderThan3DaysOUT
2025-03-01 09:28:25.761,INFO,FileController.js,deleteFilesOlderThan3Days,380,deleteFilesOlderThan3DaysIN
2025-03-01 09:28:25.761,INFO,FileController.js,deleteFilesOlderThan3Days,396,deleteFilesOlderThan3DaysOUT
2025-03-01 09:28:25.762,INFO,FileController.js,deleteFilesOlderThan3Days,380,deleteFilesOlderThan3DaysIN
2025-03-01 09:28:25.763,INFO,FileController.js,deleteFilesOlderThan3Days,396,deleteFilesOlderThan3DaysOUT
2025-03-01 09:28:25.763,INFO,FileController.js,deleteFilesOlderThan3Days,380,deleteFilesOlderThan3DaysIN
2025-03-01 09:28:25.763,INFO,FileController.js,deleteFilesOlderThan3Days,396,deleteFilesOlderThan3DaysOUT
2025-03-01 09:28:25.763,INFO,FileController.js,deleteFilesOlderThan3Days,380,deleteFilesOlderThan3DaysIN
2025-03-01 09:28:25.764,INFO,FileController.js,deleteFilesOlderThan3Days,396,deleteFilesOlderThan3DaysOUT
2025-03-01 09:28:25.764,INFO,FileController.js,deleteFilesOlderThan3Days,380,deleteFilesOlderThan3DaysIN
2025-03-01 09:28:25.764,INFO,FileController.js,deleteFilesOlderThan3Days,396,deleteFilesOlderThan3DaysOUT
2025-03-01 09:28:34.756,INFO,FileController.js,deleteFilesOlderThan3Days,380,deleteFilesOlderThan3DaysIN
2025-03-01 09:28:34.756,INFO,FileController.js,deleteFilesOlderThan3Days,396,deleteFilesOlderThan3DaysOUT
2025-03-01 09:28:34.757,INFO,FileController.js,deleteFilesOlderThan3Days,380,deleteFilesOlderThan3DaysIN
2025-03-01 09:28:34.757,INFO,FileController.js,deleteFilesOlderThan3Days,396,deleteFilesOlderThan3DaysOUT
2025-03-01 09:28:34.757,INFO,FileController.js,deleteFilesOlderThan3Days,380,deleteFilesOlderThan3DaysIN
2025-03-01 09:28:34.757,INFO,FileController.js,deleteFilesOlderThan3Days,396,deleteFilesOlderThan3DaysOUT
2025-03-01 09:28:34.757,INFO,FileController.js,deleteFilesOlderThan3Days,380,deleteFilesOlderThan3DaysIN
2025-03-01 09:28:34.757,INFO,FileController.js,deleteFilesOlderThan3Days,396,deleteFilesOlderThan3DaysOUT
2025-03-01 09:28:34.757,INFO,FileController.js,deleteFilesOlderThan3Days,380,deleteFilesOlderThan3DaysIN
2025-03-01 09:28:34.757,INFO,FileController.js,deleteFilesOlderThan3Days,396,deleteFilesOlderThan3DaysOUT
2025-03-01 09:28:34.757,INFO,FileController.js,deleteFilesOlderThan3Days,380,deleteFilesOlderThan3DaysIN
2025-03-01 09:28:34.758,INFO,FileController.js,deleteFilesOlderThan3Days,396,deleteFilesOlderThan3DaysOUT
2025-03-01 09:28:43.759,INFO,FileController.js,deleteFilesOlderThan3Days,380,deleteFilesOlderThan3DaysIN
2025-03-01 09:28:43.761,INFO,FileController.js,deleteFilesOlderThan3Days,396,deleteFilesOlderThan3DaysOUT
2025-03-01 09:28:43.761,INFO,FileController.js,deleteFilesOlderThan3Days,380,deleteFilesOlderThan3DaysIN
2025-03-01 09:28:43.761,INFO,FileController.js,deleteFilesOlderThan3Days,396,deleteFilesOlderThan3DaysOUT
2025-03-01 09:28:43.761,INFO,FileController.js,deleteFilesOlderThan3Days,380,deleteFilesOlderThan3DaysIN
2025-03-01 09:28:43.762,INFO,FileController.js,deleteFilesOlderThan3Days,396,deleteFilesOlderThan3DaysOUT
2025-03-01 09:28:43.762,INFO,FileController.js,deleteFilesOlderThan3Days,380,deleteFilesOlderThan3DaysIN
2025-03-01 09:28:43.762,INFO,FileController.js,deleteFilesOlderThan3Days,396,deleteFilesOlderThan3DaysOUT
2025-03-01 09:28:43.762,INFO,FileController.js,deleteFilesOlderThan3Days,380,deleteFilesOlderThan3DaysIN
2025-03-01 09:28:43.763,INFO,FileController.js,deleteFilesOlderThan3Days,396,deleteFilesOlderThan3DaysOUT
2025-03-01 09:28:43.763,INFO,FileController.js,deleteFilesOlderThan3Days,380,deleteFilesOlderThan3DaysIN
2025-03-01 09:28:43.763,INFO,FileController.js,deleteFilesOlderThan3Days,396,deleteFilesOlderThan3DaysOUT
2025-03-01 09:28:52.758,INFO,FileController.js,deleteFilesOlderThan3Days,380,deleteFilesOlderThan3DaysIN
2025-03-01 09:28:52.759,INFO,FileController.js,deleteFilesOlderThan3Days,396,deleteFilesOlderThan3DaysOUT
2025-03-01 09:28:52.759,INFO,FileController.js,deleteFilesOlderThan3Days,380,deleteFilesOlderThan3DaysIN
2025-03-01 09:28:52.759,INFO,FileController.js,deleteFilesOlderThan3Days,396,deleteFilesOlderThan3DaysOUT
2025-03-01 09:28:52.759,INFO,FileController.js,deleteFilesOlderThan3Days,380,deleteFilesOlderThan3DaysIN
2025-03-01 09:28:52.759,INFO,FileController.js,deleteFilesOlderThan3Days,396,deleteFilesOlderThan3DaysOUT
2025-03-01 09:28:52.759,INFO,FileController.js,deleteFilesOlderThan3Days,380,deleteFilesOlderThan3DaysIN
2025-03-01 09:28:52.760,INFO,FileController.js,deleteFilesOlderThan3Days,396,deleteFilesOlderThan3DaysOUT
2025-03-01 09:28:52.760,INFO,FileController.js,deleteFilesOlderThan3Days,380,deleteFilesOlderThan3DaysIN
2025-03-01 09:28:52.760,INFO,FileController.js,deleteFilesOlderThan3Days,396,deleteFilesOlderThan3DaysOUT
2025-03-01 09:28:52.760,INFO,FileController.js,deleteFilesOlderThan3Days,380,deleteFilesOlderThan3DaysIN
2025-03-01 09:28:52.761,INFO,FileController.js,deleteFilesOlderThan3Days,396,deleteFilesOlderThan3DaysOUT
2025-03-01 09:29:01.759,INFO,FileController.js,deleteFilesOlderThan3Days,380,deleteFilesOlderThan3DaysIN
2025-03-01 09:29:01.760,INFO,FileController.js,deleteFilesOlderThan3Days,396,deleteFilesOlderThan3DaysOUT
2025-03-01 09:29:01.760,INFO,FileController.js,deleteFilesOlderThan3Days,380,deleteFilesOlderThan3DaysIN
2025-03-01 09:29:01.760,INFO,FileController.js,deleteFilesOlderThan3Days,396,deleteFilesOlderThan3DaysOUT
2025-03-01 09:29:01.760,INFO,FileController.js,deleteFilesOlderThan3Days,380,deleteFilesOlderThan3DaysIN
2025-03-01 09:29:01.760,INFO,FileController.js,deleteFilesOlderThan3Days,396,deleteFilesOlderThan3DaysOUT
2025-03-01 09:29:01.760,INFO,FileController.js,deleteFilesOlderThan3Days,380,deleteFilesOlderThan3DaysIN
2025-03-01 09:29:01.760,INFO,FileController.js,deleteFilesOlderThan3Days,396,deleteFilesOlderThan3DaysOUT
2025-03-01 09:29:01.760,INFO,FileController.js,deleteFilesOlderThan3Days,380,deleteFilesOlderThan3DaysIN
2025-03-01 09:29:01.761,INFO,FileController.js,deleteFilesOlderThan3Days,396,deleteFilesOlderThan3DaysOUT
2025-03-01 09:29:01.761,INFO,FileController.js,deleteFilesOlderThan3Days,380,deleteFilesOlderThan3DaysIN
2025-03-01 09:29:01.761,INFO,FileController.js,deleteFilesOlderThan3Days,396,deleteFilesOlderThan3DaysOUT
2025-03-01 09:29:10.760,INFO,FileController.js,deleteFilesOlderThan3Days,380,deleteFilesOlderThan3DaysIN
2025-03-01 09:29:10.761,INFO,FileController.js,deleteFilesOlderThan3Days,396,deleteFilesOlderThan3DaysOUT
2025-03-01 09:29:10.761,INFO,FileController.js,deleteFilesOlderThan3Days,380,deleteFilesOlderThan3DaysIN
2025-03-01 09:29:10.761,INFO,FileController.js,deleteFilesOlderThan3Days,396,deleteFilesOlderThan3DaysOUT
2025-03-01 09:29:10.761,INFO,FileController.js,deleteFilesOlderThan3Days,380,deleteFilesOlderThan3DaysIN
2025-03-01 09:29:10.761,INFO,FileController.js,deleteFilesOlderThan3Days,396,deleteFilesOlderThan3DaysOUT
2025-03-01 09:29:10.761,INFO,FileController.js,deleteFilesOlderThan3Days,380,deleteFilesOlderThan3DaysIN
2025-03-01 09:29:10.761,INFO,FileController.js,deleteFilesOlderThan3Days,396,deleteFilesOlderThan3DaysOUT
2025-03-01 09:29:10.761,INFO,FileController.js,deleteFilesOlderThan3Days,380,deleteFilesOlderThan3DaysIN
2025-03-01 09:29:10.761,INFO,FileController.js,deleteFilesOlderThan3Days,396,deleteFilesOlderThan3DaysOUT
2025-03-01 09:29:10.761,INFO,FileController.js,deleteFilesOlderThan3Days,380,deleteFilesOlderThan3DaysIN
2025-03-01 09:29:10.761,INFO,FileController.js,deleteFilesOlderThan3Days,396,deleteFilesOlderThan3DaysOUT
2025-03-01 09:29:19.768,INFO,FileController.js,deleteFilesOlderThan3Days,380,deleteFilesOlderThan3DaysIN
2025-03-01 09:29:19.769,INFO,FileController.js,deleteFilesOlderThan3Days,396,deleteFilesOlderThan3DaysOUT
2025-03-01 09:29:19.769,INFO,FileController.js,deleteFilesOlderThan3Days,380,deleteFilesOlderThan3DaysIN
2025-03-01 09:29:19.770,INFO,FileController.js,deleteFilesOlderThan3Days,396,deleteFilesOlderThan3DaysOUT
2025-03-01 09:29:19.770,INFO,FileController.js,deleteFilesOlderThan3Days,380,deleteFilesOlderThan3DaysIN
2025-03-01 09:29:19.770,INFO,FileController.js,deleteFilesOlderThan3Days,396,deleteFilesOlderThan3DaysOUT
2025-03-01 09:29:19.771,INFO,FileController.js,deleteFilesOlderThan3Days,380,deleteFilesOlderThan3DaysIN
2025-03-01 09:29:19.771,INFO,FileController.js,deleteFilesOlderThan3Days,396,deleteFilesOlderThan3DaysOUT
2025-03-01 09:29:19.771,INFO,FileController.js,deleteFilesOlderThan3Days,380,deleteFilesOlderThan3DaysIN
2025-03-01 09:29:19.771,INFO,FileController.js,deleteFilesOlderThan3Days,396,deleteFilesOlderThan3DaysOUT
2025-03-01 09:29:19.771,INFO,FileController.js,deleteFilesOlderThan3Days,380,deleteFilesOlderThan3DaysIN
2025-03-01 09:29:19.771,INFO,FileController.js,deleteFilesOlderThan3Days,396,deleteFilesOlderThan3DaysOUT
2025-03-01 09:29:41.107,INFO,server.js,startServer,4,startServerIN
2025-03-01 09:29:41.108,INFO,server.js,startServer,9,startServerOUT
2025-03-01 09:29:49.964,INFO,FileController.js,deleteFilesOlderThan3Days,380,deleteFilesOlderThan3DaysIN
2025-03-01 09:29:49.967,INFO,FileController.js,deleteFilesOlderThan3Days,396,deleteFilesOlderThan3DaysOUT
2025-03-01 09:29:49.967,INFO,FileController.js,deleteFilesOlderThan3Days,380,deleteFilesOlderThan3DaysIN
2025-03-01 09:29:49.967,INFO,FileController.js,deleteFilesOlderThan3Days,396,deleteFilesOlderThan3DaysOUT
2025-03-01 09:29:49.967,INFO,FileController.js,deleteFilesOlderThan3Days,380,deleteFilesOlderThan3DaysIN
2025-03-01 09:29:49.967,INFO,FileController.js,deleteFilesOlderThan3Days,396,deleteFilesOlderThan3DaysOUT
2025-03-01 09:29:49.967,INFO,FileController.js,deleteFilesOlderThan3Days,380,deleteFilesOlderThan3DaysIN
2025-03-01 09:29:49.967,INFO,FileController.js,deleteFilesOlderThan3Days,396,deleteFilesOlderThan3DaysOUT
2025-03-01 09:29:49.968,INFO,FileController.js,deleteFilesOlderThan3Days,380,deleteFilesOlderThan3DaysIN
2025-03-01 09:29:49.968,INFO,FileController.js,deleteFilesOlderThan3Days,396,deleteFilesOlderThan3DaysOUT
2025-03-01 09:29:49.968,INFO,FileController.js,deleteFilesOlderThan3Days,380,deleteFilesOlderThan3DaysIN
2025-03-01 09:29:49.968,INFO,FileController.js,deleteFilesOlderThan3Days,396,deleteFilesOlderThan3DaysOUT
2025-03-01 09:29:58.966,INFO,FileController.js,deleteFilesOlderThan3Days,380,deleteFilesOlderThan3DaysIN
2025-03-01 09:29:58.968,INFO,FileController.js,deleteFilesOlderThan3Days,396,deleteFilesOlderThan3DaysOUT
2025-03-01 09:29:58.969,INFO,FileController.js,deleteFilesOlderThan3Days,380,deleteFilesOlderThan3DaysIN
2025-03-01 09:29:58.969,INFO,FileController.js,deleteFilesOlderThan3Days,396,deleteFilesOlderThan3DaysOUT
2025-03-01 09:29:58.969,INFO,FileController.js,deleteFilesOlderThan3Days,380,deleteFilesOlderThan3DaysIN
2025-03-01 09:29:58.969,INFO,FileController.js,deleteFilesOlderThan3Days,396,deleteFilesOlderThan3DaysOUT
2025-03-01 09:29:58.970,INFO,FileController.js,deleteFilesOlderThan3Days,380,deleteFilesOlderThan3DaysIN
2025-03-01 09:29:58.970,INFO,FileController.js,deleteFilesOlderThan3Days,396,deleteFilesOlderThan3DaysOUT
2025-03-01 09:29:58.970,INFO,FileController.js,deleteFilesOlderThan3Days,380,deleteFilesOlderThan3DaysIN
2025-03-01 09:29:58.970,INFO,FileController.js,deleteFilesOlderThan3Days,396,deleteFilesOlderThan3DaysOUT
2025-03-01 09:29:58.970,INFO,FileController.js,deleteFilesOlderThan3Days,380,deleteFilesOlderThan3DaysIN
2025-03-01 09:29:58.970,INFO,FileController.js,deleteFilesOlderThan3Days,396,deleteFilesOlderThan3DaysOUT
2025-03-01 09:30:07.965,INFO,FileController.js,deleteFilesOlderThan3Days,380,deleteFilesOlderThan3DaysIN
2025-03-01 09:30:07.967,INFO,FileController.js,deleteFilesOlderThan3Days,396,deleteFilesOlderThan3DaysOUT
2025-03-01 09:30:07.967,INFO,FileController.js,deleteFilesOlderThan3Days,380,deleteFilesOlderThan3DaysIN
2025-03-01 09:30:07.967,INFO,FileController.js,deleteFilesOlderThan3Days,396,deleteFilesOlderThan3DaysOUT
2025-03-01 09:30:07.967,INFO,FileController.js,deleteFilesOlderThan3Days,380,deleteFilesOlderThan3DaysIN
2025-03-01 09:30:07.967,INFO,FileController.js,deleteFilesOlderThan3Days,396,deleteFilesOlderThan3DaysOUT
2025-03-01 09:30:07.967,INFO,FileController.js,deleteFilesOlderThan3Days,380,deleteFilesOlderThan3DaysIN
2025-03-01 09:30:07.967,INFO,FileController.js,deleteFilesOlderThan3Days,396,deleteFilesOlderThan3DaysOUT
2025-03-01 09:30:07.968,INFO,FileController.js,deleteFilesOlderThan3Days,380,deleteFilesOlderThan3DaysIN
2025-03-01 09:30:07.968,INFO,FileController.js,deleteFilesOlderThan3Days,396,deleteFilesOlderThan3DaysOUT
2025-03-01 09:30:07.968,INFO,FileController.js,deleteFilesOlderThan3Days,380,deleteFilesOlderThan3DaysIN
2025-03-01 09:30:07.968,INFO,FileController.js,deleteFilesOlderThan3Days,396,deleteFilesOlderThan3DaysOUT
2025-03-01 09:30:16.967,INFO,FileController.js,deleteFilesOlderThan3Days,380,deleteFilesOlderThan3DaysIN
2025-03-01 09:30:16.968,INFO,FileController.js,deleteFilesOlderThan3Days,396,deleteFilesOlderThan3DaysOUT
2025-03-01 09:30:16.968,INFO,FileController.js,deleteFilesOlderThan3Days,380,deleteFilesOlderThan3DaysIN
2025-03-01 09:30:16.969,INFO,FileController.js,deleteFilesOlderThan3Days,396,deleteFilesOlderThan3DaysOUT
2025-03-01 09:30:16.969,INFO,FileController.js,deleteFilesOlderThan3Days,380,deleteFilesOlderThan3DaysIN
2025-03-01 09:30:16.969,INFO,FileController.js,deleteFilesOlderThan3Days,396,deleteFilesOlderThan3DaysOUT
2025-03-01 09:30:16.969,INFO,FileController.js,deleteFilesOlderThan3Days,380,deleteFilesOlderThan3DaysIN
2025-03-01 09:30:16.970,INFO,FileController.js,deleteFilesOlderThan3Days,396,deleteFilesOlderThan3DaysOUT
2025-03-01 09:30:16.970,INFO,FileController.js,deleteFilesOlderThan3Days,380,deleteFilesOlderThan3DaysIN
2025-03-01 09:30:16.970,INFO,FileController.js,deleteFilesOlderThan3Days,396,deleteFilesOlderThan3DaysOUT
2025-03-01 09:30:16.970,INFO,FileController.js,deleteFilesOlderThan3Days,380,deleteFilesOlderThan3DaysIN
2025-03-01 09:30:16.970,INFO,FileController.js,deleteFilesOlderThan3Days,396,deleteFilesOlderThan3DaysOUT
2025-03-01 09:30:25.969,INFO,FileController.js,deleteFilesOlderThan3Days,380,deleteFilesOlderThan3DaysIN
2025-03-01 09:30:25.971,INFO,FileController.js,deleteFilesOlderThan3Days,396,deleteFilesOlderThan3DaysOUT
2025-03-01 09:30:25.971,INFO,FileController.js,deleteFilesOlderThan3Days,380,deleteFilesOlderThan3DaysIN
2025-03-01 09:30:25.972,INFO,FileController.js,deleteFilesOlderThan3Days,396,deleteFilesOlderThan3DaysOUT
2025-03-01 09:30:25.972,INFO,FileController.js,deleteFilesOlderThan3Days,380,deleteFilesOlderThan3DaysIN
2025-03-01 09:30:25.973,INFO,FileController.js,deleteFilesOlderThan3Days,396,deleteFilesOlderThan3DaysOUT
2025-03-01 09:30:25.973,INFO,FileController.js,deleteFilesOlderThan3Days,380,deleteFilesOlderThan3DaysIN
2025-03-01 09:30:25.973,INFO,FileController.js,deleteFilesOlderThan3Days,396,deleteFilesOlderThan3DaysOUT
2025-03-01 09:30:25.973,INFO,FileController.js,deleteFilesOlderThan3Days,380,deleteFilesOlderThan3DaysIN
2025-03-01 09:30:25.973,INFO,FileController.js,deleteFilesOlderThan3Days,396,deleteFilesOlderThan3DaysOUT
2025-03-01 09:30:25.973,INFO,FileController.js,deleteFilesOlderThan3Days,380,deleteFilesOlderThan3DaysIN
2025-03-01 09:30:25.978,INFO,FileController.js,deleteFilesOlderThan3Days,396,deleteFilesOlderThan3DaysOUT
2025-03-01 09:30:34.970,INFO,FileController.js,deleteFilesOlderThan3Days,380,deleteFilesOlderThan3DaysIN
2025-03-01 09:30:34.972,INFO,FileController.js,deleteFilesOlderThan3Days,396,deleteFilesOlderThan3DaysOUT
2025-03-01 09:30:34.972,INFO,FileController.js,deleteFilesOlderThan3Days,380,deleteFilesOlderThan3DaysIN
2025-03-01 09:30:34.972,INFO,FileController.js,deleteFilesOlderThan3Days,396,deleteFilesOlderThan3DaysOUT
2025-03-01 09:30:34.972,INFO,FileController.js,deleteFilesOlderThan3Days,380,deleteFilesOlderThan3DaysIN
2025-03-01 09:30:34.972,INFO,FileController.js,deleteFilesOlderThan3Days,396,deleteFilesOlderThan3DaysOUT
2025-03-01 09:30:34.972,INFO,FileController.js,deleteFilesOlderThan3Days,380,deleteFilesOlderThan3DaysIN
2025-03-01 09:30:34.973,INFO,FileController.js,deleteFilesOlderThan3Days,396,deleteFilesOlderThan3DaysOUT
2025-03-01 09:30:34.973,INFO,FileController.js,deleteFilesOlderThan3Days,380,deleteFilesOlderThan3DaysIN
2025-03-01 09:30:34.973,INFO,FileController.js,deleteFilesOlderThan3Days,396,deleteFilesOlderThan3DaysOUT
2025-03-01 09:30:34.973,INFO,FileController.js,deleteFilesOlderThan3Days,380,deleteFilesOlderThan3DaysIN
2025-03-01 09:30:34.974,INFO,FileController.js,deleteFilesOlderThan3Days,396,deleteFilesOlderThan3DaysOUT
2025-03-01 09:30:43.971,INFO,FileController.js,deleteFilesOlderThan3Days,380,deleteFilesOlderThan3DaysIN
2025-03-01 09:30:43.973,INFO,FileController.js,deleteFilesOlderThan3Days,396,deleteFilesOlderThan3DaysOUT
2025-03-01 09:30:43.973,INFO,FileController.js,deleteFilesOlderThan3Days,380,deleteFilesOlderThan3DaysIN
2025-03-01 09:30:43.974,INFO,FileController.js,deleteFilesOlderThan3Days,396,deleteFilesOlderThan3DaysOUT
2025-03-01 09:30:43.974,INFO,FileController.js,deleteFilesOlderThan3Days,380,deleteFilesOlderThan3DaysIN
2025-03-01 09:30:43.974,INFO,FileController.js,deleteFilesOlderThan3Days,396,deleteFilesOlderThan3DaysOUT
2025-03-01 09:30:43.974,INFO,FileController.js,deleteFilesOlderThan3Days,380,deleteFilesOlderThan3DaysIN
2025-03-01 09:30:43.974,INFO,FileController.js,deleteFilesOlderThan3Days,396,deleteFilesOlderThan3DaysOUT
2025-03-01 09:30:43.974,INFO,FileController.js,deleteFilesOlderThan3Days,380,deleteFilesOlderThan3DaysIN
2025-03-01 09:30:43.974,INFO,FileController.js,deleteFilesOlderThan3Days,396,deleteFilesOlderThan3DaysOUT
2025-03-01 09:30:43.974,INFO,FileController.js,deleteFilesOlderThan3Days,380,deleteFilesOlderThan3DaysIN
2025-03-01 09:30:43.974,INFO,FileController.js,deleteFilesOlderThan3Days,396,deleteFilesOlderThan3DaysOUT
2025-03-01 09:30:52.970,INFO,FileController.js,deleteFilesOlderThan3Days,380,deleteFilesOlderThan3DaysIN
2025-03-01 09:30:52.970,INFO,FileController.js,deleteFilesOlderThan3Days,396,deleteFilesOlderThan3DaysOUT
2025-03-01 09:30:52.970,INFO,FileController.js,deleteFilesOlderThan3Days,380,deleteFilesOlderThan3DaysIN
2025-03-01 09:30:52.971,INFO,FileController.js,deleteFilesOlderThan3Days,396,deleteFilesOlderThan3DaysOUT
2025-03-01 09:30:52.971,INFO,FileController.js,deleteFilesOlderThan3Days,380,deleteFilesOlderThan3DaysIN
2025-03-01 09:30:52.971,INFO,FileController.js,deleteFilesOlderThan3Days,396,deleteFilesOlderThan3DaysOUT
2025-03-01 09:30:52.971,INFO,FileController.js,deleteFilesOlderThan3Days,380,deleteFilesOlderThan3DaysIN
2025-03-01 09:30:52.971,INFO,FileController.js,deleteFilesOlderThan3Days,396,deleteFilesOlderThan3DaysOUT
2025-03-01 09:30:52.971,INFO,FileController.js,deleteFilesOlderThan3Days,380,deleteFilesOlderThan3DaysIN
2025-03-01 09:30:52.971,INFO,FileController.js,deleteFilesOlderThan3Days,396,deleteFilesOlderThan3DaysOUT
2025-03-01 09:30:52.972,INFO,FileController.js,deleteFilesOlderThan3Days,380,deleteFilesOlderThan3DaysIN
2025-03-01 09:30:52.972,INFO,FileController.js,deleteFilesOlderThan3Days,396,deleteFilesOlderThan3DaysOUT
2025-03-01 09:31:01.972,INFO,FileController.js,deleteFilesOlderThan3Days,380,deleteFilesOlderThan3DaysIN
2025-03-01 09:31:01.974,INFO,FileController.js,deleteFilesOlderThan3Days,396,deleteFilesOlderThan3DaysOUT
2025-03-01 09:31:01.974,INFO,FileController.js,deleteFilesOlderThan3Days,380,deleteFilesOlderThan3DaysIN
2025-03-01 09:31:01.974,INFO,FileController.js,deleteFilesOlderThan3Days,396,deleteFilesOlderThan3DaysOUT
2025-03-01 09:31:01.974,INFO,FileController.js,deleteFilesOlderThan3Days,380,deleteFilesOlderThan3DaysIN
2025-03-01 09:31:01.974,INFO,FileController.js,deleteFilesOlderThan3Days,396,deleteFilesOlderThan3DaysOUT
2025-03-01 09:31:01.975,INFO,FileController.js,deleteFilesOlderThan3Days,380,deleteFilesOlderThan3DaysIN
2025-03-01 09:31:01.975,INFO,FileController.js,deleteFilesOlderThan3Days,396,deleteFilesOlderThan3DaysOUT
2025-03-01 09:31:01.975,INFO,FileController.js,deleteFilesOlderThan3Days,380,deleteFilesOlderThan3DaysIN
2025-03-01 09:31:01.975,INFO,FileController.js,deleteFilesOlderThan3Days,396,deleteFilesOlderThan3DaysOUT
2025-03-01 09:31:01.975,INFO,FileController.js,deleteFilesOlderThan3Days,380,deleteFilesOlderThan3DaysIN
2025-03-01 09:31:01.975,INFO,FileController.js,deleteFilesOlderThan3Days,396,deleteFilesOlderThan3DaysOUT
2025-03-01 09:31:10.971,INFO,FileController.js,deleteFilesOlderThan3Days,380,deleteFilesOlderThan3DaysIN
2025-03-01 09:31:10.971,INFO,FileController.js,deleteFilesOlderThan3Days,396,deleteFilesOlderThan3DaysOUT
2025-03-01 09:31:10.971,INFO,FileController.js,deleteFilesOlderThan3Days,380,deleteFilesOlderThan3DaysIN
2025-03-01 09:31:10.972,INFO,FileController.js,deleteFilesOlderThan3Days,396,deleteFilesOlderThan3DaysOUT
2025-03-01 09:31:10.972,INFO,FileController.js,deleteFilesOlderThan3Days,380,deleteFilesOlderThan3DaysIN
2025-03-01 09:31:10.973,INFO,FileController.js,deleteFilesOlderThan3Days,396,deleteFilesOlderThan3DaysOUT
2025-03-01 09:31:10.973,INFO,FileController.js,deleteFilesOlderThan3Days,380,deleteFilesOlderThan3DaysIN
2025-03-01 09:31:10.973,INFO,FileController.js,deleteFilesOlderThan3Days,396,deleteFilesOlderThan3DaysOUT
2025-03-01 09:31:10.973,INFO,FileController.js,deleteFilesOlderThan3Days,380,deleteFilesOlderThan3DaysIN
2025-03-01 09:31:10.974,INFO,FileController.js,deleteFilesOlderThan3Days,396,deleteFilesOlderThan3DaysOUT
2025-03-01 09:31:10.974,INFO,FileController.js,deleteFilesOlderThan3Days,380,deleteFilesOlderThan3DaysIN
2025-03-01 09:31:10.974,INFO,FileController.js,deleteFilesOlderThan3Days,396,deleteFilesOlderThan3DaysOUT
2025-03-01 09:31:19.975,INFO,FileController.js,deleteFilesOlderThan3Days,380,deleteFilesOlderThan3DaysIN
2025-03-01 09:31:19.976,INFO,FileController.js,deleteFilesOlderThan3Days,396,deleteFilesOlderThan3DaysOUT
2025-03-01 09:31:19.976,INFO,FileController.js,deleteFilesOlderThan3Days,380,deleteFilesOlderThan3DaysIN
2025-03-01 09:31:19.976,INFO,FileController.js,deleteFilesOlderThan3Days,396,deleteFilesOlderThan3DaysOUT
2025-03-01 09:31:19.976,INFO,FileController.js,deleteFilesOlderThan3Days,380,deleteFilesOlderThan3DaysIN
2025-03-01 09:31:19.976,INFO,FileController.js,deleteFilesOlderThan3Days,396,deleteFilesOlderThan3DaysOUT
2025-03-01 09:31:19.976,INFO,FileController.js,deleteFilesOlderThan3Days,380,deleteFilesOlderThan3DaysIN
2025-03-01 09:31:19.976,INFO,FileController.js,deleteFilesOlderThan3Days,396,deleteFilesOlderThan3DaysOUT
2025-03-01 09:31:19.976,INFO,FileController.js,deleteFilesOlderThan3Days,380,deleteFilesOlderThan3DaysIN
2025-03-01 09:31:19.977,INFO,FileController.js,deleteFilesOlderThan3Days,396,deleteFilesOlderThan3DaysOUT
2025-03-01 09:31:19.977,INFO,FileController.js,deleteFilesOlderThan3Days,380,deleteFilesOlderThan3DaysIN
2025-03-01 09:31:19.977,INFO,FileController.js,deleteFilesOlderThan3Days,396,deleteFilesOlderThan3DaysOUT
2025-03-01 09:31:28.977,INFO,FileController.js,deleteFilesOlderThan3Days,380,deleteFilesOlderThan3DaysIN
2025-03-01 09:31:28.978,INFO,FileController.js,deleteFilesOlderThan3Days,396,deleteFilesOlderThan3DaysOUT
2025-03-01 09:31:28.978,INFO,FileController.js,deleteFilesOlderThan3Days,380,deleteFilesOlderThan3DaysIN
2025-03-01 09:31:28.978,INFO,FileController.js,deleteFilesOlderThan3Days,396,deleteFilesOlderThan3DaysOUT
2025-03-01 09:31:28.978,INFO,FileController.js,deleteFilesOlderThan3Days,380,deleteFilesOlderThan3DaysIN
2025-03-01 09:31:28.979,INFO,FileController.js,deleteFilesOlderThan3Days,396,deleteFilesOlderThan3DaysOUT
2025-03-01 09:31:28.979,INFO,FileController.js,deleteFilesOlderThan3Days,380,deleteFilesOlderThan3DaysIN
2025-03-01 09:31:28.979,INFO,FileController.js,deleteFilesOlderThan3Days,396,deleteFilesOlderThan3DaysOUT
2025-03-01 09:31:28.979,INFO,FileController.js,deleteFilesOlderThan3Days,380,deleteFilesOlderThan3DaysIN
2025-03-01 09:31:28.979,INFO,FileController.js,deleteFilesOlderThan3Days,396,deleteFilesOlderThan3DaysOUT
2025-03-01 09:31:28.980,INFO,FileController.js,deleteFilesOlderThan3Days,380,deleteFilesOlderThan3DaysIN
2025-03-01 09:31:28.980,INFO,FileController.js,deleteFilesOlderThan3Days,396,deleteFilesOlderThan3DaysOUT
2025-03-01 09:31:37.981,INFO,FileController.js,deleteFilesOlderThan3Days,380,deleteFilesOlderThan3DaysIN
2025-03-01 09:31:37.983,INFO,FileController.js,deleteFilesOlderThan3Days,396,deleteFilesOlderThan3DaysOUT
2025-03-01 09:31:37.983,INFO,FileController.js,deleteFilesOlderThan3Days,380,deleteFilesOlderThan3DaysIN
2025-03-01 09:31:37.983,INFO,FileController.js,deleteFilesOlderThan3Days,396,deleteFilesOlderThan3DaysOUT
2025-03-01 09:31:37.983,INFO,FileController.js,deleteFilesOlderThan3Days,380,deleteFilesOlderThan3DaysIN
2025-03-01 09:31:37.983,INFO,FileController.js,deleteFilesOlderThan3Days,396,deleteFilesOlderThan3DaysOUT
2025-03-01 09:31:37.983,INFO,FileController.js,deleteFilesOlderThan3Days,380,deleteFilesOlderThan3DaysIN
2025-03-01 09:31:37.984,INFO,FileController.js,deleteFilesOlderThan3Days,396,deleteFilesOlderThan3DaysOUT
2025-03-01 09:31:37.984,INFO,FileController.js,deleteFilesOlderThan3Days,380,deleteFilesOlderThan3DaysIN
2025-03-01 09:31:37.984,INFO,FileController.js,deleteFilesOlderThan3Days,396,deleteFilesOlderThan3DaysOUT
2025-03-01 09:31:37.984,INFO,FileController.js,deleteFilesOlderThan3Days,380,deleteFilesOlderThan3DaysIN
2025-03-01 09:31:37.985,INFO,FileController.js,deleteFilesOlderThan3Days,396,deleteFilesOlderThan3DaysOUT
2025-03-01 09:31:46.980,INFO,FileController.js,deleteFilesOlderThan3Days,380,deleteFilesOlderThan3DaysIN
2025-03-01 09:31:46.981,INFO,FileController.js,deleteFilesOlderThan3Days,396,deleteFilesOlderThan3DaysOUT
2025-03-01 09:31:46.981,INFO,FileController.js,deleteFilesOlderThan3Days,380,deleteFilesOlderThan3DaysIN
2025-03-01 09:31:46.982,INFO,FileController.js,deleteFilesOlderThan3Days,396,deleteFilesOlderThan3DaysOUT
2025-03-01 09:31:46.982,INFO,FileController.js,deleteFilesOlderThan3Days,380,deleteFilesOlderThan3DaysIN
2025-03-01 09:31:46.982,INFO,FileController.js,deleteFilesOlderThan3Days,396,deleteFilesOlderThan3DaysOUT
2025-03-01 09:31:46.982,INFO,FileController.js,deleteFilesOlderThan3Days,380,deleteFilesOlderThan3DaysIN
2025-03-01 09:31:46.983,INFO,FileController.js,deleteFilesOlderThan3Days,396,deleteFilesOlderThan3DaysOUT
2025-03-01 09:31:46.983,INFO,FileController.js,deleteFilesOlderThan3Days,380,deleteFilesOlderThan3DaysIN
2025-03-01 09:31:46.983,INFO,FileController.js,deleteFilesOlderThan3Days,396,deleteFilesOlderThan3DaysOUT
2025-03-01 09:31:46.983,INFO,FileController.js,deleteFilesOlderThan3Days,380,deleteFilesOlderThan3DaysIN
2025-03-01 09:31:46.983,INFO,FileController.js,deleteFilesOlderThan3Days,396,deleteFilesOlderThan3DaysOUT
2025-03-01 09:31:55.981,INFO,FileController.js,deleteFilesOlderThan3Days,380,deleteFilesOlderThan3DaysIN
2025-03-01 09:31:55.981,INFO,FileController.js,deleteFilesOlderThan3Days,396,deleteFilesOlderThan3DaysOUT
2025-03-01 09:31:55.982,INFO,FileController.js,deleteFilesOlderThan3Days,380,deleteFilesOlderThan3DaysIN
2025-03-01 09:31:55.982,INFO,FileController.js,deleteFilesOlderThan3Days,396,deleteFilesOlderThan3DaysOUT
2025-03-01 09:31:55.982,INFO,FileController.js,deleteFilesOlderThan3Days,380,deleteFilesOlderThan3DaysIN
2025-03-01 09:31:55.983,INFO,FileController.js,deleteFilesOlderThan3Days,396,deleteFilesOlderThan3DaysOUT
2025-03-01 09:31:55.983,INFO,FileController.js,deleteFilesOlderThan3Days,380,deleteFilesOlderThan3DaysIN
2025-03-01 09:31:55.983,INFO,FileController.js,deleteFilesOlderThan3Days,396,deleteFilesOlderThan3DaysOUT
2025-03-01 09:31:55.983,INFO,FileController.js,deleteFilesOlderThan3Days,380,deleteFilesOlderThan3DaysIN
2025-03-01 09:31:55.983,INFO,FileController.js,deleteFilesOlderThan3Days,396,deleteFilesOlderThan3DaysOUT
2025-03-01 09:31:55.984,INFO,FileController.js,deleteFilesOlderThan3Days,380,deleteFilesOlderThan3DaysIN
2025-03-01 09:31:55.984,INFO,FileController.js,deleteFilesOlderThan3Days,396,deleteFilesOlderThan3DaysOUT
2025-03-01 09:32:04.983,INFO,FileController.js,deleteFilesOlderThan3Days,380,deleteFilesOlderThan3DaysIN
2025-03-01 09:32:04.984,INFO,FileController.js,deleteFilesOlderThan3Days,396,deleteFilesOlderThan3DaysOUT
2025-03-01 09:32:04.984,INFO,FileController.js,deleteFilesOlderThan3Days,380,deleteFilesOlderThan3DaysIN
2025-03-01 09:32:04.984,INFO,FileController.js,deleteFilesOlderThan3Days,396,deleteFilesOlderThan3DaysOUT
2025-03-01 09:32:04.984,INFO,FileController.js,deleteFilesOlderThan3Days,380,deleteFilesOlderThan3DaysIN
2025-03-01 09:32:04.985,INFO,FileController.js,deleteFilesOlderThan3Days,396,deleteFilesOlderThan3DaysOUT
2025-03-01 09:32:04.985,INFO,FileController.js,deleteFilesOlderThan3Days,380,deleteFilesOlderThan3DaysIN
2025-03-01 09:32:04.985,INFO,FileController.js,deleteFilesOlderThan3Days,396,deleteFilesOlderThan3DaysOUT
2025-03-01 09:32:04.985,INFO,FileController.js,deleteFilesOlderThan3Days,380,deleteFilesOlderThan3DaysIN
2025-03-01 09:32:04.985,INFO,FileController.js,deleteFilesOlderThan3Days,396,deleteFilesOlderThan3DaysOUT
2025-03-01 09:32:04.985,INFO,FileController.js,deleteFilesOlderThan3Days,380,deleteFilesOlderThan3DaysIN
2025-03-01 09:32:04.985,INFO,FileController.js,deleteFilesOlderThan3Days,396,deleteFilesOlderThan3DaysOUT
2025-03-01 09:32:13.984,INFO,FileController.js,deleteFilesOlderThan3Days,380,deleteFilesOlderThan3DaysIN
2025-03-01 09:32:13.986,INFO,FileController.js,deleteFilesOlderThan3Days,396,deleteFilesOlderThan3DaysOUT
2025-03-01 09:32:13.986,INFO,FileController.js,deleteFilesOlderThan3Days,380,deleteFilesOlderThan3DaysIN
2025-03-01 09:32:13.986,INFO,FileController.js,deleteFilesOlderThan3Days,396,deleteFilesOlderThan3DaysOUT
2025-03-01 09:32:13.986,INFO,FileController.js,deleteFilesOlderThan3Days,380,deleteFilesOlderThan3DaysIN
2025-03-01 09:32:13.987,INFO,FileController.js,deleteFilesOlderThan3Days,396,deleteFilesOlderThan3DaysOUT
2025-03-01 09:32:13.987,INFO,FileController.js,deleteFilesOlderThan3Days,380,deleteFilesOlderThan3DaysIN
2025-03-01 09:32:13.987,INFO,FileController.js,deleteFilesOlderThan3Days,396,deleteFilesOlderThan3DaysOUT
2025-03-01 09:32:13.987,INFO,FileController.js,deleteFilesOlderThan3Days,380,deleteFilesOlderThan3DaysIN
2025-03-01 09:32:13.987,INFO,FileController.js,deleteFilesOlderThan3Days,396,deleteFilesOlderThan3DaysOUT
2025-03-01 09:32:13.987,INFO,FileController.js,deleteFilesOlderThan3Days,380,deleteFilesOlderThan3DaysIN
2025-03-01 09:32:13.988,INFO,FileController.js,deleteFilesOlderThan3Days,396,deleteFilesOlderThan3DaysOUT
2025-03-01 09:32:18.480,INFO,server.js,startServer,4,startServerIN
2025-03-01 09:32:18.481,INFO,server.js,startServer,9,startServerOUT
2025-03-01 09:32:27.336,INFO,FileController.js,deleteFilesOlderThan3Days,380,deleteFilesOlderThan3DaysIN
2025-03-01 09:32:27.338,INFO,FileController.js,deleteFilesOlderThan3Days,396,deleteFilesOlderThan3DaysOUT
2025-03-01 09:32:27.338,INFO,FileController.js,deleteFilesOlderThan3Days,380,deleteFilesOlderThan3DaysIN
2025-03-01 09:32:27.339,INFO,FileController.js,deleteFilesOlderThan3Days,396,deleteFilesOlderThan3DaysOUT
2025-03-01 09:32:27.339,INFO,FileController.js,deleteFilesOlderThan3Days,380,deleteFilesOlderThan3DaysIN
2025-03-01 09:32:27.339,INFO,FileController.js,deleteFilesOlderThan3Days,396,deleteFilesOlderThan3DaysOUT
2025-03-01 09:32:27.340,INFO,FileController.js,deleteFilesOlderThan3Days,380,deleteFilesOlderThan3DaysIN
2025-03-01 09:32:27.341,INFO,FileController.js,deleteFilesOlderThan3Days,396,deleteFilesOlderThan3DaysOUT
2025-03-01 09:32:27.341,INFO,FileController.js,deleteFilesOlderThan3Days,380,deleteFilesOlderThan3DaysIN
2025-03-01 09:32:27.341,INFO,FileController.js,deleteFilesOlderThan3Days,396,deleteFilesOlderThan3DaysOUT
2025-03-01 09:32:27.341,INFO,FileController.js,deleteFilesOlderThan3Days,380,deleteFilesOlderThan3DaysIN
2025-03-01 09:32:27.341,INFO,FileController.js,deleteFilesOlderThan3Days,396,deleteFilesOlderThan3DaysOUT
2025-03-01 09:32:36.336,INFO,FileController.js,deleteFilesOlderThan3Days,380,deleteFilesOlderThan3DaysIN
2025-03-01 09:32:36.338,INFO,FileController.js,deleteFilesOlderThan3Days,396,deleteFilesOlderThan3DaysOUT
2025-03-01 09:32:36.339,INFO,FileController.js,deleteFilesOlderThan3Days,380,deleteFilesOlderThan3DaysIN
2025-03-01 09:32:36.339,INFO,FileController.js,deleteFilesOlderThan3Days,396,deleteFilesOlderThan3DaysOUT
2025-03-01 09:32:36.339,INFO,FileController.js,deleteFilesOlderThan3Days,380,deleteFilesOlderThan3DaysIN
2025-03-01 09:32:36.339,INFO,FileController.js,deleteFilesOlderThan3Days,396,deleteFilesOlderThan3DaysOUT
2025-03-01 09:32:36.340,INFO,FileController.js,deleteFilesOlderThan3Days,380,deleteFilesOlderThan3DaysIN
2025-03-01 09:32:36.340,INFO,FileController.js,deleteFilesOlderThan3Days,396,deleteFilesOlderThan3DaysOUT
2025-03-01 09:32:36.340,INFO,FileController.js,deleteFilesOlderThan3Days,380,deleteFilesOlderThan3DaysIN
2025-03-01 09:32:36.340,INFO,FileController.js,deleteFilesOlderThan3Days,396,deleteFilesOlderThan3DaysOUT
2025-03-01 09:32:36.340,INFO,FileController.js,deleteFilesOlderThan3Days,380,deleteFilesOlderThan3DaysIN
2025-03-01 09:32:36.341,INFO,FileController.js,deleteFilesOlderThan3Days,396,deleteFilesOlderThan3DaysOUT
2025-03-01 09:32:45.338,INFO,FileController.js,deleteFilesOlderThan3Days,380,deleteFilesOlderThan3DaysIN
2025-03-01 09:32:45.339,INFO,FileController.js,deleteFilesOlderThan3Days,396,deleteFilesOlderThan3DaysOUT
2025-03-01 09:32:45.340,INFO,FileController.js,deleteFilesOlderThan3Days,380,deleteFilesOlderThan3DaysIN
2025-03-01 09:32:45.340,INFO,FileController.js,deleteFilesOlderThan3Days,396,deleteFilesOlderThan3DaysOUT
2025-03-01 09:32:45.340,INFO,FileController.js,deleteFilesOlderThan3Days,380,deleteFilesOlderThan3DaysIN
2025-03-01 09:32:45.340,INFO,FileController.js,deleteFilesOlderThan3Days,396,deleteFilesOlderThan3DaysOUT
2025-03-01 09:32:45.340,INFO,FileController.js,deleteFilesOlderThan3Days,380,deleteFilesOlderThan3DaysIN
2025-03-01 09:32:45.340,INFO,FileController.js,deleteFilesOlderThan3Days,396,deleteFilesOlderThan3DaysOUT
2025-03-01 09:32:45.341,INFO,FileController.js,deleteFilesOlderThan3Days,380,deleteFilesOlderThan3DaysIN
2025-03-01 09:32:45.341,INFO,FileController.js,deleteFilesOlderThan3Days,396,deleteFilesOlderThan3DaysOUT
2025-03-01 09:32:45.341,INFO,FileController.js,deleteFilesOlderThan3Days,380,deleteFilesOlderThan3DaysIN
2025-03-01 09:32:45.341,INFO,FileController.js,deleteFilesOlderThan3Days,396,deleteFilesOlderThan3DaysOUT
2025-03-01 09:32:50.407,INFO,server.js,startServer,4,startServerIN
2025-03-01 09:32:50.408,INFO,server.js,startServer,9,startServerOUT
2025-03-01 09:32:59.283,INFO,FileController.js,deleteFilesOlderThan3Days,380,deleteFilesOlderThan3DaysIN
2025-03-01 09:32:59.284,INFO,FileController.js,deleteFilesOlderThan3Days,396,deleteFilesOlderThan3DaysOUT
2025-03-01 09:32:59.285,INFO,FileController.js,deleteFilesOlderThan3Days,380,deleteFilesOlderThan3DaysIN
2025-03-01 09:32:59.285,INFO,FileController.js,deleteFilesOlderThan3Days,396,deleteFilesOlderThan3DaysOUT
2025-03-01 09:32:59.285,INFO,FileController.js,deleteFilesOlderThan3Days,380,deleteFilesOlderThan3DaysIN
2025-03-01 09:32:59.285,INFO,FileController.js,deleteFilesOlderThan3Days,396,deleteFilesOlderThan3DaysOUT
2025-03-01 09:32:59.285,INFO,FileController.js,deleteFilesOlderThan3Days,380,deleteFilesOlderThan3DaysIN
2025-03-01 09:32:59.286,INFO,FileController.js,deleteFilesOlderThan3Days,396,deleteFilesOlderThan3DaysOUT
2025-03-01 09:32:59.287,INFO,FileController.js,deleteFilesOlderThan3Days,380,deleteFilesOlderThan3DaysIN
2025-03-01 09:32:59.287,INFO,FileController.js,deleteFilesOlderThan3Days,396,deleteFilesOlderThan3DaysOUT
2025-03-01 09:32:59.287,INFO,FileController.js,deleteFilesOlderThan3Days,380,deleteFilesOlderThan3DaysIN
2025-03-01 09:32:59.287,INFO,FileController.js,deleteFilesOlderThan3Days,396,deleteFilesOlderThan3DaysOUT
2025-03-01 09:33:08.284,INFO,FileController.js,deleteFilesOlderThan3Days,380,deleteFilesOlderThan3DaysIN
2025-03-01 09:33:08.285,INFO,FileController.js,deleteFilesOlderThan3Days,396,deleteFilesOlderThan3DaysOUT
2025-03-01 09:33:08.285,INFO,FileController.js,deleteFilesOlderThan3Days,380,deleteFilesOlderThan3DaysIN
2025-03-01 09:33:08.285,INFO,FileController.js,deleteFilesOlderThan3Days,396,deleteFilesOlderThan3DaysOUT
2025-03-01 09:33:08.285,INFO,FileController.js,deleteFilesOlderThan3Days,380,deleteFilesOlderThan3DaysIN
2025-03-01 09:33:08.286,INFO,FileController.js,deleteFilesOlderThan3Days,396,deleteFilesOlderThan3DaysOUT
2025-03-01 09:33:08.286,INFO,FileController.js,deleteFilesOlderThan3Days,380,deleteFilesOlderThan3DaysIN
2025-03-01 09:33:08.286,INFO,FileController.js,deleteFilesOlderThan3Days,396,deleteFilesOlderThan3DaysOUT
2025-03-01 09:33:08.286,INFO,FileController.js,deleteFilesOlderThan3Days,380,deleteFilesOlderThan3DaysIN
2025-03-01 09:33:08.286,INFO,FileController.js,deleteFilesOlderThan3Days,396,deleteFilesOlderThan3DaysOUT
2025-03-01 09:33:08.286,INFO,FileController.js,deleteFilesOlderThan3Days,380,deleteFilesOlderThan3DaysIN
2025-03-01 09:33:08.286,INFO,FileController.js,deleteFilesOlderThan3Days,396,deleteFilesOlderThan3DaysOUT
2025-03-01 09:33:17.284,INFO,FileController.js,deleteFilesOlderThan3Days,380,deleteFilesOlderThan3DaysIN
2025-03-01 09:33:17.285,INFO,FileController.js,deleteFilesOlderThan3Days,396,deleteFilesOlderThan3DaysOUT
2025-03-01 09:33:17.285,INFO,FileController.js,deleteFilesOlderThan3Days,380,deleteFilesOlderThan3DaysIN
2025-03-01 09:33:17.286,INFO,FileController.js,deleteFilesOlderThan3Days,396,deleteFilesOlderThan3DaysOUT
2025-03-01 09:33:17.286,INFO,FileController.js,deleteFilesOlderThan3Days,380,deleteFilesOlderThan3DaysIN
2025-03-01 09:33:17.286,INFO,FileController.js,deleteFilesOlderThan3Days,396,deleteFilesOlderThan3DaysOUT
2025-03-01 09:33:17.286,INFO,FileController.js,deleteFilesOlderThan3Days,380,deleteFilesOlderThan3DaysIN
2025-03-01 09:33:17.286,INFO,FileController.js,deleteFilesOlderThan3Days,396,deleteFilesOlderThan3DaysOUT
2025-03-01 09:33:17.287,INFO,FileController.js,deleteFilesOlderThan3Days,380,deleteFilesOlderThan3DaysIN
2025-03-01 09:33:17.287,INFO,FileController.js,deleteFilesOlderThan3Days,396,deleteFilesOlderThan3DaysOUT
2025-03-01 09:33:17.287,INFO,FileController.js,deleteFilesOlderThan3Days,380,deleteFilesOlderThan3DaysIN
2025-03-01 09:33:17.287,INFO,FileController.js,deleteFilesOlderThan3Days,396,deleteFilesOlderThan3DaysOUT
2025-03-01 09:33:26.287,INFO,FileController.js,deleteFilesOlderThan3Days,380,deleteFilesOlderThan3DaysIN
2025-03-01 09:33:26.289,INFO,FileController.js,deleteFilesOlderThan3Days,396,deleteFilesOlderThan3DaysOUT
2025-03-01 09:33:26.289,INFO,FileController.js,deleteFilesOlderThan3Days,380,deleteFilesOlderThan3DaysIN
2025-03-01 09:33:26.290,INFO,FileController.js,deleteFilesOlderThan3Days,396,deleteFilesOlderThan3DaysOUT
2025-03-01 09:33:26.290,INFO,FileController.js,deleteFilesOlderThan3Days,380,deleteFilesOlderThan3DaysIN
2025-03-01 09:33:26.290,INFO,FileController.js,deleteFilesOlderThan3Days,396,deleteFilesOlderThan3DaysOUT
2025-03-01 09:33:26.290,INFO,FileController.js,deleteFilesOlderThan3Days,380,deleteFilesOlderThan3DaysIN
2025-03-01 09:33:26.291,INFO,FileController.js,deleteFilesOlderThan3Days,396,deleteFilesOlderThan3DaysOUT
2025-03-01 09:33:26.291,INFO,FileController.js,deleteFilesOlderThan3Days,380,deleteFilesOlderThan3DaysIN
2025-03-01 09:33:26.291,INFO,FileController.js,deleteFilesOlderThan3Days,396,deleteFilesOlderThan3DaysOUT
2025-03-01 09:33:26.291,INFO,FileController.js,deleteFilesOlderThan3Days,380,deleteFilesOlderThan3DaysIN
2025-03-01 09:33:26.291,INFO,FileController.js,deleteFilesOlderThan3Days,396,deleteFilesOlderThan3DaysOUT
2025-03-01 09:33:35.287,INFO,FileController.js,deleteFilesOlderThan3Days,380,deleteFilesOlderThan3DaysIN
2025-03-01 09:33:35.289,INFO,FileController.js,deleteFilesOlderThan3Days,396,deleteFilesOlderThan3DaysOUT
2025-03-01 09:33:35.289,INFO,FileController.js,deleteFilesOlderThan3Days,380,deleteFilesOlderThan3DaysIN
2025-03-01 09:33:35.289,INFO,FileController.js,deleteFilesOlderThan3Days,396,deleteFilesOlderThan3DaysOUT
2025-03-01 09:33:35.289,INFO,FileController.js,deleteFilesOlderThan3Days,380,deleteFilesOlderThan3DaysIN
2025-03-01 09:33:35.290,INFO,FileController.js,deleteFilesOlderThan3Days,396,deleteFilesOlderThan3DaysOUT
2025-03-01 09:33:35.290,INFO,FileController.js,deleteFilesOlderThan3Days,380,deleteFilesOlderThan3DaysIN
2025-03-01 09:33:35.290,INFO,FileController.js,deleteFilesOlderThan3Days,396,deleteFilesOlderThan3DaysOUT
2025-03-01 09:33:35.290,INFO,FileController.js,deleteFilesOlderThan3Days,380,deleteFilesOlderThan3DaysIN
2025-03-01 09:33:35.290,INFO,FileController.js,deleteFilesOlderThan3Days,396,deleteFilesOlderThan3DaysOUT
2025-03-01 09:33:35.290,INFO,FileController.js,deleteFilesOlderThan3Days,380,deleteFilesOlderThan3DaysIN
2025-03-01 09:33:35.290,INFO,FileController.js,deleteFilesOlderThan3Days,396,deleteFilesOlderThan3DaysOUT
2025-03-01 09:33:42.222,INFO,server.js,startServer,4,startServerIN
2025-03-01 09:33:42.223,INFO,server.js,startServer,9,startServerOUT
2025-03-01 09:39:30.623,INFO,server.js,startServer,4,startServerIN
2025-03-01 09:39:30.625,INFO,server.js,startServer,9,startServerOUT
2025-03-01 09:42:05.953,INFO,server.js,startServer,4,startServerIN
2025-03-01 09:42:05.954,INFO,server.js,startServer,9,startServerOUT
2025-03-01 09:47:02.554,INFO,server.js,startServer,4,startServerIN
2025-03-01 09:47:02.555,INFO,server.js,startServer,9,startServerOUT
2025-03-01 09:48:14.844,INFO,server.js,startServer,4,startServerIN
2025-03-01 09:48:14.846,INFO,server.js,startServer,9,startServerOUT
2025-03-01 09:49:58.422,INFO,server.js,startServer,4,startServerIN
2025-03-01 09:49:58.424,INFO,server.js,startServer,9,startServerOUT
2025-03-01 09:54:52.374,INFO,server.js,startServer,4,startServerIN
2025-03-01 09:54:52.375,INFO,server.js,startServer,9,startServerOUT
2025-03-01 09:57:55.566,INFO,server.js,startServer,4,startServerIN
2025-03-01 09:57:55.567,INFO,server.js,startServer,9,startServerOUT
2025-03-01 09:58:30.977,INFO,UserController.js,register,39,registerIN
2025-03-01 09:58:31.053,INFO,UserController.js,register,68,registerOUT
2025-03-01 09:59:05.318,INFO,UserController.js,register,39,registerIN
2025-03-01 09:59:05.403,INFO,UserController.js,register,68,registerOUT
