2025-03-03 12:29:40.625,INFO,server.js,startServer,4,startServerIN
2025-03-03 12:29:40.626,INFO,server.js,startServer,9,startServerOUT
2025-03-03 12:30:06.004,INFO,UserController.js,login,81,loginIN
2025-03-03 12:30:06.161,INFO,FileController.js,monitorAndMoveFiles,78,monitorAndMoveFilesIN
2025-03-03 12:30:06.163,INFO,FileController.js,monitorAndMoveFiles,169,monitorAndMoveFilesOUT
2025-03-03 12:30:06.167,INFO,UserController.js,login,106,loginUser Logged In successfully
2025-03-03 12:30:06.168,INFO,UserController.js,login,115,loginOUT
2025-03-03 12:30:06.575,INFO,FileController.js,isFileWithinLast3Days,271,isFileWithinLast3DaysIN
2025-03-03 12:30:06.575,INFO,FileController.js,isFileWithinLast3Days,289,isFileWithinLast3DaysOUT
2025-03-03 12:30:06.576,INFO,FileController.js,isFileWithinLast3Days,271,isFileWithinLast3DaysIN
2025-03-03 12:30:06.576,INFO,FileController.js,isFileWithinLast3Days,289,isFileWithinLast3DaysOUT
2025-03-03 12:30:06.577,INFO,FileController.js,isFileWithinLast3Days,271,isFileWithinLast3DaysIN
2025-03-03 12:30:06.577,INFO,FileController.js,isFileWithinLast3Days,289,isFileWithinLast3DaysOUT
2025-03-03 12:30:06.578,INFO,FileController.js,isFileWithinLast3Days,271,isFileWithinLast3DaysIN
2025-03-03 12:30:06.578,INFO,FileController.js,isFileWithinLast3Days,289,isFileWithinLast3DaysOUT
2025-03-03 12:30:06.578,INFO,FileController.js,isFileWithinLast3Days,271,isFileWithinLast3DaysIN
2025-03-03 12:30:06.578,INFO,FileController.js,isFileWithinLast3Days,289,isFileWithinLast3DaysOUT
2025-03-03 12:30:06.579,INFO,FileController.js,isFileWithinLast3Days,271,isFileWithinLast3DaysIN
2025-03-03 12:30:06.579,INFO,FileController.js,isFileWithinLast3Days,289,isFileWithinLast3DaysOUT
2025-03-03 12:30:06.579,INFO,FileController.js,deleteFilesOlderThan3Days,380,deleteFilesOlderThan3DaysIN
2025-03-03 12:30:06.579,INFO,FileController.js,deleteFilesOlderThan3Days,396,deleteFilesOlderThan3DaysOUT
2025-03-03 12:30:06.579,INFO,FileController.js,deleteFilesOlderThan3Days,380,deleteFilesOlderThan3DaysIN
2025-03-03 12:30:06.580,INFO,FileController.js,deleteFilesOlderThan3Days,396,deleteFilesOlderThan3DaysOUT
2025-03-03 12:30:06.580,INFO,FileController.js,deleteFilesOlderThan3Days,380,deleteFilesOlderThan3DaysIN
2025-03-03 12:30:06.580,INFO,FileController.js,deleteFilesOlderThan3Days,396,deleteFilesOlderThan3DaysOUT
2025-03-03 12:30:06.580,INFO,FileController.js,deleteFilesOlderThan3Days,380,deleteFilesOlderThan3DaysIN
2025-03-03 12:30:06.581,INFO,FileController.js,deleteFilesOlderThan3Days,396,deleteFilesOlderThan3DaysOUT
2025-03-03 12:30:06.581,INFO,FileController.js,deleteFilesOlderThan3Days,380,deleteFilesOlderThan3DaysIN
2025-03-03 12:30:06.581,INFO,FileController.js,deleteFilesOlderThan3Days,396,deleteFilesOlderThan3DaysOUT
2025-03-03 12:30:06.581,INFO,FileController.js,deleteFilesOlderThan3Days,380,deleteFilesOlderThan3DaysIN
2025-03-03 12:30:06.581,INFO,FileController.js,deleteFilesOlderThan3Days,396,deleteFilesOlderThan3DaysOUT
2025-03-03 12:31:08.647,INFO,UserController.js,register,39,registerIN
2025-03-03 12:31:08.752,INFO,UserController.js,register,68,registerOUT
2025-03-03 12:38:37.558,INFO,server.js,startServer,4,startServerIN
2025-03-03 12:38:37.560,INFO,server.js,startServer,9,startServerOUT
2025-03-03 12:38:56.068,INFO,UserController.js,login,81,loginIN
2025-03-03 12:38:56.220,INFO,FileController.js,monitorAndMoveFiles,78,monitorAndMoveFilesIN
2025-03-03 12:38:56.222,INFO,FileController.js,monitorAndMoveFiles,169,monitorAndMoveFilesOUT
2025-03-03 12:38:56.225,INFO,UserController.js,login,106,loginUser Logged In successfully
2025-03-03 12:38:56.226,INFO,UserController.js,login,115,loginOUT
2025-03-03 12:38:56.229,INFO,FileController.js,moveFile,123,moveFileIN
2025-03-03 12:38:56.229,INFO,FileController.js,moveFile,144,moveFileOUT
2025-03-03 12:38:56.229,INFO,FileController.js,moveFile,123,moveFileIN
2025-03-03 12:38:56.229,INFO,FileController.js,moveFile,144,moveFileOUT
2025-03-03 12:38:56.229,INFO,FileController.js,moveFile,123,moveFileIN
2025-03-03 12:38:56.229,INFO,FileController.js,moveFile,144,moveFileOUT
2025-03-03 12:38:56.229,INFO,FileController.js,moveFile,123,moveFileIN
2025-03-03 12:38:56.230,INFO,FileController.js,moveFile,144,moveFileOUT
2025-03-03 12:38:56.230,INFO,FileController.js,moveFile,123,moveFileIN
2025-03-03 12:38:56.230,INFO,FileController.js,moveFile,144,moveFileOUT
2025-03-03 12:38:56.230,INFO,FileController.js,moveFile,123,moveFileIN
2025-03-03 12:38:56.230,INFO,FileController.js,moveFile,144,moveFileOUT
2025-03-03 12:38:56.230,INFO,FileController.js,moveFile,123,moveFileIN
2025-03-03 12:38:56.230,INFO,FileController.js,moveFile,144,moveFileOUT
2025-03-03 12:38:56.231,INFO,FileController.js,null,131,null/Users/apoorvasingh/Desktop/apoo/images file moved: Screenshot 2024-07-22 at 10.10.54 PM.png
2025-03-03 12:38:56.231,INFO,FileController.js,null,131,null/Users/apoorvasingh/Desktop/apoo/images file moved: Screenshot 2024-07-22 at 10.13.59 PM.png
2025-03-03 12:38:56.232,INFO,FileController.js,null,131,null/Users/apoorvasingh/Desktop/apoo/images file moved: Screenshot 2024-07-22 at 10.14.44 PM.png
2025-03-03 12:38:56.232,INFO,FileController.js,null,131,null/Users/apoorvasingh/Desktop/apoo/images file moved: Screenshot 2024-07-22 at 8.47.23 PM.png
2025-03-03 12:38:56.232,INFO,FileController.js,null,131,null/Users/apoorvasingh/Desktop/apoo/images file moved: Screenshot 2024-07-22 at 8.57.44 PM.png
2025-03-03 12:38:56.232,INFO,FileController.js,null,131,null/Users/apoorvasingh/Desktop/apoo/images file moved: Screenshot 2024-07-22 at 9.08.38 PM.png
2025-03-03 12:38:56.232,INFO,FileController.js,null,131,null/Users/apoorvasingh/Desktop/apoo/pdf file moved: oops_notes.pdf
2025-03-03 12:38:56.232,INFO,FileController.js,moveFile,123,moveFileIN
2025-03-03 12:38:56.232,INFO,FileController.js,moveFile,144,moveFileOUT
2025-03-03 12:38:56.234,INFO,FileController.js,null,131,null/Users/apoorvasingh/Desktop/apoo/pdf file moved: oops_notes.pdf
2025-03-03 12:38:56.234,INFO,FileController.js,moveFile,123,moveFileIN
2025-03-03 12:38:56.234,INFO,FileController.js,moveFile,144,moveFileOUT
2025-03-03 12:38:56.234,INFO,FileController.js,moveFile,123,moveFileIN
2025-03-03 12:38:56.235,INFO,FileController.js,moveFile,144,moveFileOUT
2025-03-03 12:38:56.235,INFO,FileController.js,moveFile,123,moveFileIN
2025-03-03 12:38:56.235,INFO,FileController.js,moveFile,144,moveFileOUT
2025-03-03 12:38:56.235,INFO,FileController.js,moveFile,123,moveFileIN
2025-03-03 12:38:56.235,INFO,FileController.js,moveFile,144,moveFileOUT
2025-03-03 12:38:56.235,INFO,FileController.js,moveFile,123,moveFileIN
2025-03-03 12:38:56.235,INFO,FileController.js,moveFile,144,moveFileOUT
2025-03-03 12:38:56.235,INFO,FileController.js,moveFile,123,moveFileIN
2025-03-03 12:38:56.235,INFO,FileController.js,moveFile,144,moveFileOUT
2025-03-03 12:38:56.236,INFO,FileController.js,null,131,null/Users/apoorvasingh/Desktop/apoo/images file moved: Screenshot 2024-07-22 at 10.10.54 PM.png
2025-03-03 12:38:56.236,INFO,FileController.js,null,131,null/Users/apoorvasingh/Desktop/apoo/images file moved: Screenshot 2024-07-22 at 10.13.59 PM.png
2025-03-03 12:38:56.236,INFO,FileController.js,null,131,null/Users/apoorvasingh/Desktop/apoo/images file moved: Screenshot 2024-07-22 at 10.14.44 PM.png
2025-03-03 12:38:56.236,INFO,FileController.js,null,131,null/Users/apoorvasingh/Desktop/apoo/images file moved: Screenshot 2024-07-22 at 8.47.23 PM.png
2025-03-03 12:38:56.236,INFO,FileController.js,null,131,null/Users/apoorvasingh/Desktop/apoo/images file moved: Screenshot 2024-07-22 at 8.57.44 PM.png
2025-03-03 12:38:56.236,INFO,FileController.js,null,131,null/Users/apoorvasingh/Desktop/apoo/images file moved: Screenshot 2024-07-22 at 9.08.38 PM.png
2025-03-03 12:38:57.378,INFO,FileController.js,isFileWithinLast3Days,271,isFileWithinLast3DaysIN
2025-03-03 12:38:57.378,INFO,FileController.js,isFileWithinLast3Days,289,isFileWithinLast3DaysOUT
2025-03-03 12:38:57.378,INFO,FileController.js,isFileWithinLast3Days,271,isFileWithinLast3DaysIN
2025-03-03 12:38:57.379,INFO,FileController.js,isFileWithinLast3Days,289,isFileWithinLast3DaysOUT
2025-03-03 12:38:57.379,INFO,FileController.js,isFileWithinLast3Days,271,isFileWithinLast3DaysIN
2025-03-03 12:38:57.379,INFO,FileController.js,isFileWithinLast3Days,289,isFileWithinLast3DaysOUT
2025-03-03 12:38:57.379,INFO,FileController.js,isFileWithinLast3Days,271,isFileWithinLast3DaysIN
2025-03-03 12:38:57.379,INFO,FileController.js,isFileWithinLast3Days,289,isFileWithinLast3DaysOUT
2025-03-03 12:38:57.380,INFO,FileController.js,isFileWithinLast3Days,271,isFileWithinLast3DaysIN
2025-03-03 12:38:57.380,INFO,FileController.js,isFileWithinLast3Days,289,isFileWithinLast3DaysOUT
2025-03-03 12:38:57.381,INFO,FileController.js,isFileWithinLast3Days,271,isFileWithinLast3DaysIN
2025-03-03 12:38:57.381,INFO,FileController.js,isFileWithinLast3Days,289,isFileWithinLast3DaysOUT
2025-03-03 12:38:57.381,INFO,FileController.js,deleteFilesOlderThan3Days,380,deleteFilesOlderThan3DaysIN
2025-03-03 12:38:57.381,INFO,FileController.js,deleteFilesOlderThan3Days,396,deleteFilesOlderThan3DaysOUT
2025-03-03 12:38:57.381,INFO,FileController.js,deleteFilesOlderThan3Days,380,deleteFilesOlderThan3DaysIN
2025-03-03 12:38:57.383,INFO,FileController.js,isFileWithinLast3Days,271,isFileWithinLast3DaysIN
2025-03-03 12:38:57.383,INFO,FileController.js,isFileWithinLast3Days,289,isFileWithinLast3DaysOUT
2025-03-03 12:38:57.384,INFO,FileController.js,recycleBin,792,recycleBinIN
2025-03-03 12:38:57.385,INFO,FileController.js,deleteFilesOlderThan3Days,396,deleteFilesOlderThan3DaysOUT
2025-03-03 12:38:57.385,INFO,FileController.js,deleteFilesOlderThan3Days,380,deleteFilesOlderThan3DaysIN
2025-03-03 12:38:57.385,INFO,FileController.js,deleteFilesOlderThan3Days,396,deleteFilesOlderThan3DaysOUT
2025-03-03 12:38:57.385,INFO,FileController.js,deleteFilesOlderThan3Days,380,deleteFilesOlderThan3DaysIN
2025-03-03 12:38:57.385,INFO,FileController.js,isFileWithinLast3Days,271,isFileWithinLast3DaysIN
2025-03-03 12:38:57.386,INFO,FileController.js,isFileWithinLast3Days,289,isFileWithinLast3DaysOUT
2025-03-03 12:38:57.386,INFO,FileController.js,recycleBin,792,recycleBinIN
2025-03-03 12:38:57.386,INFO,FileController.js,isFileWithinLast3Days,271,isFileWithinLast3DaysIN
2025-03-03 12:38:57.386,INFO,FileController.js,isFileWithinLast3Days,289,isFileWithinLast3DaysOUT
2025-03-03 12:38:57.386,INFO,FileController.js,recycleBin,792,recycleBinIN
2025-03-03 12:38:57.387,INFO,FileController.js,isFileWithinLast3Days,271,isFileWithinLast3DaysIN
2025-03-03 12:38:57.387,INFO,FileController.js,isFileWithinLast3Days,289,isFileWithinLast3DaysOUT
2025-03-03 12:38:57.387,INFO,FileController.js,recycleBin,792,recycleBinIN
2025-03-03 12:38:57.387,INFO,FileController.js,isFileWithinLast3Days,271,isFileWithinLast3DaysIN
2025-03-03 12:38:57.387,INFO,FileController.js,isFileWithinLast3Days,289,isFileWithinLast3DaysOUT
2025-03-03 12:38:57.387,INFO,FileController.js,recycleBin,792,recycleBinIN
2025-03-03 12:38:57.387,INFO,FileController.js,isFileWithinLast3Days,271,isFileWithinLast3DaysIN
2025-03-03 12:38:57.387,INFO,FileController.js,isFileWithinLast3Days,289,isFileWithinLast3DaysOUT
2025-03-03 12:38:57.388,INFO,FileController.js,recycleBin,792,recycleBinIN
2025-03-03 12:38:57.388,INFO,FileController.js,isFileWithinLast3Days,271,isFileWithinLast3DaysIN
2025-03-03 12:38:57.388,INFO,FileController.js,isFileWithinLast3Days,289,isFileWithinLast3DaysOUT
2025-03-03 12:38:57.388,INFO,FileController.js,recycleBin,792,recycleBinIN
2025-03-03 12:38:57.388,INFO,FileController.js,deleteFilesOlderThan3Days,396,deleteFilesOlderThan3DaysOUT
2025-03-03 12:38:57.388,INFO,FileController.js,deleteFilesOlderThan3Days,380,deleteFilesOlderThan3DaysIN
2025-03-03 12:38:57.388,INFO,FileController.js,deleteFilesOlderThan3Days,396,deleteFilesOlderThan3DaysOUT
2025-03-03 12:38:57.388,INFO,FileController.js,deleteFilesOlderThan3Days,380,deleteFilesOlderThan3DaysIN
2025-03-03 12:38:57.388,INFO,FileController.js,deleteFilesOlderThan3Days,396,deleteFilesOlderThan3DaysOUT
2025-03-03 12:38:57.389,INFO,FileController.js,isFileWithinLast3Days,271,isFileWithinLast3DaysIN
2025-03-03 12:38:57.389,INFO,FileController.js,isFileWithinLast3Days,289,isFileWithinLast3DaysOUT
2025-03-03 12:38:57.389,INFO,FileController.js,isFileWithinLast3Days,271,isFileWithinLast3DaysIN
2025-03-03 12:38:57.389,INFO,FileController.js,isFileWithinLast3Days,289,isFileWithinLast3DaysOUT
2025-03-03 12:38:57.389,INFO,FileController.js,isFileWithinLast3Days,271,isFileWithinLast3DaysIN
2025-03-03 12:38:57.389,INFO,FileController.js,isFileWithinLast3Days,289,isFileWithinLast3DaysOUT
2025-03-03 12:38:57.390,INFO,FileController.js,isFileWithinLast3Days,271,isFileWithinLast3DaysIN
2025-03-03 12:38:57.390,INFO,FileController.js,isFileWithinLast3Days,289,isFileWithinLast3DaysOUT
2025-03-03 12:38:57.390,INFO,FileController.js,isFileWithinLast3Days,271,isFileWithinLast3DaysIN
2025-03-03 12:38:57.390,INFO,FileController.js,isFileWithinLast3Days,289,isFileWithinLast3DaysOUT
2025-03-03 12:38:57.390,INFO,FileController.js,isFileWithinLast3Days,271,isFileWithinLast3DaysIN
2025-03-03 12:38:57.390,INFO,FileController.js,isFileWithinLast3Days,289,isFileWithinLast3DaysOUT
2025-03-03 12:38:57.390,INFO,FileController.js,isFileWithinLast3Days,271,isFileWithinLast3DaysIN
2025-03-03 12:38:57.390,INFO,FileController.js,isFileWithinLast3Days,289,isFileWithinLast3DaysOUT
2025-03-03 12:38:57.396,INFO,FileController.js,isFileWithinLast3Days,271,isFileWithinLast3DaysIN
2025-03-03 12:38:57.396,INFO,FileController.js,isFileWithinLast3Days,289,isFileWithinLast3DaysOUT
2025-03-03 12:38:57.396,INFO,FileController.js,isFileWithinLast3Days,271,isFileWithinLast3DaysIN
2025-03-03 12:38:57.397,INFO,FileController.js,isFileWithinLast3Days,289,isFileWithinLast3DaysOUT
2025-03-03 12:38:57.397,INFO,FileController.js,isFileWithinLast3Days,271,isFileWithinLast3DaysIN
2025-03-03 12:38:57.397,INFO,FileController.js,isFileWithinLast3Days,289,isFileWithinLast3DaysOUT
2025-03-03 12:38:57.397,INFO,FileController.js,isFileWithinLast3Days,271,isFileWithinLast3DaysIN
2025-03-03 12:38:57.397,INFO,FileController.js,isFileWithinLast3Days,289,isFileWithinLast3DaysOUT
2025-03-03 12:38:57.397,INFO,FileController.js,isFileWithinLast3Days,271,isFileWithinLast3DaysIN
2025-03-03 12:38:57.397,INFO,FileController.js,isFileWithinLast3Days,289,isFileWithinLast3DaysOUT
2025-03-03 12:38:57.397,INFO,FileController.js,isFileWithinLast3Days,271,isFileWithinLast3DaysIN
2025-03-03 12:38:57.397,INFO,FileController.js,isFileWithinLast3Days,289,isFileWithinLast3DaysOUT
2025-03-03 12:38:57.397,INFO,FileController.js,isFileWithinLast3Days,271,isFileWithinLast3DaysIN
2025-03-03 12:38:57.397,INFO,FileController.js,isFileWithinLast3Days,289,isFileWithinLast3DaysOUT
2025-03-03 12:38:57.405,INFO,FileController.js,recycleBin,808,recycleBinFile moved to Recycle Bin: Screenshot 2024-07-22 at 10.13.59 PM.png
2025-03-03 12:38:57.408,INFO,FileController.js,recycleBin,808,recycleBinFile moved to Recycle Bin: Screenshot 2024-07-22 at 8.57.44 PM.png
2025-03-03 12:38:57.409,INFO,FileController.js,recycleBin,808,recycleBinFile moved to Recycle Bin: oops_notes.pdf
2025-03-03 12:38:57.409,INFO,FileController.js,recycleBin,808,recycleBinFile moved to Recycle Bin: Screenshot 2024-07-22 at 8.47.23 PM.png
2025-03-03 12:38:57.409,INFO,FileController.js,recycleBin,808,recycleBinFile moved to Recycle Bin: Screenshot 2024-07-22 at 9.08.38 PM.png
2025-03-03 12:38:57.409,INFO,FileController.js,recycleBin,808,recycleBinFile moved to Recycle Bin: Screenshot 2024-07-22 at 10.14.44 PM.png
2025-03-03 12:38:57.410,INFO,FileController.js,recycleBin,808,recycleBinFile moved to Recycle Bin: Screenshot 2024-07-22 at 10.10.54 PM.png
2025-03-03 12:38:57.413,INFO,FileController.js,isFileWithinLast3Days,271,isFileWithinLast3DaysIN
2025-03-03 12:38:57.413,INFO,FileController.js,isFileWithinLast3Days,289,isFileWithinLast3DaysOUT
2025-03-03 12:38:57.413,INFO,FileController.js,isFileWithinLast3Days,271,isFileWithinLast3DaysIN
2025-03-03 12:38:57.413,INFO,FileController.js,isFileWithinLast3Days,289,isFileWithinLast3DaysOUT
2025-03-03 12:38:57.413,INFO,FileController.js,isFileWithinLast3Days,271,isFileWithinLast3DaysIN
2025-03-03 12:38:57.414,INFO,FileController.js,isFileWithinLast3Days,289,isFileWithinLast3DaysOUT
2025-03-03 12:38:57.414,INFO,FileController.js,isFileWithinLast3Days,271,isFileWithinLast3DaysIN
2025-03-03 12:38:57.414,INFO,FileController.js,isFileWithinLast3Days,289,isFileWithinLast3DaysOUT
2025-03-03 12:38:57.414,INFO,FileController.js,isFileWithinLast3Days,271,isFileWithinLast3DaysIN
2025-03-03 12:38:57.414,INFO,FileController.js,isFileWithinLast3Days,289,isFileWithinLast3DaysOUT
2025-03-03 12:38:57.414,INFO,FileController.js,isFileWithinLast3Days,271,isFileWithinLast3DaysIN
2025-03-03 12:38:57.414,INFO,FileController.js,isFileWithinLast3Days,289,isFileWithinLast3DaysOUT
2025-03-03 12:38:57.414,INFO,FileController.js,deleteFilesOlderThan3Days,380,deleteFilesOlderThan3DaysIN
2025-03-03 12:38:57.414,INFO,FileController.js,deleteFilesOlderThan3Days,396,deleteFilesOlderThan3DaysOUT
2025-03-03 12:38:57.414,INFO,FileController.js,deleteFilesOlderThan3Days,380,deleteFilesOlderThan3DaysIN
2025-03-03 12:38:57.414,INFO,FileController.js,deleteFilesOlderThan3Days,396,deleteFilesOlderThan3DaysOUT
2025-03-03 12:38:57.414,INFO,FileController.js,deleteFilesOlderThan3Days,380,deleteFilesOlderThan3DaysIN
2025-03-03 12:38:57.414,INFO,FileController.js,deleteFilesOlderThan3Days,396,deleteFilesOlderThan3DaysOUT
2025-03-03 12:38:57.414,INFO,FileController.js,deleteFilesOlderThan3Days,380,deleteFilesOlderThan3DaysIN
2025-03-03 12:38:57.414,INFO,FileController.js,deleteFilesOlderThan3Days,396,deleteFilesOlderThan3DaysOUT
2025-03-03 12:38:57.415,INFO,FileController.js,deleteFilesOlderThan3Days,380,deleteFilesOlderThan3DaysIN
2025-03-03 12:38:57.415,INFO,FileController.js,deleteFilesOlderThan3Days,396,deleteFilesOlderThan3DaysOUT
2025-03-03 12:38:57.415,INFO,FileController.js,deleteFilesOlderThan3Days,380,deleteFilesOlderThan3DaysIN
2025-03-03 12:38:57.415,INFO,FileController.js,deleteFilesOlderThan3Days,396,deleteFilesOlderThan3DaysOUT
2025-03-03 12:38:57.418,INFO,FileController.js,isFileWithinLast3Days,271,isFileWithinLast3DaysIN
2025-03-03 12:38:57.418,INFO,FileController.js,isFileWithinLast3Days,289,isFileWithinLast3DaysOUT
2025-03-03 12:38:57.418,INFO,FileController.js,isFileWithinLast3Days,271,isFileWithinLast3DaysIN
2025-03-03 12:38:57.418,INFO,FileController.js,isFileWithinLast3Days,289,isFileWithinLast3DaysOUT
2025-03-03 12:38:57.418,INFO,FileController.js,isFileWithinLast3Days,271,isFileWithinLast3DaysIN
2025-03-03 12:38:57.418,INFO,FileController.js,isFileWithinLast3Days,289,isFileWithinLast3DaysOUT
2025-03-03 12:38:57.418,INFO,FileController.js,isFileWithinLast3Days,271,isFileWithinLast3DaysIN
2025-03-03 12:38:57.418,INFO,FileController.js,isFileWithinLast3Days,289,isFileWithinLast3DaysOUT
2025-03-03 12:38:57.418,INFO,FileController.js,isFileWithinLast3Days,271,isFileWithinLast3DaysIN
2025-03-03 12:38:57.418,INFO,FileController.js,isFileWithinLast3Days,289,isFileWithinLast3DaysOUT
2025-03-03 12:38:57.418,INFO,FileController.js,isFileWithinLast3Days,271,isFileWithinLast3DaysIN
2025-03-03 12:38:57.418,INFO,FileController.js,isFileWithinLast3Days,289,isFileWithinLast3DaysOUT
2025-03-03 12:38:57.418,INFO,FileController.js,deleteFilesOlderThan3Days,380,deleteFilesOlderThan3DaysIN
2025-03-03 12:38:57.418,INFO,FileController.js,deleteFilesOlderThan3Days,396,deleteFilesOlderThan3DaysOUT
2025-03-03 12:38:57.419,INFO,FileController.js,deleteFilesOlderThan3Days,380,deleteFilesOlderThan3DaysIN
2025-03-03 12:38:57.419,INFO,FileController.js,deleteFilesOlderThan3Days,396,deleteFilesOlderThan3DaysOUT
2025-03-03 12:38:57.419,INFO,FileController.js,deleteFilesOlderThan3Days,380,deleteFilesOlderThan3DaysIN
2025-03-03 12:38:57.419,INFO,FileController.js,deleteFilesOlderThan3Days,396,deleteFilesOlderThan3DaysOUT
2025-03-03 12:38:57.419,INFO,FileController.js,deleteFilesOlderThan3Days,380,deleteFilesOlderThan3DaysIN
2025-03-03 12:38:57.419,INFO,FileController.js,deleteFilesOlderThan3Days,396,deleteFilesOlderThan3DaysOUT
2025-03-03 12:38:57.419,INFO,FileController.js,deleteFilesOlderThan3Days,380,deleteFilesOlderThan3DaysIN
2025-03-03 12:38:57.419,INFO,FileController.js,deleteFilesOlderThan3Days,396,deleteFilesOlderThan3DaysOUT
2025-03-03 12:38:57.419,INFO,FileController.js,deleteFilesOlderThan3Days,380,deleteFilesOlderThan3DaysIN
2025-03-03 12:38:57.419,INFO,FileController.js,deleteFilesOlderThan3Days,396,deleteFilesOlderThan3DaysOUT
2025-03-03 12:38:57.421,INFO,FileController.js,isFileWithinLast3Days,271,isFileWithinLast3DaysIN
2025-03-03 12:38:57.421,INFO,FileController.js,isFileWithinLast3Days,289,isFileWithinLast3DaysOUT
2025-03-03 12:38:57.421,INFO,FileController.js,isFileWithinLast3Days,271,isFileWithinLast3DaysIN
2025-03-03 12:38:57.421,INFO,FileController.js,isFileWithinLast3Days,289,isFileWithinLast3DaysOUT
2025-03-03 12:38:57.421,INFO,FileController.js,isFileWithinLast3Days,271,isFileWithinLast3DaysIN
2025-03-03 12:38:57.421,INFO,FileController.js,isFileWithinLast3Days,289,isFileWithinLast3DaysOUT
2025-03-03 12:38:57.421,INFO,FileController.js,isFileWithinLast3Days,271,isFileWithinLast3DaysIN
2025-03-03 12:38:57.421,INFO,FileController.js,isFileWithinLast3Days,289,isFileWithinLast3DaysOUT
2025-03-03 12:38:57.421,INFO,FileController.js,isFileWithinLast3Days,271,isFileWithinLast3DaysIN
2025-03-03 12:38:57.421,INFO,FileController.js,isFileWithinLast3Days,289,isFileWithinLast3DaysOUT
2025-03-03 12:38:57.421,INFO,FileController.js,isFileWithinLast3Days,271,isFileWithinLast3DaysIN
2025-03-03 12:38:57.421,INFO,FileController.js,isFileWithinLast3Days,289,isFileWithinLast3DaysOUT
2025-03-03 12:38:57.421,INFO,FileController.js,deleteFilesOlderThan3Days,380,deleteFilesOlderThan3DaysIN
2025-03-03 12:38:57.421,INFO,FileController.js,deleteFilesOlderThan3Days,396,deleteFilesOlderThan3DaysOUT
2025-03-03 12:38:57.421,INFO,FileController.js,deleteFilesOlderThan3Days,380,deleteFilesOlderThan3DaysIN
2025-03-03 12:38:57.421,INFO,FileController.js,deleteFilesOlderThan3Days,396,deleteFilesOlderThan3DaysOUT
2025-03-03 12:38:57.421,INFO,FileController.js,deleteFilesOlderThan3Days,380,deleteFilesOlderThan3DaysIN
2025-03-03 12:38:57.422,INFO,FileController.js,deleteFilesOlderThan3Days,396,deleteFilesOlderThan3DaysOUT
2025-03-03 12:38:57.422,INFO,FileController.js,deleteFilesOlderThan3Days,380,deleteFilesOlderThan3DaysIN
2025-03-03 12:38:57.422,INFO,FileController.js,deleteFilesOlderThan3Days,396,deleteFilesOlderThan3DaysOUT
2025-03-03 12:38:57.422,INFO,FileController.js,deleteFilesOlderThan3Days,380,deleteFilesOlderThan3DaysIN
2025-03-03 12:38:57.422,INFO,FileController.js,deleteFilesOlderThan3Days,396,deleteFilesOlderThan3DaysOUT
2025-03-03 12:38:57.422,INFO,FileController.js,deleteFilesOlderThan3Days,380,deleteFilesOlderThan3DaysIN
2025-03-03 12:38:57.422,INFO,FileController.js,deleteFilesOlderThan3Days,396,deleteFilesOlderThan3DaysOUT
2025-03-03 12:38:57.423,INFO,FileController.js,isFileWithinLast3Days,271,isFileWithinLast3DaysIN
2025-03-03 12:38:57.423,INFO,FileController.js,isFileWithinLast3Days,289,isFileWithinLast3DaysOUT
2025-03-03 12:38:57.423,INFO,FileController.js,isFileWithinLast3Days,271,isFileWithinLast3DaysIN
2025-03-03 12:38:57.423,INFO,FileController.js,isFileWithinLast3Days,289,isFileWithinLast3DaysOUT
2025-03-03 12:38:57.423,INFO,FileController.js,isFileWithinLast3Days,271,isFileWithinLast3DaysIN
2025-03-03 12:38:57.423,INFO,FileController.js,isFileWithinLast3Days,289,isFileWithinLast3DaysOUT
2025-03-03 12:38:57.423,INFO,FileController.js,isFileWithinLast3Days,271,isFileWithinLast3DaysIN
2025-03-03 12:38:57.423,INFO,FileController.js,isFileWithinLast3Days,289,isFileWithinLast3DaysOUT
2025-03-03 12:38:57.423,INFO,FileController.js,isFileWithinLast3Days,271,isFileWithinLast3DaysIN
2025-03-03 12:38:57.423,INFO,FileController.js,isFileWithinLast3Days,289,isFileWithinLast3DaysOUT
2025-03-03 12:38:57.423,INFO,FileController.js,isFileWithinLast3Days,271,isFileWithinLast3DaysIN
2025-03-03 12:38:57.423,INFO,FileController.js,isFileWithinLast3Days,289,isFileWithinLast3DaysOUT
2025-03-03 12:38:57.424,INFO,FileController.js,deleteFilesOlderThan3Days,380,deleteFilesOlderThan3DaysIN
2025-03-03 12:38:57.424,INFO,FileController.js,deleteFilesOlderThan3Days,396,deleteFilesOlderThan3DaysOUT
2025-03-03 12:38:57.424,INFO,FileController.js,deleteFilesOlderThan3Days,380,deleteFilesOlderThan3DaysIN
2025-03-03 12:38:57.424,INFO,FileController.js,deleteFilesOlderThan3Days,396,deleteFilesOlderThan3DaysOUT
2025-03-03 12:38:57.424,INFO,FileController.js,deleteFilesOlderThan3Days,380,deleteFilesOlderThan3DaysIN
2025-03-03 12:38:57.424,INFO,FileController.js,deleteFilesOlderThan3Days,396,deleteFilesOlderThan3DaysOUT
2025-03-03 12:38:57.424,INFO,FileController.js,deleteFilesOlderThan3Days,380,deleteFilesOlderThan3DaysIN
2025-03-03 12:38:57.424,INFO,FileController.js,deleteFilesOlderThan3Days,396,deleteFilesOlderThan3DaysOUT
2025-03-03 12:38:57.424,INFO,FileController.js,deleteFilesOlderThan3Days,380,deleteFilesOlderThan3DaysIN
2025-03-03 12:38:57.424,INFO,FileController.js,deleteFilesOlderThan3Days,396,deleteFilesOlderThan3DaysOUT
2025-03-03 12:38:57.424,INFO,FileController.js,deleteFilesOlderThan3Days,380,deleteFilesOlderThan3DaysIN
2025-03-03 12:38:57.424,INFO,FileController.js,deleteFilesOlderThan3Days,396,deleteFilesOlderThan3DaysOUT
2025-03-03 12:38:57.426,INFO,FileController.js,isFileWithinLast3Days,271,isFileWithinLast3DaysIN
2025-03-03 12:38:57.426,INFO,FileController.js,isFileWithinLast3Days,289,isFileWithinLast3DaysOUT
2025-03-03 12:38:57.426,INFO,FileController.js,isFileWithinLast3Days,271,isFileWithinLast3DaysIN
2025-03-03 12:38:57.426,INFO,FileController.js,isFileWithinLast3Days,289,isFileWithinLast3DaysOUT
2025-03-03 12:38:57.426,INFO,FileController.js,isFileWithinLast3Days,271,isFileWithinLast3DaysIN
2025-03-03 12:38:57.426,INFO,FileController.js,isFileWithinLast3Days,289,isFileWithinLast3DaysOUT
2025-03-03 12:38:57.426,INFO,FileController.js,isFileWithinLast3Days,271,isFileWithinLast3DaysIN
2025-03-03 12:38:57.426,INFO,FileController.js,isFileWithinLast3Days,289,isFileWithinLast3DaysOUT
2025-03-03 12:38:57.426,INFO,FileController.js,isFileWithinLast3Days,271,isFileWithinLast3DaysIN
2025-03-03 12:38:57.426,INFO,FileController.js,isFileWithinLast3Days,289,isFileWithinLast3DaysOUT
2025-03-03 12:38:57.426,INFO,FileController.js,isFileWithinLast3Days,271,isFileWithinLast3DaysIN
2025-03-03 12:38:57.426,INFO,FileController.js,isFileWithinLast3Days,289,isFileWithinLast3DaysOUT
2025-03-03 12:38:57.426,INFO,FileController.js,deleteFilesOlderThan3Days,380,deleteFilesOlderThan3DaysIN
2025-03-03 12:38:57.426,INFO,FileController.js,deleteFilesOlderThan3Days,396,deleteFilesOlderThan3DaysOUT
2025-03-03 12:38:57.426,INFO,FileController.js,deleteFilesOlderThan3Days,380,deleteFilesOlderThan3DaysIN
2025-03-03 12:38:57.426,INFO,FileController.js,deleteFilesOlderThan3Days,396,deleteFilesOlderThan3DaysOUT
2025-03-03 12:38:57.426,INFO,FileController.js,deleteFilesOlderThan3Days,380,deleteFilesOlderThan3DaysIN
2025-03-03 12:38:57.426,INFO,FileController.js,deleteFilesOlderThan3Days,396,deleteFilesOlderThan3DaysOUT
2025-03-03 12:38:57.426,INFO,FileController.js,deleteFilesOlderThan3Days,380,deleteFilesOlderThan3DaysIN
2025-03-03 12:38:57.426,INFO,FileController.js,deleteFilesOlderThan3Days,396,deleteFilesOlderThan3DaysOUT
2025-03-03 12:38:57.426,INFO,FileController.js,deleteFilesOlderThan3Days,380,deleteFilesOlderThan3DaysIN
2025-03-03 12:38:57.426,INFO,FileController.js,deleteFilesOlderThan3Days,396,deleteFilesOlderThan3DaysOUT
2025-03-03 12:38:57.427,INFO,FileController.js,deleteFilesOlderThan3Days,380,deleteFilesOlderThan3DaysIN
2025-03-03 12:38:57.427,INFO,FileController.js,deleteFilesOlderThan3Days,396,deleteFilesOlderThan3DaysOUT
2025-03-03 12:38:57.428,INFO,FileController.js,isFileWithinLast3Days,271,isFileWithinLast3DaysIN
2025-03-03 12:38:57.428,INFO,FileController.js,isFileWithinLast3Days,289,isFileWithinLast3DaysOUT
2025-03-03 12:38:57.428,INFO,FileController.js,isFileWithinLast3Days,271,isFileWithinLast3DaysIN
2025-03-03 12:38:57.428,INFO,FileController.js,isFileWithinLast3Days,289,isFileWithinLast3DaysOUT
2025-03-03 12:38:57.428,INFO,FileController.js,isFileWithinLast3Days,271,isFileWithinLast3DaysIN
2025-03-03 12:38:57.428,INFO,FileController.js,isFileWithinLast3Days,289,isFileWithinLast3DaysOUT
2025-03-03 12:38:57.428,INFO,FileController.js,isFileWithinLast3Days,271,isFileWithinLast3DaysIN
2025-03-03 12:38:57.428,INFO,FileController.js,isFileWithinLast3Days,289,isFileWithinLast3DaysOUT
2025-03-03 12:38:57.428,INFO,FileController.js,isFileWithinLast3Days,271,isFileWithinLast3DaysIN
2025-03-03 12:38:57.428,INFO,FileController.js,isFileWithinLast3Days,289,isFileWithinLast3DaysOUT
2025-03-03 12:38:57.428,INFO,FileController.js,isFileWithinLast3Days,271,isFileWithinLast3DaysIN
2025-03-03 12:38:57.428,INFO,FileController.js,isFileWithinLast3Days,289,isFileWithinLast3DaysOUT
2025-03-03 12:38:57.428,INFO,FileController.js,deleteFilesOlderThan3Days,380,deleteFilesOlderThan3DaysIN
2025-03-03 12:38:57.428,INFO,FileController.js,deleteFilesOlderThan3Days,396,deleteFilesOlderThan3DaysOUT
2025-03-03 12:38:57.428,INFO,FileController.js,deleteFilesOlderThan3Days,380,deleteFilesOlderThan3DaysIN
2025-03-03 12:38:57.428,INFO,FileController.js,deleteFilesOlderThan3Days,396,deleteFilesOlderThan3DaysOUT
2025-03-03 12:38:57.428,INFO,FileController.js,deleteFilesOlderThan3Days,380,deleteFilesOlderThan3DaysIN
2025-03-03 12:38:57.428,INFO,FileController.js,deleteFilesOlderThan3Days,396,deleteFilesOlderThan3DaysOUT
2025-03-03 12:38:57.429,INFO,FileController.js,deleteFilesOlderThan3Days,380,deleteFilesOlderThan3DaysIN
2025-03-03 12:38:57.429,INFO,FileController.js,deleteFilesOlderThan3Days,396,deleteFilesOlderThan3DaysOUT
2025-03-03 12:38:57.429,INFO,FileController.js,deleteFilesOlderThan3Days,380,deleteFilesOlderThan3DaysIN
2025-03-03 12:38:57.429,INFO,FileController.js,deleteFilesOlderThan3Days,396,deleteFilesOlderThan3DaysOUT
2025-03-03 12:38:57.429,INFO,FileController.js,deleteFilesOlderThan3Days,380,deleteFilesOlderThan3DaysIN
2025-03-03 12:38:57.429,INFO,FileController.js,deleteFilesOlderThan3Days,396,deleteFilesOlderThan3DaysOUT
2025-03-03 12:38:57.431,INFO,FileController.js,isFileWithinLast3Days,271,isFileWithinLast3DaysIN
2025-03-03 12:38:57.431,INFO,FileController.js,isFileWithinLast3Days,289,isFileWithinLast3DaysOUT
2025-03-03 12:38:57.431,INFO,FileController.js,isFileWithinLast3Days,271,isFileWithinLast3DaysIN
2025-03-03 12:38:57.431,INFO,FileController.js,isFileWithinLast3Days,289,isFileWithinLast3DaysOUT
2025-03-03 12:38:57.431,INFO,FileController.js,isFileWithinLast3Days,271,isFileWithinLast3DaysIN
2025-03-03 12:38:57.431,INFO,FileController.js,isFileWithinLast3Days,289,isFileWithinLast3DaysOUT
2025-03-03 12:38:57.431,INFO,FileController.js,isFileWithinLast3Days,271,isFileWithinLast3DaysIN
2025-03-03 12:38:57.431,INFO,FileController.js,isFileWithinLast3Days,289,isFileWithinLast3DaysOUT
2025-03-03 12:38:57.431,INFO,FileController.js,isFileWithinLast3Days,271,isFileWithinLast3DaysIN
2025-03-03 12:38:57.431,INFO,FileController.js,isFileWithinLast3Days,289,isFileWithinLast3DaysOUT
2025-03-03 12:38:57.431,INFO,FileController.js,isFileWithinLast3Days,271,isFileWithinLast3DaysIN
2025-03-03 12:38:57.431,INFO,FileController.js,isFileWithinLast3Days,289,isFileWithinLast3DaysOUT
2025-03-03 12:38:57.431,INFO,FileController.js,deleteFilesOlderThan3Days,380,deleteFilesOlderThan3DaysIN
2025-03-03 12:38:57.431,INFO,FileController.js,deleteFilesOlderThan3Days,396,deleteFilesOlderThan3DaysOUT
2025-03-03 12:38:57.431,INFO,FileController.js,deleteFilesOlderThan3Days,380,deleteFilesOlderThan3DaysIN
2025-03-03 12:38:57.431,INFO,FileController.js,deleteFilesOlderThan3Days,396,deleteFilesOlderThan3DaysOUT
2025-03-03 12:38:57.432,INFO,FileController.js,deleteFilesOlderThan3Days,380,deleteFilesOlderThan3DaysIN
2025-03-03 12:38:57.432,INFO,FileController.js,deleteFilesOlderThan3Days,396,deleteFilesOlderThan3DaysOUT
2025-03-03 12:38:57.432,INFO,FileController.js,deleteFilesOlderThan3Days,380,deleteFilesOlderThan3DaysIN
2025-03-03 12:38:57.432,INFO,FileController.js,deleteFilesOlderThan3Days,396,deleteFilesOlderThan3DaysOUT
2025-03-03 12:38:57.432,INFO,FileController.js,deleteFilesOlderThan3Days,380,deleteFilesOlderThan3DaysIN
2025-03-03 12:38:57.432,INFO,FileController.js,deleteFilesOlderThan3Days,396,deleteFilesOlderThan3DaysOUT
2025-03-03 12:38:57.432,INFO,FileController.js,deleteFilesOlderThan3Days,380,deleteFilesOlderThan3DaysIN
2025-03-03 12:38:57.432,INFO,FileController.js,deleteFilesOlderThan3Days,396,deleteFilesOlderThan3DaysOUT
2025-03-03 12:39:43.867,INFO,FileController.js,moveFile,123,moveFileIN
2025-03-03 12:39:43.870,INFO,FileController.js,moveFile,144,moveFileOUT
2025-03-03 12:39:43.872,INFO,FileController.js,null,131,null/Users/apoorvasingh/Desktop/apoo/csv file moved: annual-enterprise-survey-2023-financial-year-provisional.csv
2025-03-03 12:39:43.879,INFO,FileController.js,isFileWithinLast3Days,271,isFileWithinLast3DaysIN
2025-03-03 12:39:43.880,INFO,FileController.js,isFileWithinLast3Days,289,isFileWithinLast3DaysOUT
2025-03-03 12:39:43.880,INFO,FileController.js,isFileWithinLast3Days,271,isFileWithinLast3DaysIN
2025-03-03 12:39:43.880,INFO,FileController.js,isFileWithinLast3Days,289,isFileWithinLast3DaysOUT
2025-03-03 12:39:43.880,INFO,FileController.js,isFileWithinLast3Days,271,isFileWithinLast3DaysIN
2025-03-03 12:39:43.880,INFO,FileController.js,isFileWithinLast3Days,289,isFileWithinLast3DaysOUT
2025-03-03 12:39:43.881,INFO,FileController.js,isFileWithinLast3Days,271,isFileWithinLast3DaysIN
2025-03-03 12:39:43.881,INFO,FileController.js,isFileWithinLast3Days,289,isFileWithinLast3DaysOUT
2025-03-03 12:39:43.881,INFO,FileController.js,isFileWithinLast3Days,271,isFileWithinLast3DaysIN
2025-03-03 12:39:43.881,INFO,FileController.js,isFileWithinLast3Days,289,isFileWithinLast3DaysOUT
2025-03-03 12:39:43.881,INFO,FileController.js,isFileWithinLast3Days,271,isFileWithinLast3DaysIN
2025-03-03 12:39:43.881,INFO,FileController.js,isFileWithinLast3Days,289,isFileWithinLast3DaysOUT
2025-03-03 12:39:43.881,INFO,FileController.js,deleteFilesOlderThan3Days,380,deleteFilesOlderThan3DaysIN
2025-03-03 12:39:43.882,INFO,FileController.js,isFileWithinLast3Days,271,isFileWithinLast3DaysIN
2025-03-03 12:39:43.882,INFO,FileController.js,isFileWithinLast3Days,289,isFileWithinLast3DaysOUT
2025-03-03 12:39:43.882,INFO,FileController.js,deleteFilesOlderThan3Days,396,deleteFilesOlderThan3DaysOUT
2025-03-03 12:39:43.882,INFO,FileController.js,deleteFilesOlderThan3Days,380,deleteFilesOlderThan3DaysIN
2025-03-03 12:39:43.882,INFO,FileController.js,deleteFilesOlderThan3Days,396,deleteFilesOlderThan3DaysOUT
2025-03-03 12:39:43.882,INFO,FileController.js,deleteFilesOlderThan3Days,380,deleteFilesOlderThan3DaysIN
2025-03-03 12:39:43.883,INFO,FileController.js,deleteFilesOlderThan3Days,396,deleteFilesOlderThan3DaysOUT
2025-03-03 12:39:43.883,INFO,FileController.js,deleteFilesOlderThan3Days,380,deleteFilesOlderThan3DaysIN
2025-03-03 12:39:43.883,INFO,FileController.js,deleteFilesOlderThan3Days,396,deleteFilesOlderThan3DaysOUT
2025-03-03 12:39:43.883,INFO,FileController.js,deleteFilesOlderThan3Days,380,deleteFilesOlderThan3DaysIN
2025-03-03 12:39:43.883,INFO,FileController.js,deleteFilesOlderThan3Days,396,deleteFilesOlderThan3DaysOUT
2025-03-03 12:39:43.883,INFO,FileController.js,deleteFilesOlderThan3Days,380,deleteFilesOlderThan3DaysIN
2025-03-03 12:39:43.884,INFO,FileController.js,deleteFilesOlderThan3Days,396,deleteFilesOlderThan3DaysOUT
2025-03-03 12:39:43.884,INFO,FileController.js,isFileWithinLast3Days,271,isFileWithinLast3DaysIN
2025-03-03 12:39:43.884,INFO,FileController.js,isFileWithinLast3Days,289,isFileWithinLast3DaysOUT
2025-03-03 12:39:43.962,INFO,FileController.js,moveFile,123,moveFileIN
2025-03-03 12:39:43.962,INFO,FileController.js,moveFile,144,moveFileOUT
2025-03-03 12:39:43.962,INFO,FileController.js,null,131,null/Users/apoorvasingh/Desktop/apoo/csv file moved: annual-enterprise-survey-2023-financial-year-provisional.csv
2025-03-03 12:39:43.966,INFO,FileController.js,isFileWithinLast3Days,271,isFileWithinLast3DaysIN
2025-03-03 12:39:43.967,INFO,FileController.js,isFileWithinLast3Days,289,isFileWithinLast3DaysOUT
2025-03-03 12:39:43.969,INFO,FileController.js,isFileWithinLast3Days,271,isFileWithinLast3DaysIN
2025-03-03 12:39:43.969,INFO,FileController.js,isFileWithinLast3Days,289,isFileWithinLast3DaysOUT
2025-03-03 12:39:43.969,INFO,FileController.js,isFileWithinLast3Days,271,isFileWithinLast3DaysIN
2025-03-03 12:39:43.969,INFO,FileController.js,isFileWithinLast3Days,289,isFileWithinLast3DaysOUT
2025-03-03 12:39:43.969,INFO,FileController.js,isFileWithinLast3Days,271,isFileWithinLast3DaysIN
2025-03-03 12:39:43.969,INFO,FileController.js,isFileWithinLast3Days,289,isFileWithinLast3DaysOUT
2025-03-03 12:39:43.969,INFO,FileController.js,isFileWithinLast3Days,271,isFileWithinLast3DaysIN
2025-03-03 12:39:43.969,INFO,FileController.js,isFileWithinLast3Days,289,isFileWithinLast3DaysOUT
2025-03-03 12:39:43.970,INFO,FileController.js,isFileWithinLast3Days,271,isFileWithinLast3DaysIN
2025-03-03 12:39:43.970,INFO,FileController.js,isFileWithinLast3Days,289,isFileWithinLast3DaysOUT
2025-03-03 12:39:43.970,INFO,FileController.js,deleteFilesOlderThan3Days,380,deleteFilesOlderThan3DaysIN
2025-03-03 12:39:43.970,INFO,FileController.js,isFileWithinLast3Days,271,isFileWithinLast3DaysIN
2025-03-03 12:39:43.970,INFO,FileController.js,isFileWithinLast3Days,289,isFileWithinLast3DaysOUT
2025-03-03 12:39:43.970,INFO,FileController.js,deleteFilesOlderThan3Days,396,deleteFilesOlderThan3DaysOUT
2025-03-03 12:39:43.970,INFO,FileController.js,deleteFilesOlderThan3Days,380,deleteFilesOlderThan3DaysIN
2025-03-03 12:39:43.971,INFO,FileController.js,deleteFilesOlderThan3Days,396,deleteFilesOlderThan3DaysOUT
2025-03-03 12:39:43.971,INFO,FileController.js,deleteFilesOlderThan3Days,380,deleteFilesOlderThan3DaysIN
2025-03-03 12:39:43.971,INFO,FileController.js,deleteFilesOlderThan3Days,396,deleteFilesOlderThan3DaysOUT
2025-03-03 12:39:43.971,INFO,FileController.js,deleteFilesOlderThan3Days,380,deleteFilesOlderThan3DaysIN
2025-03-03 12:39:43.971,INFO,FileController.js,deleteFilesOlderThan3Days,396,deleteFilesOlderThan3DaysOUT
2025-03-03 12:39:43.972,INFO,FileController.js,deleteFilesOlderThan3Days,380,deleteFilesOlderThan3DaysIN
2025-03-03 12:39:43.972,INFO,FileController.js,deleteFilesOlderThan3Days,396,deleteFilesOlderThan3DaysOUT
2025-03-03 12:39:43.972,INFO,FileController.js,deleteFilesOlderThan3Days,380,deleteFilesOlderThan3DaysIN
2025-03-03 12:39:43.972,INFO,FileController.js,deleteFilesOlderThan3Days,396,deleteFilesOlderThan3DaysOUT
2025-03-03 12:39:43.972,INFO,FileController.js,isFileWithinLast3Days,271,isFileWithinLast3DaysIN
2025-03-03 12:39:43.973,INFO,FileController.js,isFileWithinLast3Days,289,isFileWithinLast3DaysOUT
2025-03-03 12:39:44.720,INFO,FileController.js,isFileWithinLast3Days,271,isFileWithinLast3DaysIN
2025-03-03 12:39:44.720,INFO,FileController.js,isFileWithinLast3Days,289,isFileWithinLast3DaysOUT
2025-03-03 12:39:45.721,INFO,FileController.js,isFileWithinLast3Days,271,isFileWithinLast3DaysIN
2025-03-03 12:39:45.722,INFO,FileController.js,isFileWithinLast3Days,289,isFileWithinLast3DaysOUT
2025-03-03 12:39:46.726,INFO,FileController.js,isFileWithinLast3Days,271,isFileWithinLast3DaysIN
2025-03-03 12:39:46.728,INFO,FileController.js,isFileWithinLast3Days,289,isFileWithinLast3DaysOUT
2025-03-03 12:39:47.719,INFO,FileController.js,isFileWithinLast3Days,271,isFileWithinLast3DaysIN
2025-03-03 12:39:47.719,INFO,FileController.js,isFileWithinLast3Days,289,isFileWithinLast3DaysOUT
2025-03-03 12:39:48.354,INFO,FileController.js,isFileWithinLast3Days,271,isFileWithinLast3DaysIN
2025-03-03 12:39:48.354,INFO,FileController.js,isFileWithinLast3Days,289,isFileWithinLast3DaysOUT
2025-03-03 12:39:49.356,INFO,FileController.js,isFileWithinLast3Days,271,isFileWithinLast3DaysIN
2025-03-03 12:39:49.357,INFO,FileController.js,isFileWithinLast3Days,289,isFileWithinLast3DaysOUT
2025-03-03 12:39:50.354,INFO,FileController.js,isFileWithinLast3Days,271,isFileWithinLast3DaysIN
2025-03-03 12:39:50.355,INFO,FileController.js,isFileWithinLast3Days,289,isFileWithinLast3DaysOUT
2025-03-03 12:39:51.357,INFO,FileController.js,isFileWithinLast3Days,271,isFileWithinLast3DaysIN
2025-03-03 12:39:51.357,INFO,FileController.js,isFileWithinLast3Days,289,isFileWithinLast3DaysOUT
2025-03-03 12:39:52.355,INFO,FileController.js,isFileWithinLast3Days,271,isFileWithinLast3DaysIN
2025-03-03 12:39:52.356,INFO,FileController.js,isFileWithinLast3Days,289,isFileWithinLast3DaysOUT
2025-03-03 12:39:53.354,INFO,FileController.js,isFileWithinLast3Days,271,isFileWithinLast3DaysIN
2025-03-03 12:39:53.354,INFO,FileController.js,isFileWithinLast3Days,289,isFileWithinLast3DaysOUT
2025-03-03 12:39:54.356,INFO,FileController.js,isFileWithinLast3Days,271,isFileWithinLast3DaysIN
2025-03-03 12:39:54.358,INFO,FileController.js,isFileWithinLast3Days,289,isFileWithinLast3DaysOUT
2025-03-03 12:39:55.353,INFO,FileController.js,isFileWithinLast3Days,271,isFileWithinLast3DaysIN
2025-03-03 12:39:55.353,INFO,FileController.js,isFileWithinLast3Days,289,isFileWithinLast3DaysOUT
2025-03-03 12:39:56.354,INFO,FileController.js,isFileWithinLast3Days,271,isFileWithinLast3DaysIN
2025-03-03 12:39:56.355,INFO,FileController.js,isFileWithinLast3Days,289,isFileWithinLast3DaysOUT
2025-03-03 12:39:57.354,INFO,FileController.js,isFileWithinLast3Days,271,isFileWithinLast3DaysIN
2025-03-03 12:39:57.355,INFO,FileController.js,isFileWithinLast3Days,289,isFileWithinLast3DaysOUT
2025-03-03 12:39:58.353,INFO,FileController.js,isFileWithinLast3Days,271,isFileWithinLast3DaysIN
2025-03-03 12:39:58.353,INFO,FileController.js,isFileWithinLast3Days,289,isFileWithinLast3DaysOUT
2025-03-03 12:39:59.354,INFO,FileController.js,isFileWithinLast3Days,271,isFileWithinLast3DaysIN
2025-03-03 12:39:59.355,INFO,FileController.js,isFileWithinLast3Days,289,isFileWithinLast3DaysOUT
2025-03-03 12:40:00.355,INFO,FileController.js,isFileWithinLast3Days,271,isFileWithinLast3DaysIN
2025-03-03 12:40:00.355,INFO,FileController.js,isFileWithinLast3Days,289,isFileWithinLast3DaysOUT
2025-03-03 12:40:00.382,INFO,FileController.js,csvToPdf,567,csvToPdfIN
2025-03-03 12:40:00.637,INFO,FileController.js,csvToPdf,635,csvToPdfOUT
2025-03-03 12:40:01.354,INFO,FileController.js,isFileWithinLast3Days,271,isFileWithinLast3DaysIN
2025-03-03 12:40:01.355,INFO,FileController.js,isFileWithinLast3Days,289,isFileWithinLast3DaysOUT
2025-03-03 12:40:02.353,INFO,FileController.js,isFileWithinLast3Days,271,isFileWithinLast3DaysIN
2025-03-03 12:40:02.354,INFO,FileController.js,isFileWithinLast3Days,289,isFileWithinLast3DaysOUT
2025-03-03 12:40:03.356,INFO,FileController.js,isFileWithinLast3Days,271,isFileWithinLast3DaysIN
2025-03-03 12:40:03.356,INFO,FileController.js,isFileWithinLast3Days,289,isFileWithinLast3DaysOUT
2025-03-03 12:40:04.359,INFO,FileController.js,isFileWithinLast3Days,271,isFileWithinLast3DaysIN
2025-03-03 12:40:04.360,INFO,FileController.js,isFileWithinLast3Days,289,isFileWithinLast3DaysOUT
2025-03-03 12:40:06.302,INFO,FileController.js,isFileWithinLast3Days,271,isFileWithinLast3DaysIN
2025-03-03 12:40:06.305,INFO,FileController.js,isFileWithinLast3Days,289,isFileWithinLast3DaysOUT
2025-03-03 12:40:17.099,INFO,FileController.js,moveFile,123,moveFileIN
2025-03-03 12:40:17.109,INFO,FileController.js,moveFile,144,moveFileOUT
2025-03-03 12:40:17.113,INFO,FileController.js,null,131,null/Users/apoorvasingh/Desktop/apoo/pdf file moved: annual-enterprise-survey-2023-financial-year-provisional.pdf
2025-03-03 12:40:18.658,INFO,FileController.js,isFileWithinLast3Days,271,isFileWithinLast3DaysIN
2025-03-03 12:40:18.661,INFO,FileController.js,isFileWithinLast3Days,289,isFileWithinLast3DaysOUT
2025-03-03 12:40:18.661,INFO,FileController.js,isFileWithinLast3Days,271,isFileWithinLast3DaysIN
2025-03-03 12:40:18.662,INFO,FileController.js,isFileWithinLast3Days,289,isFileWithinLast3DaysOUT
2025-03-03 12:40:18.662,INFO,FileController.js,isFileWithinLast3Days,271,isFileWithinLast3DaysIN
2025-03-03 12:40:18.662,INFO,FileController.js,isFileWithinLast3Days,289,isFileWithinLast3DaysOUT
2025-03-03 12:40:18.662,INFO,FileController.js,isFileWithinLast3Days,271,isFileWithinLast3DaysIN
2025-03-03 12:40:18.662,INFO,FileController.js,isFileWithinLast3Days,289,isFileWithinLast3DaysOUT
2025-03-03 12:40:18.662,INFO,FileController.js,isFileWithinLast3Days,271,isFileWithinLast3DaysIN
2025-03-03 12:40:18.662,INFO,FileController.js,isFileWithinLast3Days,289,isFileWithinLast3DaysOUT
2025-03-03 12:40:18.662,INFO,FileController.js,isFileWithinLast3Days,271,isFileWithinLast3DaysIN
2025-03-03 12:40:18.662,INFO,FileController.js,isFileWithinLast3Days,289,isFileWithinLast3DaysOUT
2025-03-03 12:40:18.662,INFO,FileController.js,deleteFilesOlderThan3Days,380,deleteFilesOlderThan3DaysIN
2025-03-03 12:40:18.663,INFO,FileController.js,isFileWithinLast3Days,271,isFileWithinLast3DaysIN
2025-03-03 12:40:18.663,INFO,FileController.js,isFileWithinLast3Days,289,isFileWithinLast3DaysOUT
2025-03-03 12:40:18.663,INFO,FileController.js,deleteFilesOlderThan3Days,396,deleteFilesOlderThan3DaysOUT
2025-03-03 12:40:18.663,INFO,FileController.js,deleteFilesOlderThan3Days,380,deleteFilesOlderThan3DaysIN
2025-03-03 12:40:18.663,INFO,FileController.js,isFileWithinLast3Days,271,isFileWithinLast3DaysIN
2025-03-03 12:40:18.663,INFO,FileController.js,isFileWithinLast3Days,289,isFileWithinLast3DaysOUT
2025-03-03 12:40:18.663,INFO,FileController.js,deleteFilesOlderThan3Days,396,deleteFilesOlderThan3DaysOUT
2025-03-03 12:40:18.663,INFO,FileController.js,deleteFilesOlderThan3Days,380,deleteFilesOlderThan3DaysIN
2025-03-03 12:40:18.663,INFO,FileController.js,deleteFilesOlderThan3Days,396,deleteFilesOlderThan3DaysOUT
2025-03-03 12:40:18.663,INFO,FileController.js,deleteFilesOlderThan3Days,380,deleteFilesOlderThan3DaysIN
2025-03-03 12:40:18.664,INFO,FileController.js,deleteFilesOlderThan3Days,396,deleteFilesOlderThan3DaysOUT
2025-03-03 12:40:18.664,INFO,FileController.js,deleteFilesOlderThan3Days,380,deleteFilesOlderThan3DaysIN
2025-03-03 12:40:18.664,INFO,FileController.js,deleteFilesOlderThan3Days,396,deleteFilesOlderThan3DaysOUT
2025-03-03 12:40:18.665,INFO,FileController.js,deleteFilesOlderThan3Days,380,deleteFilesOlderThan3DaysIN
2025-03-03 12:40:18.665,INFO,FileController.js,deleteFilesOlderThan3Days,396,deleteFilesOlderThan3DaysOUT
2025-03-03 12:40:18.666,INFO,FileController.js,isFileWithinLast3Days,271,isFileWithinLast3DaysIN
2025-03-03 12:40:18.666,INFO,FileController.js,isFileWithinLast3Days,289,isFileWithinLast3DaysOUT
2025-03-03 12:40:18.666,INFO,FileController.js,isFileWithinLast3Days,271,isFileWithinLast3DaysIN
2025-03-03 12:40:18.666,INFO,FileController.js,isFileWithinLast3Days,289,isFileWithinLast3DaysOUT
2025-03-03 12:40:18.671,INFO,FileController.js,isFileWithinLast3Days,271,isFileWithinLast3DaysIN
2025-03-03 12:40:18.671,INFO,FileController.js,isFileWithinLast3Days,289,isFileWithinLast3DaysOUT
2025-03-03 12:40:18.672,INFO,FileController.js,isFileWithinLast3Days,271,isFileWithinLast3DaysIN
2025-03-03 12:40:18.672,INFO,FileController.js,isFileWithinLast3Days,289,isFileWithinLast3DaysOUT
2025-03-03 12:40:19.594,INFO,FileController.js,isFileWithinLast3Days,271,isFileWithinLast3DaysIN
2025-03-03 12:40:19.598,INFO,FileController.js,isFileWithinLast3Days,289,isFileWithinLast3DaysOUT
2025-03-03 12:40:19.598,INFO,FileController.js,isFileWithinLast3Days,271,isFileWithinLast3DaysIN
2025-03-03 12:40:19.599,INFO,FileController.js,isFileWithinLast3Days,289,isFileWithinLast3DaysOUT
2025-03-03 12:40:20.574,INFO,FileController.js,isFileWithinLast3Days,271,isFileWithinLast3DaysIN
2025-03-03 12:40:20.574,INFO,FileController.js,isFileWithinLast3Days,289,isFileWithinLast3DaysOUT
2025-03-03 12:40:20.576,INFO,FileController.js,isFileWithinLast3Days,271,isFileWithinLast3DaysIN
2025-03-03 12:40:20.576,INFO,FileController.js,isFileWithinLast3Days,289,isFileWithinLast3DaysOUT
2025-03-03 12:40:21.588,INFO,FileController.js,isFileWithinLast3Days,271,isFileWithinLast3DaysIN
2025-03-03 12:40:21.589,INFO,FileController.js,isFileWithinLast3Days,289,isFileWithinLast3DaysOUT
2025-03-03 12:40:21.589,INFO,FileController.js,isFileWithinLast3Days,271,isFileWithinLast3DaysIN
2025-03-03 12:40:21.589,INFO,FileController.js,isFileWithinLast3Days,289,isFileWithinLast3DaysOUT
2025-03-03 12:40:22.574,INFO,FileController.js,isFileWithinLast3Days,271,isFileWithinLast3DaysIN
2025-03-03 12:40:22.575,INFO,FileController.js,isFileWithinLast3Days,289,isFileWithinLast3DaysOUT
2025-03-03 12:40:22.575,INFO,FileController.js,isFileWithinLast3Days,271,isFileWithinLast3DaysIN
2025-03-03 12:40:22.575,INFO,FileController.js,isFileWithinLast3Days,289,isFileWithinLast3DaysOUT
2025-03-03 12:40:23.573,INFO,FileController.js,isFileWithinLast3Days,271,isFileWithinLast3DaysIN
2025-03-03 12:40:23.574,INFO,FileController.js,isFileWithinLast3Days,289,isFileWithinLast3DaysOUT
2025-03-03 12:40:23.574,INFO,FileController.js,isFileWithinLast3Days,271,isFileWithinLast3DaysIN
2025-03-03 12:40:23.574,INFO,FileController.js,isFileWithinLast3Days,289,isFileWithinLast3DaysOUT
2025-03-03 12:40:24.574,INFO,FileController.js,isFileWithinLast3Days,271,isFileWithinLast3DaysIN
2025-03-03 12:40:24.574,INFO,FileController.js,isFileWithinLast3Days,289,isFileWithinLast3DaysOUT
2025-03-03 12:40:24.574,INFO,FileController.js,isFileWithinLast3Days,271,isFileWithinLast3DaysIN
2025-03-03 12:40:24.574,INFO,FileController.js,isFileWithinLast3Days,289,isFileWithinLast3DaysOUT
2025-03-03 12:40:25.573,INFO,FileController.js,isFileWithinLast3Days,271,isFileWithinLast3DaysIN
2025-03-03 12:40:25.573,INFO,FileController.js,isFileWithinLast3Days,289,isFileWithinLast3DaysOUT
2025-03-03 12:40:25.573,INFO,FileController.js,isFileWithinLast3Days,271,isFileWithinLast3DaysIN
2025-03-03 12:40:25.573,INFO,FileController.js,isFileWithinLast3Days,289,isFileWithinLast3DaysOUT
2025-03-03 12:40:26.854,INFO,FileController.js,isFileWithinLast3Days,271,isFileWithinLast3DaysIN
2025-03-03 12:40:26.944,INFO,FileController.js,isFileWithinLast3Days,289,isFileWithinLast3DaysOUT
2025-03-03 12:40:26.944,INFO,FileController.js,isFileWithinLast3Days,271,isFileWithinLast3DaysIN
2025-03-03 12:40:26.944,INFO,FileController.js,isFileWithinLast3Days,289,isFileWithinLast3DaysOUT
2025-03-03 12:40:27.514,INFO,FileController.js,compressAndSendFile,228,compressAndSendFileIN
2025-03-03 12:40:27.526,INFO,FileController.js,compressAndSendFile,261,compressAndSendFileOUT
2025-03-03 12:40:30.507,INFO,FileController.js,compressAndSendFile,228,compressAndSendFileIN
2025-03-03 12:40:30.510,INFO,FileController.js,compressAndSendFile,261,compressAndSendFileOUT
2025-03-03 12:40:30.514,INFO,FileController.js,isFileWithinLast3Days,271,isFileWithinLast3DaysIN
2025-03-03 12:40:30.514,INFO,FileController.js,isFileWithinLast3Days,289,isFileWithinLast3DaysOUT
2025-03-03 12:40:30.514,INFO,FileController.js,isFileWithinLast3Days,271,isFileWithinLast3DaysIN
2025-03-03 12:40:30.514,INFO,FileController.js,isFileWithinLast3Days,289,isFileWithinLast3DaysOUT
2025-03-03 12:40:30.573,INFO,FileController.js,isFileWithinLast3Days,271,isFileWithinLast3DaysIN
2025-03-03 12:40:30.574,INFO,FileController.js,isFileWithinLast3Days,289,isFileWithinLast3DaysOUT
2025-03-03 12:40:30.574,INFO,FileController.js,isFileWithinLast3Days,271,isFileWithinLast3DaysIN
2025-03-03 12:40:30.574,INFO,FileController.js,isFileWithinLast3Days,289,isFileWithinLast3DaysOUT
2025-03-03 12:40:31.580,INFO,FileController.js,isFileWithinLast3Days,271,isFileWithinLast3DaysIN
2025-03-03 12:40:31.580,INFO,FileController.js,isFileWithinLast3Days,289,isFileWithinLast3DaysOUT
2025-03-03 12:40:31.580,INFO,FileController.js,isFileWithinLast3Days,271,isFileWithinLast3DaysIN
2025-03-03 12:40:31.581,INFO,FileController.js,isFileWithinLast3Days,289,isFileWithinLast3DaysOUT
2025-03-03 12:40:32.578,INFO,FileController.js,isFileWithinLast3Days,271,isFileWithinLast3DaysIN
2025-03-03 12:40:32.579,INFO,FileController.js,isFileWithinLast3Days,289,isFileWithinLast3DaysOUT
2025-03-03 12:40:32.579,INFO,FileController.js,isFileWithinLast3Days,271,isFileWithinLast3DaysIN
2025-03-03 12:40:32.579,INFO,FileController.js,isFileWithinLast3Days,289,isFileWithinLast3DaysOUT
2025-03-03 12:40:33.572,INFO,FileController.js,isFileWithinLast3Days,271,isFileWithinLast3DaysIN
2025-03-03 12:40:33.572,INFO,FileController.js,isFileWithinLast3Days,289,isFileWithinLast3DaysOUT
2025-03-03 12:40:33.572,INFO,FileController.js,isFileWithinLast3Days,271,isFileWithinLast3DaysIN
2025-03-03 12:40:33.572,INFO,FileController.js,isFileWithinLast3Days,289,isFileWithinLast3DaysOUT
2025-03-03 12:40:34.574,INFO,FileController.js,isFileWithinLast3Days,271,isFileWithinLast3DaysIN
2025-03-03 12:40:34.574,INFO,FileController.js,isFileWithinLast3Days,289,isFileWithinLast3DaysOUT
2025-03-03 12:40:34.574,INFO,FileController.js,isFileWithinLast3Days,271,isFileWithinLast3DaysIN
2025-03-03 12:40:34.574,INFO,FileController.js,isFileWithinLast3Days,289,isFileWithinLast3DaysOUT
2025-03-03 12:40:34.955,INFO,FileController.js,respond,626,respondundefined
2025-03-03 12:40:34.960,INFO,FileController.js,isFileWithinLast3Days,271,isFileWithinLast3DaysIN
2025-03-03 12:40:34.960,INFO,FileController.js,isFileWithinLast3Days,289,isFileWithinLast3DaysOUT
2025-03-03 12:40:34.960,INFO,FileController.js,isFileWithinLast3Days,271,isFileWithinLast3DaysIN
2025-03-03 12:40:34.960,INFO,FileController.js,isFileWithinLast3Days,289,isFileWithinLast3DaysOUT
2025-03-03 12:40:34.960,INFO,FileController.js,isFileWithinLast3Days,271,isFileWithinLast3DaysIN
2025-03-03 12:40:34.960,INFO,FileController.js,isFileWithinLast3Days,289,isFileWithinLast3DaysOUT
2025-03-03 12:40:34.960,INFO,FileController.js,isFileWithinLast3Days,271,isFileWithinLast3DaysIN
2025-03-03 12:40:34.960,INFO,FileController.js,isFileWithinLast3Days,289,isFileWithinLast3DaysOUT
2025-03-03 12:40:34.960,INFO,FileController.js,isFileWithinLast3Days,271,isFileWithinLast3DaysIN
2025-03-03 12:40:34.961,INFO,FileController.js,isFileWithinLast3Days,289,isFileWithinLast3DaysOUT
2025-03-03 12:40:34.961,INFO,FileController.js,isFileWithinLast3Days,271,isFileWithinLast3DaysIN
2025-03-03 12:40:34.961,INFO,FileController.js,isFileWithinLast3Days,289,isFileWithinLast3DaysOUT
2025-03-03 12:40:34.961,INFO,FileController.js,deleteFilesOlderThan3Days,380,deleteFilesOlderThan3DaysIN
2025-03-03 12:40:34.961,INFO,FileController.js,isFileWithinLast3Days,271,isFileWithinLast3DaysIN
2025-03-03 12:40:34.961,INFO,FileController.js,isFileWithinLast3Days,289,isFileWithinLast3DaysOUT
2025-03-03 12:40:34.961,INFO,FileController.js,deleteFilesOlderThan3Days,396,deleteFilesOlderThan3DaysOUT
2025-03-03 12:40:34.961,INFO,FileController.js,deleteFilesOlderThan3Days,380,deleteFilesOlderThan3DaysIN
2025-03-03 12:40:34.961,INFO,FileController.js,isFileWithinLast3Days,271,isFileWithinLast3DaysIN
2025-03-03 12:40:34.961,INFO,FileController.js,isFileWithinLast3Days,289,isFileWithinLast3DaysOUT
2025-03-03 12:40:34.961,INFO,FileController.js,deleteFilesOlderThan3Days,396,deleteFilesOlderThan3DaysOUT
2025-03-03 12:40:34.961,INFO,FileController.js,deleteFilesOlderThan3Days,380,deleteFilesOlderThan3DaysIN
2025-03-03 12:40:34.961,INFO,FileController.js,deleteFilesOlderThan3Days,396,deleteFilesOlderThan3DaysOUT
2025-03-03 12:40:34.961,INFO,FileController.js,deleteFilesOlderThan3Days,380,deleteFilesOlderThan3DaysIN
2025-03-03 12:40:34.961,INFO,FileController.js,deleteFilesOlderThan3Days,396,deleteFilesOlderThan3DaysOUT
2025-03-03 12:40:34.961,INFO,FileController.js,deleteFilesOlderThan3Days,380,deleteFilesOlderThan3DaysIN
2025-03-03 12:40:34.961,INFO,FileController.js,deleteFilesOlderThan3Days,396,deleteFilesOlderThan3DaysOUT
2025-03-03 12:40:34.961,INFO,FileController.js,deleteFilesOlderThan3Days,380,deleteFilesOlderThan3DaysIN
2025-03-03 12:40:34.961,INFO,FileController.js,deleteFilesOlderThan3Days,396,deleteFilesOlderThan3DaysOUT
2025-03-03 12:40:34.961,INFO,FileController.js,isFileWithinLast3Days,271,isFileWithinLast3DaysIN
2025-03-03 12:40:34.961,INFO,FileController.js,isFileWithinLast3Days,289,isFileWithinLast3DaysOUT
2025-03-03 12:40:34.961,INFO,FileController.js,isFileWithinLast3Days,271,isFileWithinLast3DaysIN
2025-03-03 12:40:34.961,INFO,FileController.js,isFileWithinLast3Days,289,isFileWithinLast3DaysOUT
2025-03-03 12:40:35.573,INFO,FileController.js,isFileWithinLast3Days,271,isFileWithinLast3DaysIN
2025-03-03 12:40:35.573,INFO,FileController.js,isFileWithinLast3Days,289,isFileWithinLast3DaysOUT
2025-03-03 12:40:35.574,INFO,FileController.js,isFileWithinLast3Days,271,isFileWithinLast3DaysIN
2025-03-03 12:40:35.574,INFO,FileController.js,isFileWithinLast3Days,289,isFileWithinLast3DaysOUT
2025-03-03 12:40:36.572,INFO,FileController.js,isFileWithinLast3Days,271,isFileWithinLast3DaysIN
2025-03-03 12:40:36.573,INFO,FileController.js,isFileWithinLast3Days,289,isFileWithinLast3DaysOUT
2025-03-03 12:40:36.573,INFO,FileController.js,isFileWithinLast3Days,271,isFileWithinLast3DaysIN
2025-03-03 12:40:36.573,INFO,FileController.js,isFileWithinLast3Days,289,isFileWithinLast3DaysOUT
2025-03-03 12:40:37.573,INFO,FileController.js,isFileWithinLast3Days,271,isFileWithinLast3DaysIN
2025-03-03 12:40:37.574,INFO,FileController.js,isFileWithinLast3Days,289,isFileWithinLast3DaysOUT
2025-03-03 12:40:37.574,INFO,FileController.js,isFileWithinLast3Days,271,isFileWithinLast3DaysIN
2025-03-03 12:40:37.574,INFO,FileController.js,isFileWithinLast3Days,289,isFileWithinLast3DaysOUT
2025-03-03 12:40:38.727,INFO,FileController.js,isFileWithinLast3Days,271,isFileWithinLast3DaysIN
2025-03-03 12:40:38.727,INFO,FileController.js,isFileWithinLast3Days,289,isFileWithinLast3DaysOUT
2025-03-03 12:40:38.728,INFO,FileController.js,isFileWithinLast3Days,271,isFileWithinLast3DaysIN
2025-03-03 12:40:38.728,INFO,FileController.js,isFileWithinLast3Days,289,isFileWithinLast3DaysOUT
2025-03-03 12:40:39.643,INFO,FileController.js,isFileWithinLast3Days,271,isFileWithinLast3DaysIN
2025-03-03 12:40:39.653,INFO,FileController.js,isFileWithinLast3Days,289,isFileWithinLast3DaysOUT
2025-03-03 12:40:39.654,INFO,FileController.js,isFileWithinLast3Days,271,isFileWithinLast3DaysIN
2025-03-03 12:40:39.656,INFO,FileController.js,isFileWithinLast3Days,289,isFileWithinLast3DaysOUT
2025-03-03 12:40:40.587,INFO,FileController.js,isFileWithinLast3Days,271,isFileWithinLast3DaysIN
2025-03-03 12:40:40.589,INFO,FileController.js,isFileWithinLast3Days,289,isFileWithinLast3DaysOUT
2025-03-03 12:40:40.589,INFO,FileController.js,isFileWithinLast3Days,271,isFileWithinLast3DaysIN
2025-03-03 12:40:40.590,INFO,FileController.js,isFileWithinLast3Days,289,isFileWithinLast3DaysOUT
2025-03-03 12:40:41.573,INFO,FileController.js,isFileWithinLast3Days,271,isFileWithinLast3DaysIN
2025-03-03 12:40:41.574,INFO,FileController.js,isFileWithinLast3Days,289,isFileWithinLast3DaysOUT
2025-03-03 12:40:41.574,INFO,FileController.js,isFileWithinLast3Days,271,isFileWithinLast3DaysIN
2025-03-03 12:40:41.574,INFO,FileController.js,isFileWithinLast3Days,289,isFileWithinLast3DaysOUT
2025-03-03 12:40:42.578,INFO,FileController.js,isFileWithinLast3Days,271,isFileWithinLast3DaysIN
2025-03-03 12:40:42.578,INFO,FileController.js,isFileWithinLast3Days,289,isFileWithinLast3DaysOUT
2025-03-03 12:40:42.579,INFO,FileController.js,isFileWithinLast3Days,271,isFileWithinLast3DaysIN
2025-03-03 12:40:42.579,INFO,FileController.js,isFileWithinLast3Days,289,isFileWithinLast3DaysOUT
2025-03-03 12:40:43.577,INFO,FileController.js,isFileWithinLast3Days,271,isFileWithinLast3DaysIN
2025-03-03 12:40:43.577,INFO,FileController.js,isFileWithinLast3Days,289,isFileWithinLast3DaysOUT
2025-03-03 12:40:43.577,INFO,FileController.js,isFileWithinLast3Days,271,isFileWithinLast3DaysIN
2025-03-03 12:40:43.577,INFO,FileController.js,isFileWithinLast3Days,289,isFileWithinLast3DaysOUT
2025-03-03 12:40:44.573,INFO,FileController.js,isFileWithinLast3Days,271,isFileWithinLast3DaysIN
2025-03-03 12:40:44.573,INFO,FileController.js,isFileWithinLast3Days,289,isFileWithinLast3DaysOUT
2025-03-03 12:40:44.574,INFO,FileController.js,isFileWithinLast3Days,271,isFileWithinLast3DaysIN
2025-03-03 12:40:44.574,INFO,FileController.js,isFileWithinLast3Days,289,isFileWithinLast3DaysOUT
2025-03-03 12:40:45.572,INFO,FileController.js,isFileWithinLast3Days,271,isFileWithinLast3DaysIN
2025-03-03 12:40:45.573,INFO,FileController.js,isFileWithinLast3Days,289,isFileWithinLast3DaysOUT
2025-03-03 12:40:45.573,INFO,FileController.js,isFileWithinLast3Days,271,isFileWithinLast3DaysIN
2025-03-03 12:40:45.573,INFO,FileController.js,isFileWithinLast3Days,289,isFileWithinLast3DaysOUT
2025-03-03 12:40:46.573,INFO,FileController.js,isFileWithinLast3Days,271,isFileWithinLast3DaysIN
2025-03-03 12:40:46.574,INFO,FileController.js,isFileWithinLast3Days,289,isFileWithinLast3DaysOUT
2025-03-03 12:40:46.575,INFO,FileController.js,isFileWithinLast3Days,271,isFileWithinLast3DaysIN
2025-03-03 12:40:46.575,INFO,FileController.js,isFileWithinLast3Days,289,isFileWithinLast3DaysOUT
2025-03-03 12:40:47.574,INFO,FileController.js,isFileWithinLast3Days,271,isFileWithinLast3DaysIN
2025-03-03 12:40:47.574,INFO,FileController.js,isFileWithinLast3Days,289,isFileWithinLast3DaysOUT
2025-03-03 12:40:47.575,INFO,FileController.js,isFileWithinLast3Days,271,isFileWithinLast3DaysIN
2025-03-03 12:40:47.575,INFO,FileController.js,isFileWithinLast3Days,289,isFileWithinLast3DaysOUT
2025-03-03 12:40:48.572,INFO,FileController.js,isFileWithinLast3Days,271,isFileWithinLast3DaysIN
2025-03-03 12:40:48.573,INFO,FileController.js,isFileWithinLast3Days,289,isFileWithinLast3DaysOUT
2025-03-03 12:40:48.573,INFO,FileController.js,isFileWithinLast3Days,271,isFileWithinLast3DaysIN
2025-03-03 12:40:48.573,INFO,FileController.js,isFileWithinLast3Days,289,isFileWithinLast3DaysOUT
2025-03-03 12:40:49.571,INFO,FileController.js,isFileWithinLast3Days,271,isFileWithinLast3DaysIN
2025-03-03 12:40:49.572,INFO,FileController.js,isFileWithinLast3Days,289,isFileWithinLast3DaysOUT
2025-03-03 12:40:49.572,INFO,FileController.js,isFileWithinLast3Days,271,isFileWithinLast3DaysIN
2025-03-03 12:40:49.572,INFO,FileController.js,isFileWithinLast3Days,289,isFileWithinLast3DaysOUT
2025-03-03 12:40:50.576,INFO,FileController.js,isFileWithinLast3Days,271,isFileWithinLast3DaysIN
2025-03-03 12:40:50.576,INFO,FileController.js,isFileWithinLast3Days,289,isFileWithinLast3DaysOUT
2025-03-03 12:40:50.577,INFO,FileController.js,isFileWithinLast3Days,271,isFileWithinLast3DaysIN
2025-03-03 12:40:50.577,INFO,FileController.js,isFileWithinLast3Days,289,isFileWithinLast3DaysOUT
2025-03-03 12:40:51.582,INFO,FileController.js,isFileWithinLast3Days,271,isFileWithinLast3DaysIN
2025-03-03 12:40:51.582,INFO,FileController.js,isFileWithinLast3Days,289,isFileWithinLast3DaysOUT
2025-03-03 12:40:51.582,INFO,FileController.js,isFileWithinLast3Days,271,isFileWithinLast3DaysIN
2025-03-03 12:40:51.582,INFO,FileController.js,isFileWithinLast3Days,289,isFileWithinLast3DaysOUT
2025-03-03 12:40:52.577,INFO,FileController.js,isFileWithinLast3Days,271,isFileWithinLast3DaysIN
2025-03-03 12:40:52.578,INFO,FileController.js,isFileWithinLast3Days,289,isFileWithinLast3DaysOUT
2025-03-03 12:40:52.578,INFO,FileController.js,isFileWithinLast3Days,271,isFileWithinLast3DaysIN
2025-03-03 12:40:52.578,INFO,FileController.js,isFileWithinLast3Days,289,isFileWithinLast3DaysOUT
2025-03-03 12:40:53.718,INFO,FileController.js,isFileWithinLast3Days,271,isFileWithinLast3DaysIN
2025-03-03 12:40:53.719,INFO,FileController.js,isFileWithinLast3Days,289,isFileWithinLast3DaysOUT
2025-03-03 12:40:53.720,INFO,FileController.js,isFileWithinLast3Days,271,isFileWithinLast3DaysIN
2025-03-03 12:40:53.720,INFO,FileController.js,isFileWithinLast3Days,289,isFileWithinLast3DaysOUT
2025-03-03 12:40:54.716,INFO,FileController.js,isFileWithinLast3Days,271,isFileWithinLast3DaysIN
2025-03-03 12:40:54.716,INFO,FileController.js,isFileWithinLast3Days,289,isFileWithinLast3DaysOUT
2025-03-03 12:40:54.716,INFO,FileController.js,isFileWithinLast3Days,271,isFileWithinLast3DaysIN
2025-03-03 12:40:54.716,INFO,FileController.js,isFileWithinLast3Days,289,isFileWithinLast3DaysOUT
2025-03-03 12:40:55.717,INFO,FileController.js,isFileWithinLast3Days,271,isFileWithinLast3DaysIN
2025-03-03 12:40:55.717,INFO,FileController.js,isFileWithinLast3Days,289,isFileWithinLast3DaysOUT
2025-03-03 12:40:55.718,INFO,FileController.js,isFileWithinLast3Days,271,isFileWithinLast3DaysIN
2025-03-03 12:40:55.718,INFO,FileController.js,isFileWithinLast3Days,289,isFileWithinLast3DaysOUT
2025-03-03 12:40:56.717,INFO,FileController.js,isFileWithinLast3Days,271,isFileWithinLast3DaysIN
2025-03-03 12:40:56.717,INFO,FileController.js,isFileWithinLast3Days,289,isFileWithinLast3DaysOUT
2025-03-03 12:40:56.717,INFO,FileController.js,isFileWithinLast3Days,271,isFileWithinLast3DaysIN
2025-03-03 12:40:56.717,INFO,FileController.js,isFileWithinLast3Days,289,isFileWithinLast3DaysOUT
2025-03-03 12:40:57.716,INFO,FileController.js,isFileWithinLast3Days,271,isFileWithinLast3DaysIN
2025-03-03 12:40:57.717,INFO,FileController.js,isFileWithinLast3Days,289,isFileWithinLast3DaysOUT
2025-03-03 12:40:57.718,INFO,FileController.js,isFileWithinLast3Days,271,isFileWithinLast3DaysIN
2025-03-03 12:40:57.718,INFO,FileController.js,isFileWithinLast3Days,289,isFileWithinLast3DaysOUT
2025-03-03 12:40:58.717,INFO,FileController.js,isFileWithinLast3Days,271,isFileWithinLast3DaysIN
2025-03-03 12:40:58.717,INFO,FileController.js,isFileWithinLast3Days,289,isFileWithinLast3DaysOUT
2025-03-03 12:40:58.718,INFO,FileController.js,isFileWithinLast3Days,271,isFileWithinLast3DaysIN
2025-03-03 12:40:58.718,INFO,FileController.js,isFileWithinLast3Days,289,isFileWithinLast3DaysOUT
2025-03-03 12:40:59.720,INFO,FileController.js,isFileWithinLast3Days,271,isFileWithinLast3DaysIN
2025-03-03 12:40:59.720,INFO,FileController.js,isFileWithinLast3Days,289,isFileWithinLast3DaysOUT
2025-03-03 12:40:59.721,INFO,FileController.js,isFileWithinLast3Days,271,isFileWithinLast3DaysIN
2025-03-03 12:40:59.721,INFO,FileController.js,isFileWithinLast3Days,289,isFileWithinLast3DaysOUT
2025-03-03 12:41:00.716,INFO,FileController.js,isFileWithinLast3Days,271,isFileWithinLast3DaysIN
2025-03-03 12:41:00.716,INFO,FileController.js,isFileWithinLast3Days,289,isFileWithinLast3DaysOUT
2025-03-03 12:41:00.717,INFO,FileController.js,isFileWithinLast3Days,271,isFileWithinLast3DaysIN
2025-03-03 12:41:00.717,INFO,FileController.js,isFileWithinLast3Days,289,isFileWithinLast3DaysOUT
2025-03-03 12:41:01.714,INFO,FileController.js,isFileWithinLast3Days,271,isFileWithinLast3DaysIN
2025-03-03 12:41:01.715,INFO,FileController.js,isFileWithinLast3Days,289,isFileWithinLast3DaysOUT
2025-03-03 12:41:01.715,INFO,FileController.js,isFileWithinLast3Days,271,isFileWithinLast3DaysIN
2025-03-03 12:41:01.715,INFO,FileController.js,isFileWithinLast3Days,289,isFileWithinLast3DaysOUT
2025-03-03 12:41:02.716,INFO,FileController.js,isFileWithinLast3Days,271,isFileWithinLast3DaysIN
2025-03-03 12:41:02.717,INFO,FileController.js,isFileWithinLast3Days,289,isFileWithinLast3DaysOUT
2025-03-03 12:41:02.717,INFO,FileController.js,isFileWithinLast3Days,271,isFileWithinLast3DaysIN
2025-03-03 12:41:02.718,INFO,FileController.js,isFileWithinLast3Days,289,isFileWithinLast3DaysOUT
2025-03-03 12:41:03.718,INFO,FileController.js,isFileWithinLast3Days,271,isFileWithinLast3DaysIN
2025-03-03 12:41:03.718,INFO,FileController.js,isFileWithinLast3Days,289,isFileWithinLast3DaysOUT
2025-03-03 12:41:03.719,INFO,FileController.js,isFileWithinLast3Days,271,isFileWithinLast3DaysIN
2025-03-03 12:41:03.719,INFO,FileController.js,isFileWithinLast3Days,289,isFileWithinLast3DaysOUT
2025-03-03 12:41:04.809,INFO,FileController.js,isFileWithinLast3Days,271,isFileWithinLast3DaysIN
2025-03-03 12:41:04.824,INFO,FileController.js,isFileWithinLast3Days,289,isFileWithinLast3DaysOUT
2025-03-03 12:41:04.826,INFO,FileController.js,isFileWithinLast3Days,271,isFileWithinLast3DaysIN
2025-03-03 12:41:04.826,INFO,FileController.js,isFileWithinLast3Days,289,isFileWithinLast3DaysOUT
2025-03-03 12:41:05.722,INFO,FileController.js,isFileWithinLast3Days,271,isFileWithinLast3DaysIN
2025-03-03 12:41:05.722,INFO,FileController.js,isFileWithinLast3Days,289,isFileWithinLast3DaysOUT
2025-03-03 12:41:05.723,INFO,FileController.js,isFileWithinLast3Days,271,isFileWithinLast3DaysIN
2025-03-03 12:41:05.723,INFO,FileController.js,isFileWithinLast3Days,289,isFileWithinLast3DaysOUT
2025-03-03 12:41:06.717,INFO,FileController.js,isFileWithinLast3Days,271,isFileWithinLast3DaysIN
2025-03-03 12:41:06.717,INFO,FileController.js,isFileWithinLast3Days,289,isFileWithinLast3DaysOUT
2025-03-03 12:41:06.717,INFO,FileController.js,isFileWithinLast3Days,271,isFileWithinLast3DaysIN
2025-03-03 12:41:06.717,INFO,FileController.js,isFileWithinLast3Days,289,isFileWithinLast3DaysOUT
2025-03-03 12:41:07.718,INFO,FileController.js,isFileWithinLast3Days,271,isFileWithinLast3DaysIN
2025-03-03 12:41:07.718,INFO,FileController.js,isFileWithinLast3Days,289,isFileWithinLast3DaysOUT
2025-03-03 12:41:07.719,INFO,FileController.js,isFileWithinLast3Days,271,isFileWithinLast3DaysIN
2025-03-03 12:41:07.719,INFO,FileController.js,isFileWithinLast3Days,289,isFileWithinLast3DaysOUT
2025-03-03 12:41:08.572,INFO,FileController.js,isFileWithinLast3Days,271,isFileWithinLast3DaysIN
2025-03-03 12:41:08.572,INFO,FileController.js,isFileWithinLast3Days,289,isFileWithinLast3DaysOUT
2025-03-03 12:41:08.572,INFO,FileController.js,isFileWithinLast3Days,271,isFileWithinLast3DaysIN
2025-03-03 12:41:08.573,INFO,FileController.js,isFileWithinLast3Days,289,isFileWithinLast3DaysOUT
2025-03-03 12:41:09.576,INFO,FileController.js,isFileWithinLast3Days,271,isFileWithinLast3DaysIN
2025-03-03 12:41:09.576,INFO,FileController.js,isFileWithinLast3Days,289,isFileWithinLast3DaysOUT
2025-03-03 12:41:09.576,INFO,FileController.js,isFileWithinLast3Days,271,isFileWithinLast3DaysIN
2025-03-03 12:41:09.576,INFO,FileController.js,isFileWithinLast3Days,289,isFileWithinLast3DaysOUT
2025-03-03 12:41:10.574,INFO,FileController.js,isFileWithinLast3Days,271,isFileWithinLast3DaysIN
2025-03-03 12:41:10.575,INFO,FileController.js,isFileWithinLast3Days,289,isFileWithinLast3DaysOUT
2025-03-03 12:41:10.575,INFO,FileController.js,isFileWithinLast3Days,271,isFileWithinLast3DaysIN
2025-03-03 12:41:10.575,INFO,FileController.js,isFileWithinLast3Days,289,isFileWithinLast3DaysOUT
2025-03-03 12:41:11.571,INFO,FileController.js,isFileWithinLast3Days,271,isFileWithinLast3DaysIN
2025-03-03 12:41:11.571,INFO,FileController.js,isFileWithinLast3Days,289,isFileWithinLast3DaysOUT
2025-03-03 12:41:11.572,INFO,FileController.js,isFileWithinLast3Days,271,isFileWithinLast3DaysIN
2025-03-03 12:41:11.572,INFO,FileController.js,isFileWithinLast3Days,289,isFileWithinLast3DaysOUT
2025-03-03 12:41:12.464,INFO,FileController.js,moveFileToRecycleBin,757,moveFileToRecycleBinIN
2025-03-03 12:41:12.473,INFO,FileController.js,moveFileToRecycleBin,777,moveFileToRecycleBinFile moved to Recycle Bin: annual-enterprise-survey-2023-financial-year-provisional.csv
2025-03-03 12:41:12.474,INFO,FileController.js,moveFileToRecycleBin,783,moveFileToRecycleBinOUT
2025-03-03 12:41:12.479,INFO,FileController.js,isFileWithinLast3Days,271,isFileWithinLast3DaysIN
2025-03-03 12:41:12.479,INFO,FileController.js,isFileWithinLast3Days,289,isFileWithinLast3DaysOUT
2025-03-03 12:41:12.479,INFO,FileController.js,isFileWithinLast3Days,271,isFileWithinLast3DaysIN
2025-03-03 12:41:12.479,INFO,FileController.js,isFileWithinLast3Days,289,isFileWithinLast3DaysOUT
2025-03-03 12:41:12.479,INFO,FileController.js,isFileWithinLast3Days,271,isFileWithinLast3DaysIN
2025-03-03 12:41:12.480,INFO,FileController.js,isFileWithinLast3Days,289,isFileWithinLast3DaysOUT
2025-03-03 12:41:12.480,INFO,FileController.js,isFileWithinLast3Days,271,isFileWithinLast3DaysIN
2025-03-03 12:41:12.480,INFO,FileController.js,isFileWithinLast3Days,289,isFileWithinLast3DaysOUT
2025-03-03 12:41:12.480,INFO,FileController.js,isFileWithinLast3Days,271,isFileWithinLast3DaysIN
2025-03-03 12:41:12.480,INFO,FileController.js,isFileWithinLast3Days,289,isFileWithinLast3DaysOUT
2025-03-03 12:41:12.480,INFO,FileController.js,isFileWithinLast3Days,271,isFileWithinLast3DaysIN
2025-03-03 12:41:12.480,INFO,FileController.js,isFileWithinLast3Days,289,isFileWithinLast3DaysOUT
2025-03-03 12:41:12.480,INFO,FileController.js,deleteFilesOlderThan3Days,380,deleteFilesOlderThan3DaysIN
2025-03-03 12:41:12.480,INFO,FileController.js,deleteFilesOlderThan3Days,396,deleteFilesOlderThan3DaysOUT
2025-03-03 12:41:12.481,INFO,FileController.js,deleteFilesOlderThan3Days,380,deleteFilesOlderThan3DaysIN
2025-03-03 12:41:12.481,INFO,FileController.js,isFileWithinLast3Days,271,isFileWithinLast3DaysIN
2025-03-03 12:41:12.481,INFO,FileController.js,isFileWithinLast3Days,289,isFileWithinLast3DaysOUT
2025-03-03 12:41:12.481,INFO,FileController.js,deleteFilesOlderThan3Days,396,deleteFilesOlderThan3DaysOUT
2025-03-03 12:41:12.481,INFO,FileController.js,deleteFilesOlderThan3Days,380,deleteFilesOlderThan3DaysIN
2025-03-03 12:41:12.481,INFO,FileController.js,deleteFilesOlderThan3Days,396,deleteFilesOlderThan3DaysOUT
2025-03-03 12:41:12.481,INFO,FileController.js,deleteFilesOlderThan3Days,380,deleteFilesOlderThan3DaysIN
2025-03-03 12:41:12.481,INFO,FileController.js,deleteFilesOlderThan3Days,396,deleteFilesOlderThan3DaysOUT
2025-03-03 12:41:12.481,INFO,FileController.js,deleteFilesOlderThan3Days,380,deleteFilesOlderThan3DaysIN
2025-03-03 12:41:12.482,INFO,FileController.js,deleteFilesOlderThan3Days,396,deleteFilesOlderThan3DaysOUT
2025-03-03 12:41:12.482,INFO,FileController.js,deleteFilesOlderThan3Days,380,deleteFilesOlderThan3DaysIN
2025-03-03 12:41:12.482,INFO,FileController.js,deleteFilesOlderThan3Days,396,deleteFilesOlderThan3DaysOUT
2025-03-03 12:41:12.482,INFO,FileController.js,isFileWithinLast3Days,271,isFileWithinLast3DaysIN
2025-03-03 12:41:12.482,INFO,FileController.js,isFileWithinLast3Days,289,isFileWithinLast3DaysOUT
2025-03-03 12:41:12.570,INFO,FileController.js,isFileWithinLast3Days,271,isFileWithinLast3DaysIN
2025-03-03 12:41:12.571,INFO,FileController.js,isFileWithinLast3Days,289,isFileWithinLast3DaysOUT
2025-03-03 12:41:13.572,INFO,FileController.js,isFileWithinLast3Days,271,isFileWithinLast3DaysIN
2025-03-03 12:41:13.572,INFO,FileController.js,isFileWithinLast3Days,289,isFileWithinLast3DaysOUT
2025-03-03 12:41:14.686,INFO,FileController.js,isFileWithinLast3Days,271,isFileWithinLast3DaysIN
2025-03-03 12:41:14.686,INFO,FileController.js,isFileWithinLast3Days,289,isFileWithinLast3DaysOUT
2025-03-03 12:41:15.718,INFO,FileController.js,isFileWithinLast3Days,271,isFileWithinLast3DaysIN
2025-03-03 12:41:15.718,INFO,FileController.js,isFileWithinLast3Days,289,isFileWithinLast3DaysOUT
2025-03-03 12:41:16.717,INFO,FileController.js,isFileWithinLast3Days,271,isFileWithinLast3DaysIN
2025-03-03 12:41:16.718,INFO,FileController.js,isFileWithinLast3Days,289,isFileWithinLast3DaysOUT
2025-03-03 12:41:17.716,INFO,FileController.js,isFileWithinLast3Days,271,isFileWithinLast3DaysIN
2025-03-03 12:41:17.717,INFO,FileController.js,isFileWithinLast3Days,289,isFileWithinLast3DaysOUT
2025-03-03 12:41:18.715,INFO,FileController.js,isFileWithinLast3Days,271,isFileWithinLast3DaysIN
2025-03-03 12:41:18.715,INFO,FileController.js,isFileWithinLast3Days,289,isFileWithinLast3DaysOUT
2025-03-03 12:41:19.715,INFO,FileController.js,isFileWithinLast3Days,271,isFileWithinLast3DaysIN
2025-03-03 12:41:19.716,INFO,FileController.js,isFileWithinLast3Days,289,isFileWithinLast3DaysOUT
2025-03-03 12:41:20.715,INFO,FileController.js,isFileWithinLast3Days,271,isFileWithinLast3DaysIN
2025-03-03 12:41:20.716,INFO,FileController.js,isFileWithinLast3Days,289,isFileWithinLast3DaysOUT
2025-03-03 12:41:21.715,INFO,FileController.js,isFileWithinLast3Days,271,isFileWithinLast3DaysIN
2025-03-03 12:41:21.716,INFO,FileController.js,isFileWithinLast3Days,289,isFileWithinLast3DaysOUT
2025-03-03 12:41:22.715,INFO,FileController.js,isFileWithinLast3Days,271,isFileWithinLast3DaysIN
2025-03-03 12:41:22.716,INFO,FileController.js,isFileWithinLast3Days,289,isFileWithinLast3DaysOUT
2025-03-03 12:41:23.717,INFO,FileController.js,isFileWithinLast3Days,271,isFileWithinLast3DaysIN
2025-03-03 12:41:23.718,INFO,FileController.js,isFileWithinLast3Days,289,isFileWithinLast3DaysOUT
2025-03-03 12:41:24.716,INFO,FileController.js,isFileWithinLast3Days,271,isFileWithinLast3DaysIN
2025-03-03 12:41:24.717,INFO,FileController.js,isFileWithinLast3Days,289,isFileWithinLast3DaysOUT
2025-03-03 12:41:25.717,INFO,FileController.js,isFileWithinLast3Days,271,isFileWithinLast3DaysIN
2025-03-03 12:41:25.718,INFO,FileController.js,isFileWithinLast3Days,289,isFileWithinLast3DaysOUT
2025-03-03 12:41:26.571,INFO,FileController.js,isFileWithinLast3Days,271,isFileWithinLast3DaysIN
2025-03-03 12:41:26.571,INFO,FileController.js,isFileWithinLast3Days,289,isFileWithinLast3DaysOUT
2025-03-03 12:41:27.573,INFO,FileController.js,isFileWithinLast3Days,271,isFileWithinLast3DaysIN
2025-03-03 12:41:27.574,INFO,FileController.js,isFileWithinLast3Days,289,isFileWithinLast3DaysOUT
2025-03-03 12:41:28.618,INFO,FileController.js,isFileWithinLast3Days,271,isFileWithinLast3DaysIN
2025-03-03 12:41:28.619,INFO,FileController.js,isFileWithinLast3Days,289,isFileWithinLast3DaysOUT
2025-03-03 12:41:29.571,INFO,FileController.js,isFileWithinLast3Days,271,isFileWithinLast3DaysIN
2025-03-03 12:41:29.571,INFO,FileController.js,isFileWithinLast3Days,289,isFileWithinLast3DaysOUT
2025-03-03 12:41:30.572,INFO,FileController.js,isFileWithinLast3Days,271,isFileWithinLast3DaysIN
2025-03-03 12:41:30.572,INFO,FileController.js,isFileWithinLast3Days,289,isFileWithinLast3DaysOUT
2025-03-03 12:41:31.572,INFO,FileController.js,isFileWithinLast3Days,271,isFileWithinLast3DaysIN
2025-03-03 12:41:31.572,INFO,FileController.js,isFileWithinLast3Days,289,isFileWithinLast3DaysOUT
2025-03-03 12:41:32.571,INFO,FileController.js,isFileWithinLast3Days,271,isFileWithinLast3DaysIN
2025-03-03 12:41:32.571,INFO,FileController.js,isFileWithinLast3Days,289,isFileWithinLast3DaysOUT
2025-03-03 12:41:33.720,INFO,FileController.js,isFileWithinLast3Days,271,isFileWithinLast3DaysIN
2025-03-03 12:41:33.724,INFO,FileController.js,isFileWithinLast3Days,289,isFileWithinLast3DaysOUT
2025-03-03 12:41:34.583,INFO,FileController.js,isFileWithinLast3Days,271,isFileWithinLast3DaysIN
2025-03-03 12:41:34.585,INFO,FileController.js,isFileWithinLast3Days,289,isFileWithinLast3DaysOUT
2025-03-03 12:41:35.582,INFO,FileController.js,isFileWithinLast3Days,271,isFileWithinLast3DaysIN
2025-03-03 12:41:35.583,INFO,FileController.js,isFileWithinLast3Days,289,isFileWithinLast3DaysOUT
2025-03-03 12:41:36.572,INFO,FileController.js,isFileWithinLast3Days,271,isFileWithinLast3DaysIN
2025-03-03 12:41:36.572,INFO,FileController.js,isFileWithinLast3Days,289,isFileWithinLast3DaysOUT
2025-03-03 12:41:37.570,INFO,FileController.js,isFileWithinLast3Days,271,isFileWithinLast3DaysIN
2025-03-03 12:41:37.571,INFO,FileController.js,isFileWithinLast3Days,289,isFileWithinLast3DaysOUT
2025-03-03 12:41:38.570,INFO,FileController.js,isFileWithinLast3Days,271,isFileWithinLast3DaysIN
2025-03-03 12:41:38.570,INFO,FileController.js,isFileWithinLast3Days,289,isFileWithinLast3DaysOUT
2025-03-03 12:41:39.571,INFO,FileController.js,isFileWithinLast3Days,271,isFileWithinLast3DaysIN
2025-03-03 12:41:39.572,INFO,FileController.js,isFileWithinLast3Days,289,isFileWithinLast3DaysOUT
2025-03-03 12:41:41.083,INFO,FileController.js,isFileWithinLast3Days,271,isFileWithinLast3DaysIN
2025-03-03 12:41:41.087,INFO,FileController.js,isFileWithinLast3Days,289,isFileWithinLast3DaysOUT
2025-03-03 12:41:41.585,INFO,FileController.js,isFileWithinLast3Days,271,isFileWithinLast3DaysIN
2025-03-03 12:41:41.589,INFO,FileController.js,isFileWithinLast3Days,289,isFileWithinLast3DaysOUT
2025-03-03 12:41:42.572,INFO,FileController.js,isFileWithinLast3Days,271,isFileWithinLast3DaysIN
2025-03-03 12:41:42.572,INFO,FileController.js,isFileWithinLast3Days,289,isFileWithinLast3DaysOUT
2025-03-03 12:41:43.577,INFO,FileController.js,isFileWithinLast3Days,271,isFileWithinLast3DaysIN
2025-03-03 12:41:43.577,INFO,FileController.js,isFileWithinLast3Days,289,isFileWithinLast3DaysOUT
2025-03-03 12:41:44.571,INFO,FileController.js,isFileWithinLast3Days,271,isFileWithinLast3DaysIN
2025-03-03 12:41:44.571,INFO,FileController.js,isFileWithinLast3Days,289,isFileWithinLast3DaysOUT
2025-03-03 12:41:45.572,INFO,FileController.js,isFileWithinLast3Days,271,isFileWithinLast3DaysIN
2025-03-03 12:41:45.572,INFO,FileController.js,isFileWithinLast3Days,289,isFileWithinLast3DaysOUT
2025-03-03 12:41:46.578,INFO,FileController.js,isFileWithinLast3Days,271,isFileWithinLast3DaysIN
2025-03-03 12:41:46.578,INFO,FileController.js,isFileWithinLast3Days,289,isFileWithinLast3DaysOUT
2025-03-03 12:41:47.571,INFO,FileController.js,isFileWithinLast3Days,271,isFileWithinLast3DaysIN
2025-03-03 12:41:47.572,INFO,FileController.js,isFileWithinLast3Days,289,isFileWithinLast3DaysOUT
2025-03-03 12:41:48.570,INFO,FileController.js,isFileWithinLast3Days,271,isFileWithinLast3DaysIN
2025-03-03 12:41:48.571,INFO,FileController.js,isFileWithinLast3Days,289,isFileWithinLast3DaysOUT
2025-03-03 12:41:49.570,INFO,FileController.js,isFileWithinLast3Days,271,isFileWithinLast3DaysIN
2025-03-03 12:41:49.570,INFO,FileController.js,isFileWithinLast3Days,289,isFileWithinLast3DaysOUT
2025-03-03 12:41:50.571,INFO,FileController.js,isFileWithinLast3Days,271,isFileWithinLast3DaysIN
2025-03-03 12:41:50.572,INFO,FileController.js,isFileWithinLast3Days,289,isFileWithinLast3DaysOUT
2025-03-03 12:41:51.570,INFO,FileController.js,isFileWithinLast3Days,271,isFileWithinLast3DaysIN
2025-03-03 12:41:51.570,INFO,FileController.js,isFileWithinLast3Days,289,isFileWithinLast3DaysOUT
2025-03-03 12:41:52.573,INFO,FileController.js,isFileWithinLast3Days,271,isFileWithinLast3DaysIN
2025-03-03 12:41:52.574,INFO,FileController.js,isFileWithinLast3Days,289,isFileWithinLast3DaysOUT
2025-03-03 12:43:36.488,INFO,FileController.js,emit,112,emitUnsupported file: .DS_Store
